<?xml version="1.0" encoding="UTF-8"?>
<coverage generated="1627908919688" clover="3.2.0">
  <project timestamp="1627908919688" name="All files">
    <metrics statements="2384" coveredstatements="1163" conditionals="2196" coveredconditionals="831" methods="269" coveredmethods="112" elements="4849" coveredelements="2106" complexity="0" loc="2384" ncloc="2384" packages="1" files="15" classes="15"/>
    <file name="annotation.ts" path="C:\Users\Sampsa\Development\chess\chess-ts\src\annotation.ts">
      <metrics statements="46" coveredstatements="12" conditionals="22" coveredconditionals="3" methods="2" coveredmethods="2"/>
      <line num="9" count="2" type="stmt"/>
      <line num="10" count="2" type="stmt"/>
      <line num="11" count="2" type="stmt"/>
      <line num="12" count="2" type="stmt"/>
      <line num="15" count="2" type="cond" truecount="1" falsecount="1"/>
      <line num="16" count="0" type="stmt"/>
      <line num="17" count="0" type="stmt"/>
      <line num="18" count="0" type="stmt"/>
      <line num="20" count="2" type="stmt"/>
      <line num="22" count="2" type="cond" truecount="1" falsecount="1"/>
      <line num="24" count="2" type="stmt"/>
      <line num="25" count="2" type="stmt"/>
      <line num="32" count="0" type="cond" truecount="0" falsecount="2"/>
      <line num="33" count="0" type="cond" truecount="0" falsecount="2"/>
      <line num="34" count="0" type="stmt"/>
      <line num="35" count="0" type="stmt"/>
      <line num="40" count="0" type="stmt"/>
      <line num="46" count="0" type="stmt"/>
      <line num="47" count="0" type="stmt"/>
      <line num="48" count="0" type="stmt"/>
      <line num="49" count="0" type="stmt"/>
      <line num="50" count="0" type="stmt"/>
      <line num="51" count="0" type="cond" truecount="0" falsecount="2"/>
      <line num="52" count="0" type="stmt"/>
      <line num="53" count="0" type="stmt"/>
      <line num="54" count="0" type="cond" truecount="0" falsecount="2"/>
      <line num="56" count="0" type="stmt"/>
      <line num="57" count="0" type="stmt"/>
      <line num="59" count="0" type="cond" truecount="0" falsecount="4"/>
      <line num="60" count="0" type="stmt"/>
      <line num="63" count="0" type="stmt"/>
      <line num="65" count="0" type="stmt"/>
      <line num="66" count="0" type="stmt"/>
      <line num="67" count="0" type="stmt"/>
      <line num="74" count="0" type="stmt"/>
      <line num="76" count="0" type="cond" truecount="0" falsecount="2"/>
      <line num="77" count="0" type="stmt"/>
      <line num="78" count="0" type="stmt"/>
      <line num="84" count="0" type="stmt"/>
      <line num="88" count="0" type="cond" truecount="0" falsecount="2"/>
      <line num="89" count="0" type="stmt"/>
      <line num="96" count="0" type="stmt"/>
      <line num="100" count="1" type="cond" truecount="1" falsecount="1"/>
      <line num="101" count="0" type="stmt"/>
      <line num="103" count="1" type="stmt"/>
      <line num="108" count="1" type="stmt"/>
    </file>
    <file name="board.ts" path="C:\Users\Sampsa\Development\chess\chess-ts\src\board.ts">
      <metrics statements="781" coveredstatements="527" conditionals="876" coveredconditionals="478" methods="52" coveredmethods="39"/>
      <line num="2" count="1" type="stmt"/>
      <line num="3" count="1" type="stmt"/>
      <line num="4" count="1" type="stmt"/>
      <line num="5" count="1" type="stmt"/>
      <line num="6" count="1" type="stmt"/>
      <line num="7" count="1" type="stmt"/>
      <line num="8" count="1" type="stmt"/>
      <line num="9" count="1" type="stmt"/>
      <line num="10" count="1" type="stmt"/>
      <line num="36" count="3" type="stmt"/>
      <line num="43" count="3" type="stmt"/>
      <line num="44" count="3" type="stmt"/>
      <line num="45" count="3" type="stmt"/>
      <line num="46" count="3" type="stmt"/>
      <line num="47" count="3" type="stmt"/>
      <line num="48" count="3" type="stmt"/>
      <line num="49" count="3" type="stmt"/>
      <line num="50" count="3" type="stmt"/>
      <line num="51" count="3" type="stmt"/>
      <line num="53" count="384" type="stmt"/>
      <line num="55" count="3" type="stmt"/>
      <line num="60" count="3" type="stmt"/>
      <line num="64" count="3" type="stmt"/>
      <line num="65" count="3" type="stmt"/>
      <line num="66" count="3" type="stmt"/>
      <line num="67" count="3" type="stmt"/>
      <line num="68" count="3" type="stmt"/>
      <line num="70" count="3" type="stmt"/>
      <line num="78" count="2" type="stmt"/>
      <line num="79" count="2" type="stmt"/>
      <line num="80" count="2" type="stmt"/>
      <line num="81" count="2" type="stmt"/>
      <line num="82" count="2" type="stmt"/>
      <line num="83" count="2" type="stmt"/>
      <line num="84" count="2" type="stmt"/>
      <line num="85" count="2" type="stmt"/>
      <line num="86" count="2" type="stmt"/>
      <line num="87" count="2" type="stmt"/>
      <line num="88" count="2" type="stmt"/>
      <line num="89" count="2" type="stmt"/>
      <line num="93" count="2" type="stmt"/>
      <line num="97" count="2" type="stmt"/>
      <line num="98" count="2" type="stmt"/>
      <line num="99" count="2" type="stmt"/>
      <line num="100" count="2" type="stmt"/>
      <line num="101" count="2" type="stmt"/>
      <line num="106" count="2" type="stmt"/>
      <line num="107" count="2" type="stmt"/>
      <line num="117" count="2" type="stmt"/>
      <line num="118" count="2" type="stmt"/>
      <line num="119" count="2" type="cond" truecount="1" falsecount="1"/>
      <line num="120" count="2" type="stmt"/>
      <line num="122" count="2" type="stmt"/>
      <line num="123" count="2" type="stmt"/>
      <line num="124" count="2" type="stmt"/>
      <line num="126" count="2" type="stmt"/>
      <line num="127" count="2" type="stmt"/>
      <line num="128" count="2" type="stmt"/>
      <line num="129" count="2" type="stmt"/>
      <line num="138" count="3" type="stmt"/>
      <line num="139" count="3" type="cond" truecount="1" falsecount="1"/>
      <line num="140" count="3" type="stmt"/>
      <line num="142" count="0" type="stmt"/>
      <line num="152" count="3" type="stmt"/>
      <line num="153" count="3" type="stmt"/>
      <line num="154" count="3" type="cond" truecount="1" falsecount="1"/>
      <line num="155" count="0" type="stmt"/>
      <line num="156" count="0" type="stmt"/>
      <line num="158" count="3" type="stmt"/>
      <line num="159" count="3" type="stmt"/>
      <line num="160" count="3" type="stmt"/>
      <line num="162" count="3" type="stmt"/>
      <line num="163" count="135" type="stmt"/>
      <line num="164" count="135" type="cond" truecount="2" falsecount="0"/>
      <line num="165" count="21" type="stmt"/>
      <line num="166" count="114" type="cond" truecount="2" falsecount="0"/>
      <line num="167" count="18" type="stmt"/>
      <line num="169" count="96" type="stmt"/>
      <line num="170" count="96" type="stmt"/>
      <line num="173" count="3" type="stmt"/>
      <line num="174" count="3" type="stmt"/>
      <line num="175" count="3" type="stmt"/>
      <line num="177" count="3" type="cond" truecount="1" falsecount="1"/>
      <line num="178" count="3" type="stmt"/>
      <line num="180" count="3" type="cond" truecount="1" falsecount="1"/>
      <line num="181" count="3" type="stmt"/>
      <line num="183" count="3" type="cond" truecount="1" falsecount="1"/>
      <line num="184" count="3" type="stmt"/>
      <line num="186" count="3" type="cond" truecount="1" falsecount="1"/>
      <line num="187" count="3" type="stmt"/>
      <line num="189" count="3" type="cond" truecount="1" falsecount="1"/>
      <line num="191" count="3" type="stmt"/>
      <line num="192" count="3" type="stmt"/>
      <line num="193" count="3" type="cond" truecount="2" falsecount="0"/>
      <line num="194" count="3" type="stmt"/>
      <line num="195" count="3" type="stmt"/>
      <line num="206" count="98" type="cond" truecount="1" falsecount="1"/>
      <line num="207" count="98" type="cond" truecount="1" falsecount="1"/>
      <line num="208" count="0" type="stmt"/>
      <line num="209" count="0" type="stmt"/>
      <line num="211" count="98" type="stmt"/>
      <line num="213" count="0" type="cond" truecount="0" falsecount="2"/>
      <line num="214" count="0" type="stmt"/>
      <line num="215" count="0" type="stmt"/>
      <line num="217" count="0" type="stmt"/>
      <line num="227" count="96" type="cond" truecount="3" falsecount="1"/>
      <line num="228" count="0" type="stmt"/>
      <line num="229" count="0" type="stmt"/>
      <line num="232" count="96" type="cond" truecount="3" falsecount="1"/>
      <line num="233" count="0" type="stmt"/>
      <line num="234" count="0" type="stmt"/>
      <line num="237" count="96" type="stmt"/>
      <line num="239" count="96" type="stmt"/>
      <line num="240" count="96" type="cond" truecount="2" falsecount="0"/>
      <line num="241" count="6" type="stmt"/>
      <line num="243" count="96" type="stmt"/>
      <line num="252" count="2" type="cond" truecount="1" falsecount="1"/>
      <line num="253" count="0" type="stmt"/>
      <line num="254" count="0" type="stmt"/>
      <line num="256" count="2" type="stmt"/>
      <line num="257" count="2" type="cond" truecount="1" falsecount="1"/>
      <line num="258" count="0" type="stmt"/>
      <line num="259" count="2" type="cond" truecount="1" falsecount="1"/>
      <line num="260" count="0" type="stmt"/>
      <line num="263" count="2" type="stmt"/>
      <line num="264" count="2" type="stmt"/>
      <line num="271" count="0" type="stmt"/>
      <line num="272" count="0" type="stmt"/>
      <line num="273" count="0" type="cond" truecount="0" falsecount="12"/>
      <line num="274" count="0" type="cond" truecount="0" falsecount="4"/>
      <line num="278" count="0" type="stmt"/>
      <line num="279" count="0" type="cond" truecount="0" falsecount="2"/>
      <line num="280" count="0" type="stmt"/>
      <line num="281" count="0" type="cond" truecount="0" falsecount="2"/>
      <line num="282" count="0" type="stmt"/>
      <line num="283" count="0" type="cond" truecount="0" falsecount="4"/>
      <line num="284" count="0" type="stmt"/>
      <line num="285" count="0" type="cond" truecount="0" falsecount="5"/>
      <line num="286" count="0" type="stmt"/>
      <line num="287" count="0" type="cond" truecount="0" falsecount="4"/>
      <line num="288" count="0" type="stmt"/>
      <line num="290" count="0" type="stmt"/>
      <line num="293" count="0" type="stmt"/>
      <line num="301" count="330" type="stmt"/>
      <line num="309" count="23113" type="stmt"/>
      <line num="316" count="2050" type="cond" truecount="1" falsecount="1"/>
      <line num="317" count="0" type="stmt"/>
      <line num="319" count="2050" type="stmt"/>
      <line num="326" count="119962" type="stmt"/>
      <line num="327" count="119962" type="stmt"/>
      <line num="328" count="119962" type="stmt"/>
      <line num="330" count="119962" type="stmt"/>
      <line num="331" count="7677568" type="cond" truecount="2" falsecount="0"/>
      <line num="332" count="4542446" type="stmt"/>
      <line num="334" count="3135122" type="cond" truecount="2" falsecount="0"/>
      <line num="336" count="1361853" type="stmt"/>
      <line num="337" count="1361853" type="stmt"/>
      <line num="339" count="3135122" type="stmt"/>
      <line num="341" count="7677568" type="cond" truecount="2" falsecount="0"/>
      <line num="343" count="959696" type="cond" truecount="2" falsecount="0"/>
      <line num="344" count="649638" type="stmt"/>
      <line num="347" count="959696" type="cond" truecount="2" falsecount="0"/>
      <line num="348" count="839734" type="stmt"/>
      <line num="350" count="959696" type="stmt"/>
      <line num="351" count="959696" type="stmt"/>
      <line num="355" count="119962" type="cond" truecount="2" falsecount="0"/>
      <line num="356" count="54259" type="stmt"/>
      <line num="358" count="65703" type="stmt"/>
      <line num="361" count="65703" type="stmt"/>
      <line num="362" count="65703" type="cond" truecount="2" falsecount="0"/>
      <line num="363" count="65703" type="cond" truecount="2" falsecount="0"/>
      <line num="364" count="65703" type="cond" truecount="2" falsecount="0"/>
      <line num="365" count="65703" type="cond" truecount="2" falsecount="0"/>
      <line num="367" count="65703" type="cond" truecount="2" falsecount="0"/>
      <line num="369" count="65703" type="cond" truecount="2" falsecount="0"/>
      <line num="371" count="65703" type="stmt"/>
      <line num="372" count="65703" type="stmt"/>
      <line num="388" count="12" type="stmt"/>
      <line num="389" count="12" type="stmt"/>
      <line num="394" count="12" type="stmt"/>
      <line num="395" count="12" type="stmt"/>
      <line num="396" count="458" type="stmt"/>
      <line num="398" count="458" type="cond" truecount="6" falsecount="5"/>
      <line num="403" count="0" type="stmt"/>
      <line num="406" count="458" type="cond" truecount="1" falsecount="1"/>
      <line num="408" count="0" type="cond" truecount="0" falsecount="2"/>
      <line num="409" count="0" type="cond" truecount="0" falsecount="6"/>
      <line num="410" count="0" type="cond" truecount="0" falsecount="2"/>
      <line num="412" count="0" type="cond" truecount="0" falsecount="6"/>
      <line num="415" count="458" type="cond" truecount="1" falsecount="1"/>
      <line num="416" count="0" type="cond" truecount="0" falsecount="2"/>
      <line num="417" count="0" type="cond" truecount="0" falsecount="2"/>
      <line num="418" count="0" type="cond" truecount="0" falsecount="11"/>
      <line num="419" count="0" type="cond" truecount="0" falsecount="2"/>
      <line num="420" count="0" type="cond" truecount="0" falsecount="2"/>
      <line num="422" count="458" type="cond" truecount="1" falsecount="1"/>
      <line num="423" count="0" type="cond" truecount="0" falsecount="2"/>
      <line num="424" count="0" type="cond" truecount="0" falsecount="2"/>
      <line num="425" count="0" type="cond" truecount="0" falsecount="2"/>
      <line num="427" count="0" type="cond" truecount="0" falsecount="2"/>
      <line num="429" count="458" type="cond" truecount="1" falsecount="1"/>
      <line num="430" count="458" type="cond" truecount="1" falsecount="1"/>
      <line num="431" count="0" type="cond" truecount="0" falsecount="2"/>
      <line num="432" count="0" type="cond" truecount="0" falsecount="2"/>
      <line num="434" count="458" type="cond" truecount="1" falsecount="1"/>
      <line num="436" count="0" type="cond" truecount="0" falsecount="2"/>
      <line num="437" count="0" type="cond" truecount="0" falsecount="2"/>
      <line num="438" count="0" type="cond" truecount="0" falsecount="11"/>
      <line num="439" count="0" type="cond" truecount="0" falsecount="2"/>
      <line num="441" count="0" type="cond" truecount="0" falsecount="11"/>
      <line num="446" count="458" type="cond" truecount="2" falsecount="0"/>
      <line num="447" count="319" type="stmt"/>
      <line num="448" count="139" type="cond" truecount="5" falsecount="1"/>
      <line num="449" count="137" type="stmt"/>
      <line num="451" count="2" type="stmt"/>
      <line num="454" count="12" type="stmt"/>
      <line num="461" count="5032" type="stmt"/>
      <line num="469" count="5032" type="cond" truecount="6" falsecount="1"/>
      <line num="473" count="4076" type="cond" truecount="1" falsecount="1"/>
      <line num="474" count="0" type="stmt"/>
      <line num="477" count="4076" type="stmt"/>
      <line num="478" count="4076" type="stmt"/>
      <line num="479" count="297789" type="cond" truecount="2" falsecount="0"/>
      <line num="480" count="130562" type="stmt"/>
      <line num="482" count="4076" type="stmt"/>
      <line num="485" count="956" type="stmt"/>
      <line num="486" count="956" type="stmt"/>
      <line num="487" count="956" type="cond" truecount="2" falsecount="0"/>
      <line num="489" count="956" type="cond" truecount="0" falsecount="1"/>
      <line num="493" count="65520" type="cond" truecount="3" falsecount="1"/>
      <line num="494" count="65520" type="stmt"/>
      <line num="504" count="65520" type="cond" truecount="4" falsecount="1"/>
      <line num="507" count="0" type="cond" truecount="0" falsecount="2"/>
      <line num="509" count="0" type="stmt"/>
      <line num="510" count="0" type="stmt"/>
      <line num="511" count="0" type="stmt"/>
      <line num="512" count="0" type="cond" truecount="0" falsecount="2"/>
      <line num="513" count="0" type="stmt"/>
      <line num="515" count="0" type="stmt"/>
      <line num="519" count="65520" type="stmt"/>
      <line num="520" count="65520" type="cond" truecount="1" falsecount="1"/>
      <line num="521" count="65520" type="stmt"/>
      <line num="523" count="0" type="stmt"/>
      <line num="528" count="956" type="stmt"/>
      <line num="533" count="956" type="stmt"/>
      <line num="534" count="956" type="stmt"/>
      <line num="535" count="956" type="cond" truecount="1" falsecount="1"/>
      <line num="537" count="0" type="cond" truecount="0" falsecount="2"/>
      <line num="538" count="0" type="stmt"/>
      <line num="540" count="0" type="stmt"/>
      <line num="544" count="956" type="stmt"/>
      <line num="549" count="67876" type="cond" truecount="2" falsecount="0"/>
      <line num="551" count="6692" type="stmt"/>
      <line num="552" count="6692" type="stmt"/>
      <line num="554" count="61184" type="stmt"/>
      <line num="556" count="61184" type="cond" truecount="4" falsecount="0"/>
      <line num="557" count="50329" type="stmt"/>
      <line num="561" count="10855" type="cond" truecount="2" falsecount="0"/>
      <line num="563" count="5351" type="stmt"/>
      <line num="564" count="5351" type="cond" truecount="2" falsecount="0"/>
      <line num="565" count="3907" type="stmt"/>
      <line num="567" count="3907" type="stmt"/>
      <line num="569" count="3907" type="cond" truecount="2" falsecount="0"/>
      <line num="570" count="2505" type="cond" truecount="2" falsecount="0"/>
      <line num="571" count="2210" type="stmt"/>
      <line num="573" count="295" type="stmt"/>
      <line num="578" count="1444" type="stmt"/>
      <line num="579" count="1444" type="cond" truecount="2" falsecount="0"/>
      <line num="580" count="631" type="stmt"/>
      <line num="584" count="5351" type="stmt"/>
      <line num="585" count="10702" type="stmt"/>
      <line num="586" count="10702" type="cond" truecount="2" falsecount="0"/>
      <line num="587" count="1296" type="stmt"/>
      <line num="588" count="9406" type="cond" truecount="4" falsecount="0"/>
      <line num="589" count="255" type="stmt"/>
      <line num="590" count="9151" type="cond" truecount="2" falsecount="0"/>
      <line num="591" count="2" type="stmt"/>
      <line num="596" count="5504" type="stmt"/>
      <line num="597" count="33900" type="stmt"/>
      <line num="598" count="33900" type="stmt"/>
      <line num="599" count="33900" type="stmt"/>
      <line num="600" count="33900" type="stmt"/>
      <line num="602" count="56240" type="cond" truecount="2" falsecount="0"/>
      <line num="604" count="21927" type="stmt"/>
      <line num="605" count="21927" type="stmt"/>
      <line num="606" count="21927" type="stmt"/>
      <line num="608" count="34313" type="cond" truecount="2" falsecount="0"/>
      <line num="609" count="20700" type="stmt"/>
      <line num="611" count="13613" type="cond" truecount="2" falsecount="0"/>
      <line num="612" count="2615" type="stmt"/>
      <line num="614" count="10998" type="stmt"/>
      <line num="616" count="13613" type="stmt"/>
      <line num="619" count="34313" type="cond" truecount="4" falsecount="0"/>
      <line num="620" count="13961" type="stmt"/>
      <line num="623" count="20352" type="stmt"/>
      <line num="630" count="10855" type="cond" truecount="2" falsecount="0"/>
      <line num="632" count="956" type="stmt"/>
      <line num="633" count="956" type="cond" truecount="2" falsecount="0"/>
      <line num="634" count="268" type="stmt"/>
      <line num="635" count="268" type="cond" truecount="7" falsecount="0"/>
      <line num="641" count="28" type="stmt"/>
      <line num="643" count="240" type="stmt"/>
      <line num="646" count="956" type="cond" truecount="2" falsecount="0"/>
      <line num="647" count="268" type="stmt"/>
      <line num="648" count="268" type="cond" truecount="3" falsecount="5"/>
      <line num="655" count="0" type="stmt"/>
      <line num="657" count="268" type="stmt"/>
      <line num="663" count="956" type="stmt"/>
      <line num="665" count="956" type="cond" truecount="1" falsecount="1"/>
      <line num="668" count="956" type="stmt"/>
      <line num="670" count="65520" type="stmt"/>
      <line num="671" count="65520" type="cond" truecount="1" falsecount="1"/>
      <line num="673" count="0" type="stmt"/>
      <line num="676" count="65520" type="cond" truecount="2" falsecount="0"/>
      <line num="678" count="38081" type="cond" truecount="2" falsecount="0"/>
      <line num="679" count="37559" type="cond" truecount="3" falsecount="1"/>
      <line num="681" count="522" type="cond" truecount="3" falsecount="1"/>
      <line num="685" count="38081" type="cond" truecount="4" falsecount="0"/>
      <line num="686" count="3" type="stmt"/>
      <line num="688" count="38081" type="stmt"/>
      <line num="689" count="38081" type="stmt"/>
      <line num="690" count="27439" type="cond" truecount="2" falsecount="0"/>
      <line num="691" count="585" type="cond" truecount="3" falsecount="1"/>
      <line num="692" count="585" type="cond" truecount="2" falsecount="0"/>
      <line num="693" count="2" type="cond" truecount="3" falsecount="1"/>
      <line num="697" count="27439" type="cond" truecount="4" falsecount="0"/>
      <line num="698" count="184" type="stmt"/>
      <line num="701" count="27439" type="cond" truecount="5" falsecount="1"/>
      <line num="702" count="14867" type="stmt"/>
      <line num="703" count="14867" type="stmt"/>
      <line num="706" count="12572" type="cond" truecount="4" falsecount="0"/>
      <line num="707" count="5082" type="stmt"/>
      <line num="710" count="12572" type="stmt"/>
      <line num="711" count="12572" type="stmt"/>
      <line num="717" count="956" type="cond" truecount="1" falsecount="1"/>
      <line num="728" count="956" type="cond" truecount="2" falsecount="0"/>
      <line num="729" count="956" type="cond" truecount="2" falsecount="0"/>
      <line num="730" count="956" type="stmt"/>
      <line num="732" count="956" type="cond" truecount="2" falsecount="0"/>
      <line num="733" count="954" type="stmt"/>
      <line num="735" count="2" type="stmt"/>
      <line num="746" count="182" type="cond" truecount="2" falsecount="0"/>
      <line num="748" count="180" type="stmt"/>
      <line num="751" count="2" type="cond" truecount="3" falsecount="1"/>
      <line num="752" count="0" type="stmt"/>
      <line num="755" count="2" type="stmt"/>
      <line num="756" count="2" type="stmt"/>
      <line num="757" count="0" type="cond" truecount="0" falsecount="4"/>
      <line num="758" count="0" type="stmt"/>
      <line num="762" count="2" type="stmt"/>
      <line num="763" count="2" type="stmt"/>
      <line num="764" count="0" type="cond" truecount="0" falsecount="5"/>
      <line num="768" count="0" type="stmt"/>
      <line num="772" count="2" type="stmt"/>
      <line num="780" count="65703" type="stmt"/>
      <line num="782" count="65703" type="cond" truecount="2" falsecount="0"/>
      <line num="784" count="13" type="cond" truecount="2" falsecount="0"/>
      <line num="786" count="1" type="stmt"/>
      <line num="787" count="1" type="cond" truecount="1" falsecount="1"/>
      <line num="789" count="0" type="cond" truecount="0" falsecount="2"/>
      <line num="791" count="0" type="stmt"/>
      <line num="792" count="0" type="cond" truecount="0" falsecount="2"/>
      <line num="793" count="0" type="stmt"/>
      <line num="795" count="0" type="stmt"/>
      <line num="799" count="0" type="stmt"/>
      <line num="800" count="0" type="stmt"/>
      <line num="801" count="0" type="stmt"/>
      <line num="802" count="0" type="stmt"/>
      <line num="803" count="0" type="cond" truecount="0" falsecount="2"/>
      <line num="805" count="0" type="stmt"/>
      <line num="806" count="0" type="cond" truecount="0" falsecount="2"/>
      <line num="807" count="0" type="stmt"/>
      <line num="809" count="0" type="stmt"/>
      <line num="812" count="0" type="stmt"/>
      <line num="813" count="0" type="stmt"/>
      <line num="817" count="1" type="stmt"/>
      <line num="821" count="1" type="stmt"/>
      <line num="822" count="1" type="stmt"/>
      <line num="823" count="1" type="stmt"/>
      <line num="824" count="1" type="stmt"/>
      <line num="825" count="1" type="stmt"/>
      <line num="826" count="1" type="stmt"/>
      <line num="827" count="1" type="stmt"/>
      <line num="831" count="12" type="cond" truecount="3" falsecount="1"/>
      <line num="832" count="0" type="stmt"/>
      <line num="833" count="0" type="stmt"/>
      <line num="834" count="0" type="cond" truecount="0" falsecount="5"/>
      <line num="838" count="0" type="cond" truecount="0" falsecount="2"/>
      <line num="839" count="0" type="stmt"/>
      <line num="841" count="0" type="stmt"/>
      <line num="849" count="65702" type="stmt"/>
      <line num="850" count="65702" type="cond" truecount="2" falsecount="0"/>
      <line num="851" count="177" type="cond" truecount="1" falsecount="1"/>
      <line num="852" count="177" type="stmt"/>
      <line num="854" count="177" type="cond" truecount="1" falsecount="1"/>
      <line num="855" count="177" type="cond" truecount="10" falsecount="0"/>
      <line num="859" count="65702" type="stmt"/>
      <line num="860" count="65702" type="stmt"/>
      <line num="863" count="65702" type="stmt"/>
      <line num="882" count="65702" type="stmt"/>
      <line num="883" count="65702" type="stmt"/>
      <line num="884" count="65702" type="cond" truecount="1" falsecount="1"/>
      <line num="885" count="0" type="stmt"/>
      <line num="887" count="65702" type="stmt"/>
      <line num="889" count="65702" type="cond" truecount="4" falsecount="1"/>
      <line num="890" count="0" type="stmt"/>
      <line num="892" count="65702" type="stmt"/>
      <line num="903" count="65790" type="stmt"/>
      <line num="904" count="65790" type="cond" truecount="2" falsecount="0"/>
      <line num="905" count="65790" type="stmt"/>
      <line num="907" count="65790" type="stmt"/>
      <line num="908" count="65790" type="stmt"/>
      <line num="910" count="65790" type="cond" truecount="5" falsecount="1"/>
      <line num="911" count="2" type="cond" truecount="1" falsecount="1"/>
      <line num="913" count="0" type="stmt"/>
      <line num="916" count="2" type="stmt"/>
      <line num="918" count="65788" type="cond" truecount="4" falsecount="2"/>
      <line num="920" count="0" type="stmt"/>
      <line num="923" count="65790" type="cond" truecount="5" falsecount="1"/>
      <line num="924" count="6160" type="stmt"/>
      <line num="926" count="6160" type="cond" truecount="5" falsecount="1"/>
      <line num="927" count="275" type="stmt"/>
      <line num="928" count="275" type="stmt"/>
      <line num="929" count="5885" type="cond" truecount="5" falsecount="1"/>
      <line num="930" count="268" type="stmt"/>
      <line num="931" count="268" type="stmt"/>
      <line num="934" count="6160" type="stmt"/>
      <line num="937" count="65790" type="cond" truecount="2" falsecount="0"/>
      <line num="938" count="22187" type="cond" truecount="2" falsecount="0"/>
      <line num="939" count="8255" type="cond" truecount="2" falsecount="0"/>
      <line num="940" count="1442" type="stmt"/>
      <line num="941" count="6813" type="cond" truecount="2" falsecount="0"/>
      <line num="942" count="1190" type="stmt"/>
      <line num="945" count="13932" type="cond" truecount="2" falsecount="0"/>
      <line num="946" count="2310" type="stmt"/>
      <line num="947" count="11622" type="cond" truecount="2" falsecount="0"/>
      <line num="948" count="2310" type="stmt"/>
      <line num="953" count="65790" type="cond" truecount="2" falsecount="0"/>
      <line num="954" count="20681" type="cond" truecount="2" falsecount="0"/>
      <line num="955" count="8878" type="cond" truecount="2" falsecount="0"/>
      <line num="956" count="114" type="stmt"/>
      <line num="957" count="8764" type="cond" truecount="2" falsecount="0"/>
      <line num="958" count="100" type="stmt"/>
      <line num="961" count="11803" type="cond" truecount="2" falsecount="0"/>
      <line num="962" count="133" type="stmt"/>
      <line num="963" count="11670" type="cond" truecount="2" falsecount="0"/>
      <line num="964" count="85" type="stmt"/>
      <line num="969" count="65790" type="cond" truecount="5" falsecount="1"/>
      <line num="970" count="2224" type="cond" truecount="2" falsecount="0"/>
      <line num="971" count="1270" type="stmt"/>
      <line num="973" count="954" type="stmt"/>
      <line num="976" count="63566" type="stmt"/>
      <line num="979" count="65790" type="cond" truecount="8" falsecount="1"/>
      <line num="983" count="11488" type="stmt"/>
      <line num="984" count="11488" type="cond" truecount="2" falsecount="0"/>
      <line num="985" count="11446" type="stmt"/>
      <line num="988" count="54302" type="stmt"/>
      <line num="989" count="54302" type="cond" truecount="2" falsecount="0"/>
      <line num="990" count="54256" type="stmt"/>
      <line num="991" count="54256" type="cond" truecount="2" falsecount="0"/>
      <line num="992" count="10" type="cond" truecount="1" falsecount="1"/>
      <line num="994" count="54246" type="stmt"/>
      <line num="999" count="65790" type="stmt"/>
      <line num="1000" count="65790" type="stmt"/>
      <line num="1001" count="65790" type="cond" truecount="2" falsecount="0"/>
      <line num="1002" count="65790" type="stmt"/>
      <line num="1003" count="65790" type="stmt"/>
      <line num="1010" count="2" type="cond" truecount="4" falsecount="1"/>
      <line num="1012" count="0" type="stmt"/>
      <line num="1013" count="0" type="stmt"/>
      <line num="1015" count="2" type="cond" truecount="1" falsecount="1"/>
      <line num="1017" count="0" type="stmt"/>
      <line num="1018" count="0" type="stmt"/>
      <line num="1020" count="2" type="stmt"/>
      <line num="1021" count="2" type="cond" truecount="1" falsecount="1"/>
      <line num="1022" count="2" type="stmt"/>
      <line num="1026" count="2" type="stmt"/>
      <line num="1027" count="2" type="stmt"/>
      <line num="1029" count="2" type="cond" truecount="1" falsecount="1"/>
      <line num="1030" count="2" type="stmt"/>
      <line num="1032" count="2" type="stmt"/>
      <line num="1042" count="92" type="stmt"/>
      <line num="1046" count="92" type="stmt"/>
      <line num="1050" count="92" type="stmt"/>
      <line num="1051" count="92" type="stmt"/>
      <line num="1052" count="92" type="stmt"/>
      <line num="1053" count="92" type="stmt"/>
      <line num="1054" count="92" type="stmt"/>
      <line num="1056" count="92" type="stmt"/>
      <line num="1058" count="92" type="stmt"/>
      <line num="1059" count="94" type="stmt"/>
      <line num="1060" count="94" type="stmt"/>
      <line num="1062" count="94" type="cond" truecount="5" falsecount="1"/>
      <line num="1063" count="26" type="stmt"/>
      <line num="1065" count="68" type="cond" truecount="4" falsecount="2"/>
      <line num="1066" count="0" type="cond" truecount="0" falsecount="2"/>
      <line num="1067" count="0" type="stmt"/>
      <line num="1069" count="0" type="stmt"/>
      <line num="1072" count="68" type="stmt"/>
      <line num="1075" count="94" type="cond" truecount="5" falsecount="1"/>
      <line num="1076" count="2" type="stmt"/>
      <line num="1077" count="2" type="stmt"/>
      <line num="1078" count="92" type="cond" truecount="4" falsecount="2"/>
      <line num="1079" count="0" type="stmt"/>
      <line num="1080" count="0" type="stmt"/>
      <line num="1082" count="94" type="stmt"/>
      <line num="1083" count="94" type="stmt"/>
      <line num="1087" count="65884" type="stmt"/>
      <line num="1101" count="0" type="stmt"/>
      <line num="1102" count="0" type="cond" truecount="0" falsecount="2"/>
      <line num="1103" count="0" type="stmt"/>
      <line num="1104" count="0" type="stmt"/>
      <line num="1106" count="0" type="stmt"/>
      <line num="1118" count="0" type="stmt"/>
      <line num="1119" count="0" type="cond" truecount="0" falsecount="2"/>
      <line num="1120" count="0" type="stmt"/>
      <line num="1121" count="0" type="stmt"/>
      <line num="1123" count="0" type="stmt"/>
      <line num="1124" count="0" type="stmt"/>
      <line num="1134" count="65520" type="stmt"/>
      <line num="1135" count="65520" type="stmt"/>
      <line num="1136" count="65520" type="stmt"/>
      <line num="1137" count="65520" type="stmt"/>
      <line num="1138" count="65520" type="stmt"/>
      <line num="1139" count="65520" type="stmt"/>
      <line num="1140" count="65520" type="stmt"/>
      <line num="1141" count="65520" type="stmt"/>
      <line num="1145" count="65520" type="stmt"/>
      <line num="1149" count="65520" type="stmt"/>
      <line num="1150" count="65520" type="stmt"/>
      <line num="1151" count="65520" type="stmt"/>
      <line num="1152" count="65520" type="stmt"/>
      <line num="1157" count="65520" type="stmt"/>
      <line num="1159" count="65520" type="stmt"/>
      <line num="1171" count="10" type="cond" truecount="3" falsecount="1"/>
      <line num="1172" count="0" type="stmt"/>
      <line num="1173" count="0" type="stmt"/>
      <line num="1175" count="10" type="cond" truecount="1" falsecount="1"/>
      <line num="1177" count="0" type="stmt"/>
      <line num="1178" count="0" type="stmt"/>
      <line num="1180" count="10" type="stmt"/>
      <line num="1183" count="10" type="cond" truecount="2" falsecount="0"/>
      <line num="1184" count="6" type="stmt"/>
      <line num="1185" count="90" type="stmt"/>
      <line num="1186" count="90" type="stmt"/>
      <line num="1188" count="4" type="cond" truecount="1" falsecount="1"/>
      <line num="1189" count="4" type="stmt"/>
      <line num="1190" count="88" type="stmt"/>
      <line num="1191" count="88" type="stmt"/>
      <line num="1194" count="10" type="stmt"/>
      <line num="1202" count="3" type="cond" truecount="1" falsecount="1"/>
      <line num="1203" count="0" type="stmt"/>
      <line num="1204" count="0" type="stmt"/>
      <line num="1206" count="3" type="stmt"/>
      <line num="1214" count="0" type="cond" truecount="0" falsecount="2"/>
      <line num="1215" count="0" type="stmt"/>
      <line num="1216" count="0" type="stmt"/>
      <line num="1218" count="0" type="stmt"/>
      <line num="1225" count="179" type="stmt"/>
      <line num="1232" count="0" type="stmt"/>
      <line num="1239" count="0" type="stmt"/>
      <line num="1255" count="5251" type="cond" truecount="5" falsecount="1"/>
      <line num="1256" count="1186" type="cond" truecount="10" falsecount="2"/>
      <line num="1257" count="55" type="cond" truecount="3" falsecount="1"/>
      <line num="1259" count="1131" type="stmt"/>
      <line num="1262" count="4065" type="stmt"/>
      <line num="1263" count="4065" type="stmt"/>
      <line num="1264" count="4065" type="stmt"/>
      <line num="1265" count="4065" type="stmt"/>
      <line num="1266" count="4065" type="stmt"/>
      <line num="1270" count="130300" type="cond" truecount="6" falsecount="1"/>
      <line num="1274" count="133" type="stmt"/>
      <line num="1275" count="133" type="cond" truecount="4" falsecount="0"/>
      <line num="1276" count="81" type="stmt"/>
      <line num="1278" count="133" type="cond" truecount="3" falsecount="1"/>
      <line num="1279" count="0" type="stmt"/>
      <line num="1284" count="4065" type="cond" truecount="2" falsecount="0"/>
      <line num="1285" count="133" type="cond" truecount="2" falsecount="2"/>
      <line num="1286" count="0" type="stmt"/>
      <line num="1287" count="133" type="cond" truecount="1" falsecount="1"/>
      <line num="1288" count="0" type="cond" truecount="0" falsecount="4"/>
      <line num="1290" count="133" type="cond" truecount="3" falsecount="1"/>
      <line num="1293" count="3932" type="stmt"/>
      <line num="1304" count="132174" type="cond" truecount="1" falsecount="1"/>
      <line num="1305" count="0" type="stmt"/>
      <line num="1308" count="132174" type="stmt"/>
      <line num="1309" count="132174" type="stmt"/>
      <line num="1310" count="6908248" type="cond" truecount="2" falsecount="0"/>
      <line num="1311" count="674686" type="stmt"/>
      <line num="1312" count="674686" type="stmt"/>
      <line num="1313" count="6233562" type="cond" truecount="4" falsecount="0"/>
      <line num="1314" count="4995294" type="stmt"/>
      <line num="1316" count="1238268" type="stmt"/>
      <line num="1317" count="1238268" type="stmt"/>
      <line num="1318" count="1238268" type="stmt"/>
      <line num="1319" count="1238268" type="cond" truecount="2" falsecount="0"/>
      <line num="1321" count="99276" type="cond" truecount="2" falsecount="0"/>
      <line num="1323" count="1122" type="cond" truecount="4" falsecount="0"/>
      <line num="1324" count="1099" type="cond" truecount="1" falsecount="1"/>
      <line num="1325" count="1099" type="stmt"/>
      <line num="1327" count="0" type="stmt"/>
      <line num="1329" count="23" type="cond" truecount="3" falsecount="1"/>
      <line num="1330" count="23" type="cond" truecount="1" falsecount="1"/>
      <line num="1331" count="23" type="stmt"/>
      <line num="1333" count="0" type="stmt"/>
      <line num="1336" count="0" type="stmt"/>
      <line num="1338" count="98154" type="cond" truecount="4" falsecount="0"/>
      <line num="1339" count="671" type="cond" truecount="1" falsecount="1"/>
      <line num="1340" count="671" type="stmt"/>
      <line num="1342" count="0" type="stmt"/>
      <line num="1346" count="97483" type="stmt"/>
      <line num="1347" count="97483" type="stmt"/>
      <line num="1348" count="97483" type="stmt"/>
      <line num="1349" count="97483" type="stmt"/>
      <line num="1350" count="83664" type="cond" truecount="2" falsecount="0"/>
      <line num="1351" count="22357" type="stmt"/>
      <line num="1352" count="22357" type="stmt"/>
      <line num="1354" count="61307" type="stmt"/>
      <line num="1356" count="97483" type="cond" truecount="2" falsecount="0"/>
      <line num="1357" count="75126" type="cond" truecount="1" falsecount="1"/>
      <line num="1358" count="75126" type="stmt"/>
      <line num="1360" count="0" type="stmt"/>
      <line num="1367" count="55255" type="cond" truecount="1" falsecount="1"/>
      <line num="1368" count="55255" type="stmt"/>
      <line num="1370" count="0" type="stmt"/>
      <line num="1377" count="131997" type="cond" truecount="2" falsecount="0"/>
      <line num="1378" count="957" type="stmt"/>
      <line num="1382" count="131040" type="stmt"/>
      <line num="1391" count="771" type="cond" truecount="2" falsecount="0"/>
      <line num="1397" count="186" type="cond" truecount="2" falsecount="0"/>
      <line num="1404" count="0" type="stmt"/>
      <line num="1414" count="0" type="stmt"/>
      <line num="1415" count="0" type="stmt"/>
      <line num="1416" count="0" type="stmt"/>
      <line num="1417" count="0" type="stmt"/>
      <line num="1418" count="0" type="stmt"/>
      <line num="1419" count="0" type="cond" truecount="0" falsecount="2"/>
      <line num="1420" count="0" type="stmt"/>
      <line num="1421" count="0" type="stmt"/>
      <line num="1423" count="0" type="stmt"/>
      <line num="1424" count="0" type="stmt"/>
      <line num="1426" count="0" type="cond" truecount="0" falsecount="2"/>
      <line num="1427" count="0" type="cond" truecount="0" falsecount="2"/>
      <line num="1428" count="0" type="cond" truecount="0" falsecount="2"/>
      <line num="1429" count="0" type="stmt"/>
      <line num="1431" count="0" type="stmt"/>
      <line num="1438" count="0" type="cond" truecount="0" falsecount="2"/>
      <line num="1439" count="0" type="stmt"/>
      <line num="1440" count="0" type="cond" truecount="0" falsecount="5"/>
      <line num="1441" count="0" type="stmt"/>
      <line num="1442" count="0" type="cond" truecount="0" falsecount="2"/>
      <line num="1443" count="0" type="stmt"/>
      <line num="1444" count="0" type="cond" truecount="0" falsecount="2"/>
      <line num="1446" count="0" type="stmt"/>
      <line num="1453" count="4" type="stmt"/>
      <line num="1459" count="205" type="stmt"/>
      <line num="1465" count="2" type="stmt"/>
      <line num="1469" count="186" type="stmt"/>
      <line num="1476" count="186" type="cond" truecount="2" falsecount="0"/>
      <line num="1477" count="2" type="cond" truecount="1" falsecount="1"/>
      <line num="1478" count="2" type="stmt"/>
      <line num="1486" count="0" type="stmt"/>
      <line num="1494" count="184" type="cond" truecount="1" falsecount="1"/>
      <line num="1495" count="0" type="stmt"/>
      <line num="1502" count="184" type="cond" truecount="1" falsecount="1"/>
      <line num="1503" count="0" type="stmt"/>
      <line num="1510" count="184" type="cond" truecount="2" falsecount="2"/>
      <line num="1511" count="0" type="stmt"/>
      <line num="1518" count="184" type="cond" truecount="1" falsecount="1"/>
      <line num="1519" count="0" type="stmt"/>
      <line num="1526" count="184" type="cond" truecount="2" falsecount="2"/>
      <line num="1527" count="0" type="stmt"/>
      <line num="1535" count="184" type="stmt"/>
      <line num="1543" count="0" type="stmt"/>
      <line num="1544" count="0" type="stmt"/>
      <line num="1546" count="0" type="stmt"/>
      <line num="1547" count="0" type="stmt"/>
      <line num="1548" count="0" type="stmt"/>
      <line num="1549" count="0" type="stmt"/>
      <line num="1550" count="0" type="cond" truecount="0" falsecount="2"/>
      <line num="1551" count="0" type="stmt"/>
      <line num="1552" count="0" type="cond" truecount="0" falsecount="2"/>
      <line num="1553" count="0" type="stmt"/>
      <line num="1554" count="0" type="cond" truecount="0" falsecount="2"/>
      <line num="1555" count="0" type="stmt"/>
      <line num="1556" count="0" type="cond" truecount="0" falsecount="2"/>
      <line num="1557" count="0" type="stmt"/>
      <line num="1558" count="0" type="cond" truecount="0" falsecount="2"/>
      <line num="1559" count="0" type="stmt"/>
      <line num="1560" count="0" type="cond" truecount="0" falsecount="2"/>
      <line num="1561" count="0" type="stmt"/>
      <line num="1564" count="0" type="cond" truecount="0" falsecount="2"/>
      <line num="1565" count="0" type="stmt"/>
      <line num="1566" count="0" type="stmt"/>
      <line num="1568" count="0" type="cond" truecount="0" falsecount="2"/>
      <line num="1569" count="0" type="stmt"/>
      <line num="1570" count="0" type="stmt"/>
      <line num="1572" count="0" type="cond" truecount="0" falsecount="5"/>
      <line num="1575" count="0" type="stmt"/>
      <line num="1576" count="0" type="stmt"/>
      <line num="1578" count="0" type="cond" truecount="0" falsecount="5"/>
      <line num="1581" count="0" type="stmt"/>
      <line num="1582" count="0" type="stmt"/>
      <line num="1584" count="0" type="cond" truecount="0" falsecount="2"/>
      <line num="1585" count="0" type="stmt"/>
      <line num="1586" count="0" type="stmt"/>
      <line num="1588" count="0" type="cond" truecount="0" falsecount="2"/>
      <line num="1589" count="0" type="stmt"/>
      <line num="1590" count="0" type="stmt"/>
      <line num="1592" count="0" type="cond" truecount="0" falsecount="2"/>
      <line num="1593" count="0" type="stmt"/>
      <line num="1594" count="0" type="stmt"/>
      <line num="1596" count="0" type="cond" truecount="0" falsecount="2"/>
      <line num="1597" count="0" type="stmt"/>
      <line num="1598" count="0" type="stmt"/>
      <line num="1601" count="0" type="cond" truecount="0" falsecount="5"/>
      <line num="1605" count="0" type="cond" truecount="0" falsecount="2"/>
      <line num="1606" count="0" type="stmt"/>
      <line num="1608" count="0" type="stmt"/>
      <line num="1609" count="0" type="stmt"/>
      <line num="1612" count="0" type="cond" truecount="0" falsecount="5"/>
      <line num="1616" count="0" type="cond" truecount="0" falsecount="2"/>
      <line num="1617" count="0" type="stmt"/>
      <line num="1619" count="0" type="stmt"/>
      <line num="1620" count="0" type="stmt"/>
      <line num="1623" count="0" type="cond" truecount="0" falsecount="4"/>
      <line num="1626" count="0" type="cond" truecount="0" falsecount="2"/>
      <line num="1627" count="0" type="stmt"/>
      <line num="1629" count="0" type="stmt"/>
      <line num="1630" count="0" type="stmt"/>
      <line num="1633" count="0" type="cond" truecount="0" falsecount="4"/>
      <line num="1636" count="0" type="cond" truecount="0" falsecount="2"/>
      <line num="1637" count="0" type="stmt"/>
      <line num="1639" count="0" type="stmt"/>
      <line num="1640" count="0" type="stmt"/>
      <line num="1643" count="0" type="cond" truecount="0" falsecount="4"/>
      <line num="1646" count="0" type="cond" truecount="0" falsecount="2"/>
      <line num="1647" count="0" type="stmt"/>
      <line num="1649" count="0" type="stmt"/>
      <line num="1650" count="0" type="stmt"/>
      <line num="1653" count="0" type="cond" truecount="0" falsecount="4"/>
      <line num="1656" count="0" type="cond" truecount="0" falsecount="2"/>
      <line num="1657" count="0" type="stmt"/>
      <line num="1659" count="0" type="stmt"/>
      <line num="1660" count="0" type="stmt"/>
      <line num="1664" count="0" type="cond" truecount="0" falsecount="4"/>
      <line num="1665" count="0" type="stmt"/>
      <line num="1666" count="0" type="stmt"/>
      <line num="1668" count="0" type="cond" truecount="0" falsecount="4"/>
      <line num="1669" count="0" type="stmt"/>
      <line num="1670" count="0" type="stmt"/>
      <line num="1672" count="0" type="stmt"/>
      <line num="1685" count="1" type="stmt"/>
      <line num="1686" count="1" type="cond" truecount="4" falsecount="2"/>
      <line num="1687" count="1" type="stmt"/>
      <line num="1688" count="1" type="stmt"/>
      <line num="1689" count="1" type="cond" truecount="1" falsecount="1"/>
      <line num="1693" count="1" type="stmt"/>
      <line num="1695" count="64" type="cond" truecount="2" falsecount="0"/>
      <line num="1696" count="8" type="stmt"/>
      <line num="1698" count="64" type="stmt"/>
      <line num="1699" count="64" type="cond" truecount="2" falsecount="0"/>
      <line num="1700" count="8" type="stmt"/>
      <line num="1701" count="8" type="cond" truecount="4" falsecount="0"/>
      <line num="1702" count="1" type="stmt"/>
      <line num="1703" count="1" type="cond" truecount="1" falsecount="1"/>
      <line num="1704" count="7" type="cond" truecount="4" falsecount="0"/>
      <line num="1705" count="1" type="stmt"/>
      <line num="1706" count="6" type="cond" truecount="4" falsecount="0"/>
      <line num="1707" count="1" type="stmt"/>
      <line num="1708" count="5" type="cond" truecount="3" falsecount="1"/>
      <line num="1709" count="0" type="stmt"/>
      <line num="1710" count="0" type="cond" truecount="0" falsecount="2"/>
      <line num="1712" count="8" type="stmt"/>
      <line num="1713" count="8" type="stmt"/>
      <line num="1716" count="1" type="stmt"/>
      <line num="1717" count="1" type="cond" truecount="4" falsecount="2"/>
      <line num="1718" count="1" type="stmt"/>
      <line num="1719" count="1" type="stmt"/>
      <line num="1720" count="1" type="stmt"/>
      <line num="1723" count="1" type="stmt"/>
    </file>
    <file name="chess.ts" path="C:\Users\Sampsa\Development\chess\chess-ts\src\chess.ts">
      <metrics statements="377" coveredstatements="174" conditionals="409" coveredconditionals="82" methods="61" coveredmethods="12"/>
      <line num="5" count="1" type="stmt"/>
      <line num="6" count="1" type="stmt"/>
      <line num="7" count="1" type="stmt"/>
      <line num="8" count="1" type="stmt"/>
      <line num="9" count="1" type="stmt"/>
      <line num="10" count="1" type="stmt"/>
      <line num="11" count="1" type="stmt"/>
      <line num="12" count="1" type="stmt"/>
      <line num="13" count="1" type="stmt"/>
      <line num="14" count="1" type="stmt"/>
      <line num="15" count="1" type="stmt"/>
      <line num="16" count="1" type="stmt"/>
      <line num="23" count="1" type="stmt"/>
      <line num="25" count="1" type="stmt"/>
      <line num="26" count="1" type="stmt"/>
      <line num="27" count="1" type="stmt"/>
      <line num="28" count="1" type="stmt"/>
      <line num="29" count="1" type="stmt"/>
      <line num="30" count="1" type="stmt"/>
      <line num="31" count="1" type="stmt"/>
      <line num="32" count="1" type="stmt"/>
      <line num="33" count="1" type="stmt"/>
      <line num="34" count="1" type="stmt"/>
      <line num="53" count="1" type="stmt"/>
      <line num="54" count="1" type="stmt"/>
      <line num="55" count="1" type="stmt"/>
      <line num="56" count="1" type="stmt"/>
      <line num="57" count="1" type="stmt"/>
      <line num="64" count="0" type="cond" truecount="0" falsecount="2"/>
      <line num="65" count="0" type="stmt"/>
      <line num="68" count="0" type="cond" truecount="0" falsecount="2"/>
      <line num="69" count="0" type="stmt"/>
      <line num="71" count="0" type="stmt"/>
      <line num="72" count="0" type="cond" truecount="0" falsecount="2"/>
      <line num="73" count="0" type="stmt"/>
      <line num="74" count="0" type="cond" truecount="0" falsecount="2"/>
      <line num="76" count="0" type="stmt"/>
      <line num="79" count="0" type="stmt"/>
      <line num="86" count="1" type="stmt"/>
      <line num="93" count="9" type="cond" truecount="2" falsecount="0"/>
      <line num="94" count="8" type="stmt"/>
      <line num="96" count="1" type="stmt"/>
      <line num="104" count="9" type="cond" truecount="5" falsecount="0"/>
      <line num="107" count="8" type="stmt"/>
      <line num="108" count="1" type="cond" truecount="1" falsecount="1"/>
      <line num="109" count="0" type="stmt"/>
      <line num="111" count="1" type="stmt"/>
      <line num="128" count="1" type="stmt"/>
      <line num="130" count="1" type="cond" truecount="2" falsecount="2"/>
      <line num="131" count="0" type="stmt"/>
      <line num="134" count="1" type="stmt"/>
      <line num="136" count="1" type="cond" truecount="1" falsecount="1"/>
      <line num="137" count="1" type="stmt"/>
      <line num="138" count="1" type="stmt"/>
      <line num="139" count="1" type="cond" truecount="1" falsecount="1"/>
      <line num="140" count="1" type="stmt"/>
      <line num="142" count="0" type="cond" truecount="0" falsecount="2"/>
      <line num="144" count="0" type="stmt"/>
      <line num="146" count="1" type="stmt"/>
      <line num="147" count="1" type="stmt"/>
      <line num="148" count="1" type="cond" truecount="1" falsecount="1"/>
      <line num="149" count="1" type="cond" truecount="1" falsecount="1"/>
      <line num="150" count="1" type="stmt"/>
      <line num="151" count="1" type="stmt"/>
      <line num="152" count="1" type="cond" truecount="4" falsecount="1"/>
      <line num="153" count="1" type="stmt"/>
      <line num="155" count="1" type="cond" truecount="1" falsecount="1"/>
      <line num="156" count="0" type="stmt"/>
      <line num="159" count="0" type="cond" truecount="0" falsecount="5"/>
      <line num="160" count="0" type="stmt"/>
      <line num="161" count="0" type="stmt"/>
      <line num="163" count="1" type="cond" truecount="1" falsecount="1"/>
      <line num="165" count="0" type="stmt"/>
      <line num="166" count="0" type="stmt"/>
      <line num="169" count="1" type="stmt"/>
      <line num="172" count="0" type="stmt"/>
      <line num="189" count="0" type="stmt"/>
      <line num="191" count="0" type="cond" truecount="0" falsecount="4"/>
      <line num="192" count="0" type="stmt"/>
      <line num="195" count="0" type="stmt"/>
      <line num="197" count="0" type="cond" truecount="0" falsecount="8"/>
      <line num="198" count="0" type="stmt"/>
      <line num="200" count="0" type="stmt"/>
      <line num="201" count="0" type="stmt"/>
      <line num="202" count="0" type="cond" truecount="0" falsecount="2"/>
      <line num="203" count="0" type="cond" truecount="0" falsecount="2"/>
      <line num="204" count="0" type="cond" truecount="0" falsecount="2"/>
      <line num="205" count="0" type="stmt"/>
      <line num="207" count="0" type="stmt"/>
      <line num="211" count="0" type="stmt"/>
      <line num="212" count="0" type="stmt"/>
      <line num="213" count="0" type="stmt"/>
      <line num="214" count="0" type="stmt"/>
      <line num="215" count="0" type="cond" truecount="0" falsecount="2"/>
      <line num="216" count="0" type="stmt"/>
      <line num="218" count="0" type="stmt"/>
      <line num="219" count="0" type="cond" truecount="0" falsecount="2"/>
      <line num="221" count="0" type="stmt"/>
      <line num="223" count="0" type="stmt"/>
      <line num="225" count="0" type="stmt"/>
      <line num="227" count="0" type="stmt"/>
      <line num="228" count="0" type="cond" truecount="0" falsecount="5"/>
      <line num="229" count="0" type="cond" truecount="0" falsecount="2"/>
      <line num="230" count="0" type="stmt"/>
      <line num="232" count="0" type="stmt"/>
      <line num="235" count="0" type="stmt"/>
      <line num="236" count="0" type="cond" truecount="0" falsecount="2"/>
      <line num="237" count="0" type="cond" truecount="0" falsecount="2"/>
      <line num="238" count="0" type="stmt"/>
      <line num="240" count="0" type="stmt"/>
      <line num="242" count="0" type="stmt"/>
      <line num="243" count="0" type="cond" truecount="0" falsecount="2"/>
      <line num="244" count="0" type="cond" truecount="0" falsecount="2"/>
      <line num="245" count="0" type="stmt"/>
      <line num="247" count="0" type="stmt"/>
      <line num="252" count="0" type="stmt"/>
      <line num="264" count="1" type="cond" truecount="1" falsecount="1"/>
      <line num="265" count="0" type="stmt"/>
      <line num="267" count="1" type="cond" truecount="1" falsecount="1"/>
      <line num="269" count="0" type="stmt"/>
      <line num="270" count="0" type="stmt"/>
      <line num="272" count="1" type="cond" truecount="2" falsecount="7"/>
      <line num="274" count="1" type="stmt"/>
      <line num="275" count="1" type="stmt"/>
      <line num="276" count="1" type="stmt"/>
      <line num="279" count="0" type="stmt"/>
      <line num="281" count="1" type="stmt"/>
      <line num="290" count="2" type="stmt"/>
      <line num="292" count="2" type="stmt"/>
      <line num="296" count="2" type="stmt"/>
      <line num="297" count="2" type="stmt"/>
      <line num="298" count="32" type="cond" truecount="1" falsecount="1"/>
      <line num="299" count="0" type="stmt"/>
      <line num="300" count="0" type="stmt"/>
      <line num="303" count="2" type="stmt"/>
      <line num="304" count="2" type="stmt"/>
      <line num="305" count="2" type="stmt"/>
      <line num="306" count="4" type="stmt"/>
      <line num="318" count="2" type="stmt"/>
      <line num="319" count="2" type="stmt"/>
      <line num="320" count="2" type="stmt"/>
      <line num="321" count="1040" type="cond" truecount="2" falsecount="0"/>
      <line num="323" count="2" type="stmt"/>
      <line num="324" count="2" type="stmt"/>
      <line num="325" count="2" type="stmt"/>
      <line num="326" count="76" type="stmt"/>
      <line num="327" count="76" type="stmt"/>
      <line num="329" count="2" type="stmt"/>
      <line num="330" count="2" type="stmt"/>
      <line num="331" count="1038" type="cond" truecount="1" falsecount="1"/>
      <line num="333" count="0" type="stmt"/>
      <line num="334" count="0" type="stmt"/>
      <line num="335" count="0" type="stmt"/>
      <line num="336" count="0" type="stmt"/>
      <line num="337" count="0" type="stmt"/>
      <line num="339" count="0" type="stmt"/>
      <line num="340" count="0" type="stmt"/>
      <line num="343" count="1038" type="stmt"/>
      <line num="346" count="2" type="cond" truecount="1" falsecount="1"/>
      <line num="347" count="2" type="stmt"/>
      <line num="349" count="2" type="stmt"/>
      <line num="352" count="2" type="stmt"/>
      <line num="353" count="2" type="stmt"/>
      <line num="354" count="2" type="stmt"/>
      <line num="356" count="2" type="cond" truecount="1" falsecount="1"/>
      <line num="359" count="2" type="stmt"/>
      <line num="361" count="2" type="stmt"/>
      <line num="363" count="2" type="stmt"/>
      <line num="364" count="2" type="stmt"/>
      <line num="365" count="2" type="cond" truecount="1" falsecount="1"/>
      <line num="367" count="0" type="stmt"/>
      <line num="369" count="0" type="cond" truecount="0" falsecount="6"/>
      <line num="375" count="0" type="stmt"/>
      <line num="376" count="0" type="stmt"/>
      <line num="377" count="0" type="stmt"/>
      <line num="378" count="0" type="stmt"/>
      <line num="380" count="0" type="cond" truecount="0" falsecount="2"/>
      <line num="381" count="0" type="cond" truecount="0" falsecount="2"/>
      <line num="382" count="0" type="cond" truecount="0" falsecount="2"/>
      <line num="383" count="0" type="cond" truecount="0" falsecount="2"/>
      <line num="384" count="0" type="stmt"/>
      <line num="388" count="0" type="stmt"/>
      <line num="390" count="0" type="stmt"/>
      <line num="392" count="0" type="stmt"/>
      <line num="395" count="0" type="stmt"/>
      <line num="398" count="2" type="stmt"/>
      <line num="401" count="2" type="stmt"/>
      <line num="405" count="0" type="cond" truecount="0" falsecount="2"/>
      <line num="406" count="0" type="stmt"/>
      <line num="408" count="0" type="stmt"/>
      <line num="410" count="2" type="cond" truecount="1" falsecount="1"/>
      <line num="412" count="2" type="stmt"/>
      <line num="413" count="2" type="stmt"/>
      <line num="414" count="2" type="stmt"/>
      <line num="415" count="18" type="stmt"/>
      <line num="417" count="18" type="cond" truecount="2" falsecount="0"/>
      <line num="418" count="14" type="cond" truecount="1" falsecount="1"/>
      <line num="419" count="14" type="cond" truecount="1" falsecount="1"/>
      <line num="420" count="14" type="cond" truecount="1" falsecount="1"/>
      <line num="421" count="14" type="stmt"/>
      <line num="426" count="2" type="stmt"/>
      <line num="428" count="2" type="stmt"/>
      <line num="437" count="2" type="stmt"/>
      <line num="438" count="2" type="stmt"/>
      <line num="440" count="2" type="stmt"/>
      <line num="441" count="14" type="cond" truecount="1" falsecount="1"/>
      <line num="442" count="0" type="stmt"/>
      <line num="446" count="2" type="stmt"/>
      <line num="448" count="2" type="stmt"/>
      <line num="450" count="0" type="stmt"/>
      <line num="452" count="0" type="stmt"/>
      <line num="454" count="0" type="stmt"/>
      <line num="457" count="2" type="stmt"/>
      <line num="458" count="0" type="stmt"/>
      <line num="461" count="2" type="stmt"/>
      <line num="463" count="2" type="stmt"/>
      <line num="464" count="2" type="stmt"/>
      <line num="465" count="2" type="stmt"/>
      <line num="466" count="176" type="stmt"/>
      <line num="467" count="176" type="stmt"/>
      <line num="474" count="2" type="stmt"/>
      <line num="477" count="0" type="stmt"/>
      <line num="478" count="0" type="cond" truecount="0" falsecount="2"/>
      <line num="479" count="0" type="stmt"/>
      <line num="481" count="0" type="stmt"/>
      <line num="483" count="0" type="cond" truecount="0" falsecount="2"/>
      <line num="484" count="0" type="stmt"/>
      <line num="486" count="0" type="stmt"/>
      <line num="487" count="0" type="stmt"/>
      <line num="488" count="0" type="stmt"/>
      <line num="491" count="2" type="stmt"/>
      <line num="492" count="2" type="stmt"/>
      <line num="493" count="74" type="stmt"/>
      <line num="495" count="2" type="stmt"/>
      <line num="497" count="2" type="cond" truecount="1" falsecount="1"/>
      <line num="498" count="0" type="stmt"/>
      <line num="500" count="2" type="stmt"/>
      <line num="501" count="2" type="stmt"/>
      <line num="502" count="2" type="stmt"/>
      <line num="505" count="0" type="cond" truecount="0" falsecount="2"/>
      <line num="507" count="0" type="stmt"/>
      <line num="508" count="0" type="stmt"/>
      <line num="510" count="0" type="stmt"/>
      <line num="511" count="0" type="stmt"/>
      <line num="513" count="0" type="stmt"/>
      <line num="514" count="0" type="stmt"/>
      <line num="519" count="0" type="stmt"/>
      <line num="520" count="0" type="stmt"/>
      <line num="521" count="0" type="stmt"/>
      <line num="524" count="0" type="cond" truecount="0" falsecount="2"/>
      <line num="525" count="0" type="stmt"/>
      <line num="527" count="0" type="stmt"/>
      <line num="530" count="0" type="cond" truecount="0" falsecount="2"/>
      <line num="531" count="0" type="stmt"/>
      <line num="533" count="0" type="stmt"/>
      <line num="535" count="0" type="stmt"/>
      <line num="536" count="0" type="stmt"/>
      <line num="540" count="172" type="stmt"/>
      <line num="542" count="1364" type="cond" truecount="2" falsecount="0"/>
      <line num="543" count="2" type="cond" truecount="1" falsecount="1"/>
      <line num="544" count="2" type="stmt"/>
      <line num="546" count="0" type="stmt"/>
      <line num="547" count="2" type="stmt"/>
      <line num="548" count="2" type="stmt"/>
      <line num="552" count="172" type="cond" truecount="2" falsecount="0"/>
      <line num="553" count="2" type="stmt"/>
      <line num="555" count="170" type="stmt"/>
      <line num="556" count="170" type="cond" truecount="2" falsecount="0"/>
      <line num="558" count="86" type="stmt"/>
      <line num="560" count="86" type="stmt"/>
      <line num="561" count="172" type="stmt"/>
      <line num="565" count="170" type="cond" truecount="1" falsecount="1"/>
      <line num="567" count="0" type="stmt"/>
      <line num="568" count="0" type="cond" truecount="0" falsecount="2"/>
      <line num="569" count="0" type="stmt"/>
      <line num="572" count="0" type="stmt"/>
      <line num="575" count="170" type="stmt"/>
      <line num="576" count="170" type="cond" truecount="1" falsecount="1"/>
      <line num="579" count="0" type="stmt"/>
      <line num="581" count="170" type="stmt"/>
      <line num="583" count="170" type="cond" truecount="4" falsecount="2"/>
      <line num="585" count="0" type="stmt"/>
      <line num="588" count="0" type="stmt"/>
      <line num="591" count="170" type="cond" truecount="1" falsecount="1"/>
      <line num="592" count="170" type="stmt"/>
      <line num="595" count="2" type="cond" truecount="1" falsecount="1"/>
      <line num="598" count="0" type="stmt"/>
      <line num="599" count="0" type="stmt"/>
      <line num="603" count="2" type="stmt"/>
      <line num="604" count="2" type="cond" truecount="1" falsecount="1"/>
      <line num="605" count="0" type="cond" truecount="0" falsecount="2"/>
      <line num="606" count="0" type="stmt"/>
      <line num="611" count="0" type="stmt"/>
      <line num="616" count="2" type="cond" truecount="1" falsecount="1"/>
      <line num="617" count="0" type="cond" truecount="0" falsecount="2"/>
      <line num="618" count="0" type="stmt"/>
      <line num="623" count="0" type="stmt"/>
      <line num="628" count="2" type="cond" truecount="1" falsecount="1"/>
      <line num="629" count="2" type="cond" truecount="1" falsecount="1"/>
      <line num="630" count="0" type="stmt"/>
      <line num="634" count="2" type="cond" truecount="1" falsecount="1"/>
      <line num="635" count="0" type="stmt"/>
      <line num="639" count="2" type="cond" truecount="1" falsecount="1"/>
      <line num="640" count="0" type="stmt"/>
      <line num="644" count="2" type="cond" truecount="1" falsecount="1"/>
      <line num="645" count="0" type="stmt"/>
      <line num="649" count="2" type="cond" truecount="1" falsecount="1"/>
      <line num="650" count="0" type="stmt"/>
      <line num="655" count="2" type="stmt"/>
      <line num="661" count="2" type="stmt"/>
      <line num="671" count="0" type="cond" truecount="0" falsecount="4"/>
      <line num="672" count="0" type="stmt"/>
      <line num="674" count="0" type="stmt"/>
      <line num="675" count="0" type="cond" truecount="0" falsecount="4"/>
      <line num="677" count="0" type="cond" truecount="0" falsecount="2"/>
      <line num="678" count="0" type="stmt"/>
      <line num="681" count="0" type="stmt"/>
      <line num="682" count="0" type="stmt"/>
      <line num="683" count="0" type="stmt"/>
      <line num="686" count="0" type="stmt"/>
      <line num="694" count="0" type="stmt"/>
      <line num="695" count="0" type="cond" truecount="0" falsecount="2"/>
      <line num="696" count="0" type="stmt"/>
      <line num="697" count="0" type="stmt"/>
      <line num="707" count="1" type="cond" truecount="1" falsecount="1"/>
      <line num="708" count="0" type="stmt"/>
      <line num="710" count="1" type="cond" truecount="3" falsecount="1"/>
      <line num="712" count="1" type="stmt"/>
      <line num="717" count="1" type="cond" truecount="1" falsecount="1"/>
      <line num="718" count="1" type="cond" truecount="1" falsecount="1"/>
      <line num="720" count="0" type="stmt"/>
      <line num="721" count="1" type="cond" truecount="1" falsecount="1"/>
      <line num="723" count="1" type="stmt"/>
      <line num="725" count="1" type="stmt"/>
      <line num="736" count="0" type="cond" truecount="0" falsecount="2"/>
      <line num="737" count="0" type="stmt"/>
      <line num="739" count="0" type="cond" truecount="0" falsecount="4"/>
      <line num="740" count="0" type="stmt"/>
      <line num="748" count="0" type="cond" truecount="0" falsecount="4"/>
      <line num="752" count="0" type="cond" truecount="0" falsecount="4"/>
      <line num="755" count="0" type="cond" truecount="0" falsecount="4"/>
      <line num="758" count="0" type="cond" truecount="0" falsecount="4"/>
      <line num="761" count="0" type="cond" truecount="0" falsecount="4"/>
      <line num="764" count="0" type="cond" truecount="0" falsecount="4"/>
      <line num="767" count="0" type="cond" truecount="0" falsecount="4"/>
      <line num="770" count="0" type="cond" truecount="0" falsecount="4"/>
      <line num="773" count="0" type="cond" truecount="0" falsecount="4"/>
      <line num="776" count="0" type="cond" truecount="0" falsecount="4"/>
      <line num="779" count="0" type="cond" truecount="0" falsecount="4"/>
      <line num="782" count="0" type="cond" truecount="0" falsecount="4"/>
      <line num="785" count="0" type="cond" truecount="0" falsecount="4"/>
      <line num="789" count="0" type="cond" truecount="0" falsecount="4"/>
      <line num="792" count="0" type="cond" truecount="0" falsecount="4"/>
      <line num="795" count="0" type="cond" truecount="0" falsecount="4"/>
      <line num="798" count="0" type="cond" truecount="0" falsecount="4"/>
      <line num="801" count="0" type="cond" truecount="0" falsecount="4"/>
      <line num="804" count="0" type="cond" truecount="0" falsecount="4"/>
      <line num="808" count="0" type="cond" truecount="0" falsecount="4"/>
      <line num="811" count="0" type="cond" truecount="0" falsecount="4"/>
      <line num="814" count="0" type="cond" truecount="0" falsecount="4"/>
      <line num="817" count="0" type="cond" truecount="0" falsecount="6"/>
      <line num="820" count="0" type="cond" truecount="0" falsecount="4"/>
      <line num="823" count="0" type="cond" truecount="0" falsecount="4"/>
      <line num="826" count="0" type="cond" truecount="0" falsecount="4"/>
      <line num="829" count="0" type="cond" truecount="0" falsecount="4"/>
      <line num="833" count="0" type="cond" truecount="0" falsecount="4"/>
      <line num="836" count="0" type="cond" truecount="0" falsecount="4"/>
      <line num="839" count="0" type="cond" truecount="0" falsecount="4"/>
      <line num="843" count="0" type="cond" truecount="0" falsecount="4"/>
      <line num="846" count="0" type="cond" truecount="0" falsecount="4"/>
      <line num="849" count="0" type="cond" truecount="0" falsecount="4"/>
      <line num="853" count="0" type="cond" truecount="0" falsecount="4"/>
      <line num="857" count="0" type="cond" truecount="0" falsecount="4"/>
      <line num="860" count="0" type="cond" truecount="0" falsecount="4"/>
      <line num="864" count="0" type="stmt"/>
      <line num="868" count="1" type="stmt"/>
      <line num="869" count="1" type="stmt"/>
    </file>
    <file name="color.ts" path="C:\Users\Sampsa\Development\chess\chess-ts\src\color.ts">
      <metrics statements="6" coveredstatements="5" conditionals="4" coveredconditionals="0" methods="2" coveredmethods="0"/>
      <line num="9" count="1" type="stmt"/>
      <line num="10" count="1" type="stmt"/>
      <line num="11" count="1" type="stmt"/>
      <line num="12" count="1" type="stmt"/>
      <line num="13" count="0" type="stmt"/>
      <line num="22" count="1" type="stmt"/>
    </file>
    <file name="fen.ts" path="C:\Users\Sampsa\Development\chess\chess-ts\src\fen.ts">
      <metrics statements="79" coveredstatements="55" conditionals="73" coveredconditionals="48" methods="4" coveredmethods="2"/>
      <line num="1" count="1" type="stmt"/>
      <line num="2" count="1" type="stmt"/>
      <line num="9" count="1" type="stmt"/>
      <line num="10" count="1" type="stmt"/>
      <line num="11" count="1" type="stmt"/>
      <line num="12" count="1" type="stmt"/>
      <line num="35" count="3" type="stmt"/>
      <line num="45" count="0" type="cond" truecount="0" falsecount="2"/>
      <line num="46" count="0" type="stmt"/>
      <line num="47" count="0" type="stmt"/>
      <line num="48" count="0" type="stmt"/>
      <line num="49" count="0" type="stmt"/>
      <line num="66" count="3" type="stmt"/>
      <line num="70" count="3" type="stmt"/>
      <line num="74" count="3" type="stmt"/>
      <line num="79" count="3" type="cond" truecount="5" falsecount="1"/>
      <line num="82" count="2" type="stmt"/>
      <line num="85" count="1" type="stmt"/>
      <line num="86" count="1" type="cond" truecount="3" falsecount="1"/>
      <line num="87" count="0" type="stmt"/>
      <line num="88" count="1" type="cond" truecount="2" falsecount="2"/>
      <line num="89" count="0" type="stmt"/>
      <line num="92" count="1" type="stmt"/>
      <line num="93" count="1" type="cond" truecount="1" falsecount="1"/>
      <line num="94" count="0" type="stmt"/>
      <line num="97" count="1" type="stmt"/>
      <line num="103" count="8" type="stmt"/>
      <line num="104" count="8" type="stmt"/>
      <line num="105" count="8" type="stmt"/>
      <line num="106" count="42" type="cond" truecount="2" falsecount="0"/>
      <line num="107" count="10" type="cond" truecount="1" falsecount="1"/>
      <line num="108" count="0" type="stmt"/>
      <line num="110" count="10" type="stmt"/>
      <line num="111" count="10" type="stmt"/>
      <line num="113" count="32" type="cond" truecount="2" falsecount="0"/>
      <line num="114" count="16" type="stmt"/>
      <line num="115" count="16" type="cond" truecount="1" falsecount="1"/>
      <line num="116" count="16" type="stmt"/>
      <line num="118" count="0" type="stmt"/>
      <line num="119" count="32" type="cond" truecount="2" falsecount="0"/>
      <line num="120" count="1" type="stmt"/>
      <line num="121" count="31" type="cond" truecount="2" falsecount="0"/>
      <line num="122" count="1" type="stmt"/>
      <line num="123" count="30" type="cond" truecount="2" falsecount="0"/>
      <line num="124" count="8" type="stmt"/>
      <line num="125" count="22" type="cond" truecount="2" falsecount="0"/>
      <line num="126" count="8" type="stmt"/>
      <line num="127" count="32" type="stmt"/>
      <line num="128" count="32" type="stmt"/>
      <line num="131" count="8" type="cond" truecount="1" falsecount="1"/>
      <line num="132" count="0" type="stmt"/>
      <line num="134" count="1" type="cond" truecount="1" falsecount="1"/>
      <line num="136" count="0" type="stmt"/>
      <line num="139" count="1" type="cond" truecount="3" falsecount="1"/>
      <line num="140" count="0" type="stmt"/>
      <line num="143" count="1" type="cond" truecount="3" falsecount="1"/>
      <line num="144" count="0" type="stmt"/>
      <line num="147" count="1" type="cond" truecount="1" falsecount="1"/>
      <line num="148" count="0" type="stmt"/>
      <line num="151" count="1" type="cond" truecount="4" falsecount="2"/>
      <line num="154" count="0" type="stmt"/>
      <line num="157" count="1" type="cond" truecount="1" falsecount="1"/>
      <line num="158" count="0" type="stmt"/>
      <line num="160" count="1" type="cond" truecount="1" falsecount="1"/>
      <line num="161" count="1" type="cond" truecount="1" falsecount="1"/>
      <line num="162" count="0" type="stmt"/>
      <line num="163" count="1" type="cond" truecount="1" falsecount="1"/>
      <line num="164" count="0" type="stmt"/>
      <line num="165" count="1" type="cond" truecount="1" falsecount="1"/>
      <line num="166" count="0" type="stmt"/>
      <line num="167" count="1" type="cond" truecount="1" falsecount="1"/>
      <line num="168" count="0" type="stmt"/>
      <line num="169" count="1" type="cond" truecount="1" falsecount="1"/>
      <line num="170" count="0" type="stmt"/>
      <line num="171" count="1" type="cond" truecount="1" falsecount="1"/>
      <line num="172" count="0" type="stmt"/>
      <line num="175" count="1" type="stmt"/>
      <line num="181" count="0" type="stmt"/>
      <line num="185" count="1" type="stmt"/>
    </file>
    <file name="flags.ts" path="C:\Users\Sampsa\Development\chess\chess-ts\src\flags.ts">
      <metrics statements="44" coveredstatements="33" conditionals="17" coveredconditionals="8" methods="8" coveredmethods="7"/>
      <line num="10" count="1" type="stmt"/>
      <line num="11" count="1" type="stmt"/>
      <line num="12" count="1" type="stmt"/>
      <line num="13" count="1" type="stmt"/>
      <line num="14" count="1" type="stmt"/>
      <line num="15" count="1" type="stmt"/>
      <line num="16" count="1" type="stmt"/>
      <line num="17" count="1" type="stmt"/>
      <line num="18" count="1" type="stmt"/>
      <line num="19" count="1" type="stmt"/>
      <line num="20" count="1" type="stmt"/>
      <line num="21" count="1" type="stmt"/>
      <line num="22" count="1" type="stmt"/>
      <line num="34" count="1" type="stmt"/>
      <line num="49" count="328164" type="stmt"/>
      <line num="55" count="328164" type="stmt"/>
      <line num="56" count="238722" type="stmt"/>
      <line num="64" count="131580" type="stmt"/>
      <line num="71" count="277402" type="cond" truecount="1" falsecount="1"/>
      <line num="72" count="0" type="stmt"/>
      <line num="73" count="277402" type="cond" truecount="1" falsecount="1"/>
      <line num="74" count="0" type="stmt"/>
      <line num="76" count="277402" type="stmt"/>
      <line num="83" count="6160" type="stmt"/>
      <line num="90" count="929503" type="stmt"/>
      <line num="91" count="646167" type="cond" truecount="2" falsecount="0"/>
      <line num="92" count="107926" type="stmt"/>
      <line num="95" count="821577" type="stmt"/>
      <line num="101" count="262632" type="stmt"/>
      <line num="109" count="7684" type="stmt"/>
      <line num="110" count="11420" type="cond" truecount="2" falsecount="0"/>
      <line num="111" count="7266" type="stmt"/>
      <line num="112" count="7266" type="stmt"/>
      <line num="115" count="418" type="cond" truecount="1" falsecount="1"/>
      <line num="116" count="0" type="stmt"/>
      <line num="126" count="0" type="stmt"/>
      <line num="127" count="0" type="cond" truecount="0" falsecount="2"/>
      <line num="128" count="0" type="stmt"/>
      <line num="129" count="0" type="stmt"/>
      <line num="130" count="0" type="stmt"/>
      <line num="133" count="0" type="cond" truecount="0" falsecount="2"/>
      <line num="134" count="0" type="stmt"/>
      <line num="137" count="0" type="stmt"/>
      <line num="141" count="1" type="stmt"/>
    </file>
    <file name="game.ts" path="C:\Users\Sampsa\Development\chess\chess-ts\src\game.ts">
      <metrics statements="462" coveredstatements="147" conditionals="331" coveredconditionals="99" methods="54" coveredmethods="15"/>
      <line num="1" count="1" type="stmt"/>
      <line num="2" count="1" type="stmt"/>
      <line num="3" count="1" type="stmt"/>
      <line num="4" count="1" type="stmt"/>
      <line num="5" count="1" type="stmt"/>
      <line num="6" count="1" type="stmt"/>
      <line num="7" count="1" type="stmt"/>
      <line num="9" count="1" type="stmt"/>
      <line num="19" count="1" type="stmt"/>
      <line num="55" count="1" type="stmt"/>
      <line num="72" count="3" type="stmt"/>
      <line num="83" count="3" type="stmt"/>
      <line num="85" count="3" type="stmt"/>
      <line num="87" count="3" type="cond" truecount="3" falsecount="1"/>
      <line num="88" count="3" type="stmt"/>
      <line num="89" count="3" type="cond" truecount="1" falsecount="1"/>
      <line num="90" count="3" type="stmt"/>
      <line num="92" count="0" type="stmt"/>
      <line num="93" count="0" type="stmt"/>
      <line num="96" count="3" type="cond" truecount="2" falsecount="0"/>
      <line num="97" count="1" type="stmt"/>
      <line num="98" count="1" type="stmt"/>
      <line num="101" count="0" type="stmt"/>
      <line num="103" count="3" type="stmt"/>
      <line num="104" count="3" type="stmt"/>
      <line num="105" count="3" type="stmt"/>
      <line num="106" count="3" type="stmt"/>
      <line num="107" count="3" type="stmt"/>
      <line num="113" count="3" type="stmt"/>
      <line num="121" count="0" type="stmt"/>
      <line num="122" count="0" type="cond" truecount="0" falsecount="2"/>
      <line num="123" count="0" type="stmt"/>
      <line num="124" count="0" type="stmt"/>
      <line num="126" count="0" type="stmt"/>
      <line num="127" count="0" type="stmt"/>
      <line num="129" count="0" type="stmt"/>
      <line num="137" count="0" type="cond" truecount="0" falsecount="2"/>
      <line num="138" count="0" type="cond" truecount="0" falsecount="2"/>
      <line num="139" count="0" type="stmt"/>
      <line num="141" count="0" type="stmt"/>
      <line num="149" count="0" type="cond" truecount="0" falsecount="2"/>
      <line num="150" count="0" type="cond" truecount="0" falsecount="2"/>
      <line num="151" count="0" type="stmt"/>
      <line num="153" count="0" type="stmt"/>
      <line num="161" count="0" type="cond" truecount="0" falsecount="2"/>
      <line num="162" count="0" type="stmt"/>
      <line num="170" count="0" type="cond" truecount="0" falsecount="5"/>
      <line num="172" count="0" type="stmt"/>
      <line num="173" count="0" type="stmt"/>
      <line num="174" count="0" type="cond" truecount="0" falsecount="2"/>
      <line num="175" count="0" type="stmt"/>
      <line num="184" count="0" type="cond" truecount="0" falsecount="4"/>
[...]
      <line num="326" count="5269" type="stmt"/>
      <line num="330" count="5251" type="stmt"/>
      <line num="333" count="1" type="stmt"/>
    </file>
    <file name="nag.ts" path="C:\Users\Sampsa\Development\chess\chess-ts\src\nag.ts">
      <metrics statements="12" coveredstatements="4" conditionals="7" coveredconditionals="0" methods="2" coveredmethods="0"/>
      <line num="5" count="1" type="stmt"/>
      <line num="147" count="1" type="stmt"/>
      <line num="148" count="0" type="stmt"/>
      <line num="149" count="0" type="cond" truecount="0" falsecount="5"/>
      <line num="152" count="0" type="stmt"/>
      <line num="155" count="0" type="stmt"/>
      <line num="157" count="1" type="stmt"/>
      <line num="158" count="0" type="stmt"/>
      <line num="159" count="0" type="cond" truecount="0" falsecount="2"/>
      <line num="160" count="0" type="stmt"/>
      <line num="163" count="0" type="stmt"/>
      <line num="167" count="1" type="stmt"/>
    </file>
    <file name="options.ts" path="C:\Users\Sampsa\Development\chess\chess-ts\src\options.ts">
      <metrics statements="24" coveredstatements="21" conditionals="0" coveredconditionals="0" methods="13" coveredmethods="10"/>
      <line num="9" count="1" type="stmt"/>
      <line num="14" count="2" type="stmt"/>
      <line num="24" count="5032" type="stmt"/>
      <line num="33" count="12" type="stmt"/>
      <line num="45" count="65703" type="stmt"/>
      <line num="59" count="119962" type="stmt"/>
      <line num="61" count="1" type="stmt"/>
      <line num="69" count="1" type="stmt"/>
      <line num="82" count="0" type="stmt"/>
      <line num="89" count="1" type="stmt"/>
      <line num="102" count="181" type="stmt"/>
      <line num="121" count="1" type="stmt"/>
      <line num="131" count="1" type="stmt"/>
      <line num="143" count="1" type="stmt"/>
      <line num="150" count="1" type="stmt"/>
      <line num="161" count="190894" type="stmt"/>
      <line num="162" count="190894" type="stmt"/>
      <line num="170" count="381788" type="stmt"/>
      <line num="171" count="381788" type="stmt"/>
      <line num="172" count="789777" type="stmt"/>
      <line num="174" count="381788" type="stmt"/>
      <line num="181" count="0" type="stmt"/>
      <line num="188" count="0" type="stmt"/>
      <line num="192" count="1" type="stmt"/>
    </file>
    <file name="piece.ts" path="C:\Users\Sampsa\Development\chess\chess-ts\src\piece.ts">
      <metrics statements="35" coveredstatements="34" conditionals="6" coveredconditionals="6" methods="4" coveredmethods="3"/>
      <line num="1" count="1" type="stmt"/>
      <line num="6" count="1" type="stmt"/>
      <line num="7" count="1" type="stmt"/>
      <line num="8" count="1" type="stmt"/>
      <line num="9" count="1" type="stmt"/>
      <line num="10" count="1" type="stmt"/>
      <line num="11" count="1" type="stmt"/>
      <line num="12" count="1" type="stmt"/>
      <line num="14" count="1" type="stmt"/>
      <line num="15" count="1" type="stmt"/>
      <line num="16" count="1" type="stmt"/>
      <line num="17" count="1" type="stmt"/>
      <line num="18" count="1" type="stmt"/>
      <line num="19" count="1" type="stmt"/>
      <line num="20" count="1" type="stmt"/>
      <line num="21" count="1" type="stmt"/>
      <line num="22" count="1" type="stmt"/>
      <line num="23" count="1" type="stmt"/>
      <line num="24" count="1" type="stmt"/>
      <line num="25" count="1" type="stmt"/>
      <line num="26" count="1" type="stmt"/>
      <line num="28" count="1" type="stmt"/>
      <line num="46" count="1" type="stmt"/>
      <line num="52" count="1" type="stmt"/>
      <line num="67" count="13" type="stmt"/>
      <line num="68" count="13" type="stmt"/>
      <line num="69" count="13" type="cond" truecount="2" falsecount="0"/>
      <line num="70" count="13" type="cond" truecount="2" falsecount="0"/>
      <line num="72" count="13" type="stmt"/>
      <line num="73" count="13" type="stmt"/>
      <line num="75" count="13" type="stmt"/>
      <line num="82" count="3135186" type="stmt"/>
      <line num="88" count="0" type="stmt"/>
      <line num="96" count="96" type="stmt"/>
      <line num="100" count="1" type="stmt"/>
    </file>
    <file name="time_control.ts" path="C:\Users\Sampsa\Development\chess\chess-ts\src\time_control.ts">
      <metrics statements="266" coveredstatements="26" conditionals="223" coveredconditionals="6" methods="26" coveredmethods="3"/>
      <line num="1" count="1" type="stmt"/>
      <line num="2" count="1" type="stmt"/>
      <line num="17" count="1" type="stmt"/>
      <line num="28" count="1" type="stmt"/>
      <line num="30" count="3" type="stmt"/>
      <line num="31" count="3" type="stmt"/>
      <line num="32" count="3" type="stmt"/>
      <line num="33" count="3" type="stmt"/>
      <line num="34" count="3" type="stmt"/>
      <line num="35" count="3" type="stmt"/>
      <line num="36" count="3" type="stmt"/>
      <line num="37" count="3" type="stmt"/>
      <line num="38" count="3" type="stmt"/>
      <line num="39" count="3" type="stmt"/>
      <line num="40" count="3" type="stmt"/>
      <line num="41" count="3" type="stmt"/>
      <line num="48" count="3" type="cond" truecount="1" falsecount="1"/>
      <line num="49" count="0" type="stmt"/>
      <line num="51" count="3" type="cond" truecount="1" falsecount="1"/>
      <line num="52" count="0" type="stmt"/>
      <line num="61" count="0" type="stmt"/>
      <line num="62" count="0" type="stmt"/>
      <line num="64" count="0" type="cond" truecount="0" falsecount="6"/>
      <line num="65" count="0" type="stmt"/>
      <line num="67" count="0" type="stmt"/>
      <line num="70" count="0" type="cond" truecount="0" falsecount="5"/>
      <line num="71" count="0" type="stmt"/>
      <line num="73" count="0" type="cond" truecount="0" falsecount="4"/>
      <line num="74" count="0" type="stmt"/>
      <line num="76" count="0" type="cond" truecount="0" falsecount="4"/>
      <line num="77" count="0" type="stmt"/>
      <line num="79" count="0" type="cond" truecount="0" falsecount="4"/>
      <line num="80" count="0" type="stmt"/>
      <line num="82" count="0" type="cond" truecount="0" falsecount="2"/>
      <line num="83" count="0" type="cond" truecount="0" falsecount="2"/>
      <line num="86" count="0" type="stmt"/>
      <line num="87" count="0" type="stmt"/>
      <line num="88" count="0" type="cond" truecount="0" falsecount="2"/>
      <line num="90" count="0" type="cond" truecount="0" falsecount="2"/>
      <line num="91" count="0" type="stmt"/>
      <line num="93" count="0" type="stmt"/>
      <line num="97" count="0" type="cond" truecount="0" falsecount="2"/>
      <line num="98" count="0" type="stmt"/>
      <line num="101" count="0" type="cond" truecount="0" falsecount="2"/>
      <line num="102" count="0" type="stmt"/>
      <line num="103" count="0" type="stmt"/>
      <line num="105" count="0" type="stmt"/>
      <line num="113" count="0" type="cond" truecount="0" falsecount="2"/>
      <line num="114" count="0" type="stmt"/>
      <line num="116" count="0" type="stmt"/>
      <line num="123" count="0" type="stmt"/>
      <line num="131" count="0" type="stmt"/>
      <line num="133" count="0" type="cond" truecount="0" falsecount="5"/>
      <line num="136" count="0" type="stmt"/>
      <line num="139" count="0" type="stmt"/>
      <line num="147" count="0" type="stmt"/>
      <line num="148" count="0" type="cond" truecount="0" falsecount="5"/>
      <line num="151" count="0" type="stmt"/>
      <line num="154" count="0" type="stmt"/>
      <line num="162" count="0" type="stmt"/>
      <line num="164" count="0" type="cond" truecount="0" falsecount="4"/>
      <line num="165" count="0" type="stmt"/>
      <line num="168" count="0" type="stmt"/>
      <line num="174" count="0" type="stmt"/>
      <line num="181" count="0" type="stmt"/>
      <line num="183" count="0" type="cond" truecount="0" falsecount="2"/>
      <line num="184" count="0" type="stmt"/>
      <line num="185" count="0" type="stmt"/>
      <line num="187" count="0" type="cond" truecount="0" falsecount="2"/>
      <line num="189" count="0" type="stmt"/>
      <line num="191" count="0" type="cond" truecount="0" falsecount="2"/>
      <line num="193" count="0" type="stmt"/>
      <line num="195" count="0" type="stmt"/>
      <line num="203" count="0" type="stmt"/>
      <line num="204" count="0" type="cond" truecount="0" falsecount="5"/>
      <line num="207" count="0" type="stmt"/>
      <line num="210" count="0" type="stmt"/>
      <line num="219" count="181" type="cond" truecount="2" falsecount="0"/>
      <line num="220" count="179" type="stmt"/>
      <line num="222" count="2" type="cond" truecount="1" falsecount="1"/>
      <line num="223" count="2" type="stmt"/>
      <line num="225" count="0" type="stmt"/>
      <line num="226" count="0" type="cond" truecount="0" falsecount="2"/>
      <line num="228" count="0" type="stmt"/>
      <line num="230" count="0" type="stmt"/>
      <line num="233" count="0" type="stmt"/>
      <line num="234" count="0" type="cond" truecount="0" falsecount="2"/>
      <line num="235" count="0" type="cond" truecount="0" falsecount="2"/>
      <line num="237" count="0" type="stmt"/>
      <line num="238" count="0" type="cond" truecount="0" falsecount="2"/>
      <line num="240" count="0" type="stmt"/>
      <line num="243" count="0" type="stmt"/>
      <line num="245" count="0" type="cond" truecount="0" falsecount="2"/>
      <line num="247" count="0" type="stmt"/>
      <line num="248" count="0" type="cond" truecount="0" falsecount="2"/>
      <line num="249" count="0" type="stmt"/>
      <line num="250" count="0" type="stmt"/>
      <line num="253" count="0" type="stmt"/>
      <line num="255" count="0" type="cond" truecount="0" falsecount="2"/>
      <line num="256" count="0" type="stmt"/>
      <line num="260" count="0" type="stmt"/>
      <line num="261" count="0" type="stmt"/>
      <line num="263" count="0" type="cond" truecount="0" falsecount="2"/>
      <line num="264" count="0" type="stmt"/>
      <line num="265" count="0" type="stmt"/>
      <line num="266" count="0" type="stmt"/>
      <line num="267" count="0" type="stmt"/>
      <line num="278" count="0" type="stmt"/>
      <line num="280" count="0" type="stmt"/>
      <line num="281" count="0" type="stmt"/>
      <line num="282" count="0" type="stmt"/>
      <line num="283" count="0" type="stmt"/>
      <line num="284" count="0" type="stmt"/>
      <line num="285" count="0" type="stmt"/>
      <line num="286" count="0" type="stmt"/>
      <line num="287" count="0" type="cond" truecount="0" falsecount="2"/>
      <line num="289" count="0" type="stmt"/>
      <line num="291" count="0" type="stmt"/>
      <line num="296" count="0" type="cond" truecount="0" falsecount="2"/>
      <line num="297" count="0" type="stmt"/>
      <line num="298" count="0" type="stmt"/>
      <line num="300" count="0" type="cond" truecount="0" falsecount="10"/>
      <line num="303" count="0" type="stmt"/>
      <line num="306" count="0" type="stmt"/>
      <line num="308" count="0" type="cond" truecount="0" falsecount="2"/>
      <line num="310" count="0" type="stmt"/>
      <line num="311" count="0" type="cond" truecount="0" falsecount="2"/>
      <line num="312" count="0" type="stmt"/>
      <line num="313" count="0" type="stmt"/>
      <line num="316" count="0" type="stmt"/>
      <line num="317" count="0" type="stmt"/>
      <line num="320" count="0" type="cond" truecount="0" falsecount="2"/>
      <line num="322" count="0" type="cond" truecount="0" falsecount="2"/>
      <line num="323" count="0" type="stmt"/>
      <line num="324" count="0" type="stmt"/>
      <line num="333" count="0" type="stmt"/>
      <line num="334" count="0" type="cond" truecount="0" falsecount="2"/>
      <line num="337" count="0" type="stmt"/>
      <line num="339" count="0" type="cond" truecount="0" falsecount="2"/>
      <line num="343" count="0" type="stmt"/>
      <line num="344" count="0" type="cond" truecount="0" falsecount="2"/>
      <line num="346" count="0" type="stmt"/>
      <line num="349" count="0" type="cond" truecount="0" falsecount="2"/>
      <line num="350" count="0" type="stmt"/>
      <line num="351" count="0" type="cond" truecount="0" falsecount="2"/>
      <line num="352" count="0" type="stmt"/>
      <line num="356" count="0" type="stmt"/>
      <line num="358" count="0" type="cond" truecount="0" falsecount="2"/>
      <line num="360" count="0" type="stmt"/>
      <line num="362" count="0" type="stmt"/>
      <line num="369" count="0" type="cond" truecount="0" falsecount="2"/>
      <line num="370" count="0" type="stmt"/>
      <line num="371" count="0" type="stmt"/>
      <line num="372" count="0" type="stmt"/>
      <line num="374" count="0" type="stmt"/>
      <line num="381" count="0" type="stmt"/>
      <line num="388" count="0" type="stmt"/>
      <line num="395" count="0" type="stmt"/>
      <line num="396" count="0" type="stmt"/>
      <line num="404" count="0" type="cond" truecount="0" falsecount="2"/>
      <line num="405" count="0" type="stmt"/>
      <line num="406" count="0" type="cond" truecount="0" falsecount="2"/>
      <line num="407" count="0" type="stmt"/>
      <line num="409" count="0" type="stmt"/>
      <line num="410" count="0" type="cond" truecount="0" falsecount="2"/>
      <line num="411" count="0" type="stmt"/>
      <line num="412" count="0" type="stmt"/>
      <line num="414" count="0" type="stmt"/>
      <line num="415" count="0" type="stmt"/>
      <line num="416" count="0" type="cond" truecount="0" falsecount="4"/>
      <line num="418" count="0" type="stmt"/>
      <line num="420" count="0" type="stmt"/>
      <line num="422" count="0" type="stmt"/>
      <line num="429" count="0" type="cond" truecount="0" falsecount="2"/>
      <line num="430" count="0" type="stmt"/>
      <line num="431" count="0" type="stmt"/>
      <line num="432" count="0" type="stmt"/>
      <line num="434" count="0" type="stmt"/>
      <line num="440" count="0" type="cond" truecount="0" falsecount="2"/>
      <line num="442" count="0" type="stmt"/>
      <line num="443" count="0" type="stmt"/>
      <line num="445" count="0" type="cond" truecount="0" falsecount="2"/>
      <line num="446" count="0" type="stmt"/>
      <line num="449" count="0" type="cond" truecount="0" falsecount="2"/>
      <line num="452" count="0" type="stmt"/>
      <line num="453" count="0" type="cond" truecount="0" falsecount="4"/>
      <line num="454" count="0" type="cond" truecount="0" falsecount="2"/>
      <line num="457" count="0" type="cond" truecount="0" falsecount="5"/>
      <line num="461" count="0" type="stmt"/>
      <line num="462" count="0" type="stmt"/>
      <line num="463" count="0" type="stmt"/>
      <line num="464" count="0" type="stmt"/>
      <line num="465" count="0" type="stmt"/>
      <line num="466" count="0" type="cond" truecount="0" falsecount="2"/>
      <line num="468" count="0" type="stmt"/>
      <line num="469" count="0" type="cond" truecount="0" falsecount="4"/>
      <line num="472" count="0" type="stmt"/>
      <line num="473" count="0" type="stmt"/>
      <line num="475" count="0" type="cond" truecount="0" falsecount="2"/>
      <line num="476" count="0" type="stmt"/>
      <line num="478" count="0" type="stmt"/>
      <line num="481" count="0" type="cond" truecount="0" falsecount="2"/>
      <line num="482" count="0" type="stmt"/>
      <line num="486" count="0" type="stmt"/>
      <line num="487" count="0" type="stmt"/>
      <line num="488" count="0" type="stmt"/>
      <line num="489" count="0" type="stmt"/>
      <line num="490" count="0" type="stmt"/>
      <line num="491" count="0" type="cond" truecount="0" falsecount="2"/>
      <line num="492" count="0" type="stmt"/>
      <line num="493" count="0" type="cond" truecount="0" falsecount="4"/>
      <line num="494" count="0" type="stmt"/>
      <line num="496" count="0" type="cond" truecount="0" falsecount="2"/>
      <line num="497" count="0" type="stmt"/>
      <line num="500" count="0" type="cond" truecount="0" falsecount="2"/>
      <line num="502" count="0" type="cond" truecount="0" falsecount="2"/>
      <line num="503" count="0" type="stmt"/>
      <line num="509" count="0" type="stmt"/>
      <line num="510" count="0" type="stmt"/>
      <line num="513" count="0" type="cond" truecount="0" falsecount="4"/>
      <line num="517" count="0" type="stmt"/>
      <line num="518" count="0" type="stmt"/>
      <line num="519" count="0" type="stmt"/>
      <line num="520" count="0" type="stmt"/>
      <line num="521" count="0" type="cond" truecount="0" falsecount="2"/>
      <line num="524" count="0" type="stmt"/>
      <line num="525" count="0" type="stmt"/>
      <line num="527" count="0" type="cond" truecount="0" falsecount="2"/>
      <line num="528" count="0" type="stmt"/>
      <line num="530" count="0" type="stmt"/>
      <line num="532" count="0" type="cond" truecount="0" falsecount="2"/>
      <line num="533" count="0" type="stmt"/>
      <line num="537" count="0" type="stmt"/>
      <line num="538" count="0" type="stmt"/>
      <line num="539" count="0" type="stmt"/>
      <line num="540" count="0" type="stmt"/>
      <line num="541" count="0" type="cond" truecount="0" falsecount="2"/>
      <line num="542" count="0" type="stmt"/>
      <line num="543" count="0" type="stmt"/>
      <line num="545" count="0" type="cond" truecount="0" falsecount="2"/>
      <line num="546" count="0" type="stmt"/>
      <line num="556" count="0" type="stmt"/>
      <line num="557" count="0" type="stmt"/>
      <line num="558" count="0" type="stmt"/>
      <line num="560" count="0" type="cond" truecount="0" falsecount="2"/>
      <line num="561" count="0" type="stmt"/>
      <line num="564" count="0" type="cond" truecount="0" falsecount="2"/>
      <line num="566" count="0" type="cond" truecount="0" falsecount="2"/>
      <line num="568" count="0" type="stmt"/>
      <line num="569" count="0" type="cond" truecount="0" falsecount="5"/>
      <line num="571" count="0" type="stmt"/>
      <line num="573" count="0" type="cond" truecount="0" falsecount="2"/>
      <line num="574" count="0" type="stmt"/>
      <line num="576" count="0" type="cond" truecount="0" falsecount="2"/>
      <line num="577" count="0" type="stmt"/>
      <line num="579" count="0" type="stmt"/>
      <line num="581" count="0" type="stmt"/>
      <line num="588" count="0" type="stmt"/>
      <line num="595" count="3" type="stmt"/>
      <line num="601" count="3" type="stmt"/>
      <line num="608" count="3" type="cond" truecount="1" falsecount="1"/>
      <line num="609" count="0" type="stmt"/>
      <line num="610" count="0" type="stmt"/>
      <line num="611" count="0" type="stmt"/>
      <line num="612" count="0" type="stmt"/>
      <line num="617" count="1" type="stmt"/>
    </file>
    <file name="turn.ts" path="C:\Users\Sampsa\Development\chess\chess-ts\src\turn.ts">
      <metrics statements="16" coveredstatements="14" conditionals="2" coveredconditionals="0" methods="3" coveredmethods="1"/>
      <line num="2" count="1" type="stmt"/>
      <line num="24" count="65702" type="stmt"/>
      <line num="25" count="65702" type="stmt"/>
      <line num="27" count="65702" type="stmt"/>
      <line num="31" count="65702" type="stmt"/>
      <line num="35" count="65702" type="stmt"/>
      <line num="36" count="65702" type="stmt"/>
      <line num="37" count="65702" type="stmt"/>
      <line num="38" count="65702" type="stmt"/>
      <line num="39" count="65702" type="stmt"/>
      <line num="40" count="65702" type="stmt"/>
      <line num="41" count="65702" type="stmt"/>
      <line num="42" count="65702" type="stmt"/>
      <line num="46" count="0" type="cond" truecount="0" falsecount="2"/>
      <line num="50" count="0" type="stmt"/>
      <line num="54" count="1" type="stmt"/>
    </file>
  </project>
</coverage>
