{"C:\\Users\\Sampsa\\Development\\chess\\chess-ts\\src\\annotation.ts": {"path":"C:\\Users\\Sampsa\\Development\\chess\\chess-ts\\src\\annotation.ts","statementMap":{"0":{"start":{"line":9,"column":4},"end":{"line":9,"column":null}},"1":{"start":{"line":10,"column":4},"end":{"line":10,"column":null}},"2":{"start":{"line":11,"column":4},"end":{"line":11,"column":null}},"3":{"start":{"line":12,"column":4},"end":{"line":12,"column":null}},"4":{"start":{"line":15,"column":8},"end":{"line":19,"column":null}},"5":{"start":{"line":16,"column":12},"end":{"line":16,"column":null}},"6":{"start":{"line":17,"column":12},"end":{"line":17,"column":null}},"7":{"start":{"line":18,"column":12},"end":{"line":18,"column":18}},"8":{"start":{"line":20,"column":8},"end":{"line":20,"column":null}},"9":{"start":{"line":22,"column":8},"end":{"line":97,"column":null}},"10":{"start":{"line":24,"column":12},"end":{"line":24,"column":null}},"11":{"start":{"line":25,"column":12},"end":{"line":30,"column":null}},"12":{"start":{"line":32,"column":25},"end":{"line":32,"column":54}},"13":{"start":{"line":33,"column":12},"end":{"line":36,"column":null}},"14":{"start":{"line":34,"column":16},"end":{"line":34,"column":null}},"15":{"start":{"line":35,"column":16},"end":{"line":35,"column":22}},"16":{"start":{"line":40,"column":12},"end":{"line":45,"column":null}},"17":{"start":{"line":46,"column":27},"end":{"line":46,"column":31}},"18":{"start":{"line":47,"column":25},"end":{"line":47,"column":26}},"19":{"start":{"line":48,"column":12},"end":{"line":86,"column":null}},"20":{"start":{"line":48,"column":23},"end":{"line":48,"column":24}},"21":{"start":{"line":49,"column":26},"end":{"line":49,"column":86}},"22":{"start":{"line":50,"column":28},"end":{"line":50,"column":30}},"23":{"start":{"line":51,"column":16},"end":{"line":62,"column":null}},"24":{"start":{"line":52,"column":20},"end":{"line":52,"column":null}},"25":{"start":{"line":53,"column":20},"end":{"line":53,"column":28}},"26":{"start":{"line":54,"column":23},"end":{"line":62,"column":null}},"27":{"start":{"line":56,"column":20},"end":{"line":56,"column":null}},"28":{"start":{"line":57,"column":20},"end":{"line":57,"column":null}},"29":{"start":{"line":59,"column":20},"end":{"line":61,"column":null}},"30":{"start":{"line":60,"column":24},"end":{"line":60,"column":null}},"31":{"start":{"line":63,"column":31},"end":{"line":63,"column":48}},"32":{"start":{"line":65,"column":16},"end":{"line":65,"column":null}},"33":{"start":{"line":66,"column":30},"end":{"line":66,"column":59}},"34":{"start":{"line":67,"column":16},"end":{"line":73,"column":null}},"35":{"start":{"line":74,"column":16},"end":{"line":74,"column":null}},"36":{"start":{"line":76,"column":16},"end":{"line":85,"column":null}},"37":{"start":{"line":77,"column":36},"end":{"line":77,"column":67}},"38":{"start":{"line":78,"column":20},"end":{"line":83,"column":null}},"39":{"start":{"line":84,"column":20},"end":{"line":84,"column":null}},"40":{"start":{"line":88,"column":12},"end":{"line":95,"column":null}},"41":{"start":{"line":89,"column":16},"end":{"line":94,"column":null}},"42":{"start":{"line":96,"column":12},"end":{"line":96,"column":null}},"43":{"start":{"line":100,"column":8},"end":{"line":104,"column":null}},"44":{"start":{"line":101,"column":12},"end":{"line":101,"column":null}},"45":{"start":{"line":103,"column":12},"end":{"line":103,"column":null}},"46":{"start":{"line":108,"column":0},"end":{"line":108,"column":null}}},"fnMap":{"0":{"name":"(anonymous_0)","decl":{"start":{"line":14,"column":4},"end":{"line":14,"column":17}},"loc":{"start":{"line":14,"column":43},"end":{"line":98,"column":5}}},"1":{"name":"(anonymous_1)","decl":{"start":{"line":99,"column":4},"end":{"line":99,"column":12}},"loc":{"start":{"line":99,"column":12},"end":{"line":105,"column":5}}}},"branchMap":{"0":{"loc":{"start":{"line":15,"column":8},"end":{"line":19,"column":null}},"type":"if","locations":[{"start":{"line":15,"column":8},"end":{"line":19,"column":null}},{"start":{"line":15,"column":8},"end":{"line":19,"column":null}}]},"1":{"loc":{"start":{"line":22,"column":8},"end":{"line":97,"column":null}},"type":"if","locations":[{"start":{"line":22,"column":8},"end":{"line":97,"column":null}},{"start":{"line":22,"column":8},"end":{"line":97,"column":null}}]},"2":{"loc":{"start":{"line":32,"column":25},"end":{"line":32,"column":48}},"type":"binary-expr","locations":[{"start":{"line":32,"column":25},"end":{"line":32,"column":48}},{"start":{"line":32,"column":52},"end":{"line":32,"column":54}}]},"3":{"loc":{"start":{"line":33,"column":12},"end":{"line":36,"column":null}},"type":"if","locations":[{"start":{"line":33,"column":12},"end":{"line":36,"column":null}},{"start":{"line":33,"column":12},"end":{"line":36,"column":null}}]},"4":{"loc":{"start":{"line":51,"column":16},"end":{"line":62,"column":null}},"type":"if","locations":[{"start":{"line":51,"column":16},"end":{"line":62,"column":null}},{"start":{"line":51,"column":16},"end":{"line":62,"column":null}}]},"5":{"loc":{"start":{"line":54,"column":23},"end":{"line":62,"column":null}},"type":"if","locations":[{"start":{"line":54,"column":23},"end":{"line":62,"column":null}},{"start":{"line":54,"column":23},"end":{"line":62,"column":null}}]},"6":{"loc":{"start":{"line":59,"column":20},"end":{"line":61,"column":null}},"type":"if","locations":[{"start":{"line":59,"column":20},"end":{"line":61,"column":null}},{"start":{"line":59,"column":20},"end":{"line":61,"column":null}}]},"7":{"loc":{"start":{"line":59,"column":24},"end":{"line":59,"column":45}},"type":"binary-expr","locations":[{"start":{"line":59,"column":24},"end":{"line":59,"column":45}},{"start":{"line":59,"column":49},"end":{"line":59,"column":68}}]},"8":{"loc":{"start":{"line":76,"column":16},"end":{"line":85,"column":null}},"type":"if","locations":[{"start":{"line":76,"column":16},"end":{"line":85,"column":null}},{"start":{"line":76,"column":16},"end":{"line":85,"column":null}}]},"9":{"loc":{"start":{"line":88,"column":12},"end":{"line":95,"column":null}},"type":"if","locations":[{"start":{"line":88,"column":12},"end":{"line":95,"column":null}},{"start":{"line":88,"column":12},"end":{"line":95,"column":null}}]},"10":{"loc":{"start":{"line":100,"column":8},"end":{"line":104,"column":null}},"type":"if","locations":[{"start":{"line":100,"column":8},"end":{"line":104,"column":null}},{"start":{"line":100,"column":8},"end":{"line":104,"column":null}}]}},"s":{"0":2,"1":2,"2":2,"3":2,"4":2,"5":0,"6":0,"7":0,"8":2,"9":2,"10":2,"11":2,"12":0,"13":0,"14":0,"15":0,"16":0,"17":0,"18":0,"19":0,"20":0,"21":0,"22":0,"23":0,"24":0,"25":0,"26":0,"27":0,"28":0,"29":0,"30":0,"31":0,"32":0,"33":0,"34":0,"35":0,"36":0,"37":0,"38":0,"39":0,"40":0,"41":0,"42":0,"43":1,"44":0,"45":1,"46":1},"f":{"0":2,"1":1},"b":{"0":[0,2],"1":[2,0],"2":[0,0],"3":[0,0],"4":[0,0],"5":[0,0],"6":[0,0],"7":[0,0],"8":[0,0],"9":[0,0],"10":[0,1]}}
,"C:\\Users\\Sampsa\\Development\\chess\\chess-ts\\src\\board.ts": {"path":"C:\\Users\\Sampsa\\Development\\chess\\chess-ts\\src\\board.ts","statementMap":{"0":{"start":{"line":2,"column":0},"end":{"line":2,"column":27}},"1":{"start":{"line":3,"column":0},"end":{"line":3,"column":23}},"2":{"start":{"line":4,"column":0},"end":{"line":4,"column":27}},"3":{"start":{"line":5,"column":0},"end":{"line":5,"column":25}},"4":{"start":{"line":6,"column":0},"end":{"line":6,"column":23}},"5":{"start":{"line":7,"column":0},"end":{"line":7,"column":25}},"6":{"start":{"line":8,"column":0},"end":{"line":8,"column":25}},"7":{"start":{"line":9,"column":0},"end":{"line":9,"column":31}},"8":{"start":{"line":10,"column":0},"end":{"line":10,"column":27}},"9":{"start":{"line":36,"column":4},"end":{"line":40,"column":null}},"10":{"start":{"line":43,"column":8},"end":{"line":43,"column":null}},"11":{"start":{"line":44,"column":8},"end":{"line":44,"column":null}},"12":{"start":{"line":45,"column":8},"end":{"line":45,"column":null}},"13":{"start":{"line":46,"column":8},"end":{"line":46,"column":null}},"14":{"start":{"line":47,"column":8},"end":{"line":47,"column":null}},"15":{"start":{"line":48,"column":8},"end":{"line":48,"column":null}},"16":{"start":{"line":49,"column":8},"end":{"line":49,"column":null}},"17":{"start":{"line":50,"column":8},"end":{"line":50,"column":null}},"18":{"start":{"line":51,"column":8},"end":{"line":51,"column":31}},"19":{"start":{"line":53,"column":8},"end":{"line":53,"column":null}},"20":{"start":{"line":53,"column":66},"end":{"line":53,"column":76}},"21":{"start":{"line":55,"column":8},"end":{"line":58,"column":null}},"22":{"start":{"line":60,"column":8},"end":{"line":63,"column":null}},"23":{"start":{"line":64,"column":8},"end":{"line":64,"column":26}},"24":{"start":{"line":65,"column":8},"end":{"line":65,"column":36}},"25":{"start":{"line":66,"column":8},"end":{"line":66,"column":34}},"26":{"start":{"line":67,"column":8},"end":{"line":67,"column":34}},"27":{"start":{"line":68,"column":8},"end":{"line":68,"column":null}},"28":{"start":{"line":70,"column":8},"end":{"line":70,"column":null}},"29":{"start":{"line":78,"column":23},"end":{"line":78,"column":53}},"30":{"start":{"line":79,"column":8},"end":{"line":79,"column":null}},"31":{"start":{"line":80,"column":8},"end":{"line":80,"column":null}},"32":{"start":{"line":81,"column":8},"end":{"line":81,"column":null}},"33":{"start":{"line":82,"column":8},"end":{"line":82,"column":null}},"34":{"start":{"line":83,"column":8},"end":{"line":83,"column":null}},"35":{"start":{"line":84,"column":8},"end":{"line":84,"column":null}},"36":{"start":{"line":85,"column":8},"end":{"line":85,"column":null}},"37":{"start":{"line":86,"column":8},"end":{"line":86,"column":null}},"38":{"start":{"line":87,"column":8},"end":{"line":87,"column":null}},"39":{"start":{"line":88,"column":8},"end":{"line":88,"column":45}},"40":{"start":{"line":89,"column":8},"end":{"line":92,"column":null}},"41":{"start":{"line":93,"column":8},"end":{"line":96,"column":null}},"42":{"start":{"line":97,"column":8},"end":{"line":97,"column":null}},"43":{"start":{"line":98,"column":8},"end":{"line":98,"column":null}},"44":{"start":{"line":99,"column":8},"end":{"line":99,"column":null}},"45":{"start":{"line":100,"column":8},"end":{"line":100,"column":null}},"46":{"start":{"line":101,"column":8},"end":{"line":105,"column":null}},"47":{"start":{"line":106,"column":8},"end":{"line":106,"column":null}},"48":{"start":{"line":107,"column":8},"end":{"line":107,"column":null}},"49":{"start":{"line":117,"column":8},"end":{"line":117,"column":null}},"50":{"start":{"line":118,"column":23},"end":{"line":118,"column":45}},"51":{"start":{"line":119,"column":8},"end":{"line":121,"column":null}},"52":{"start":{"line":120,"column":12},"end":{"line":120,"column":null}},"53":{"start":{"line":122,"column":8},"end":{"line":122,"column":null}},"54":{"start":{"line":123,"column":8},"end":{"line":123,"column":null}},"55":{"start":{"line":124,"column":8},"end":{"line":124,"column":null}},"56":{"start":{"line":126,"column":8},"end":{"line":126,"column":null}},"57":{"start":{"line":127,"column":8},"end":{"line":127,"column":null}},"58":{"start":{"line":128,"column":8},"end":{"line":128,"column":null}},"59":{"start":{"line":129,"column":8},"end":{"line":129,"column":null}},"60":{"start":{"line":138,"column":23},"end":{"line":138,"column":38}},"61":{"start":{"line":139,"column":8},"end":{"line":143,"column":null}},"62":{"start":{"line":140,"column":12},"end":{"line":140,"column":null}},"63":{"start":{"line":142,"column":12},"end":{"line":142,"column":null}},"64":{"start":{"line":152,"column":24},"end":{"line":152,"column":36}},"65":{"start":{"line":153,"column":23},"end":{"line":153,"column":41}},"66":{"start":{"line":154,"column":8},"end":{"line":157,"column":null}},"67":{"start":{"line":155,"column":12},"end":{"line":155,"column":null}},"68":{"start":{"line":156,"column":12},"end":{"line":156,"column":null}},"69":{"start":{"line":158,"column":23},"end":{"line":158,"column":39}},"70":{"start":{"line":159,"column":20},"end":{"line":159,"column":29}},"71":{"start":{"line":160,"column":18},"end":{"line":160,"column":19}},"72":{"start":{"line":162,"column":8},"end":{"line":172,"column":null}},"73":{"start":{"line":162,"column":21},"end":{"line":162,"column":22}},"74":{"start":{"line":163,"column":24},"end":{"line":163,"column":37}},"75":{"start":{"line":164,"column":12},"end":{"line":171,"column":null}},"76":{"start":{"line":165,"column":16},"end":{"line":165,"column":null}},"77":{"start":{"line":166,"column":19},"end":{"line":171,"column":null}},"78":{"start":{"line":167,"column":16},"end":{"line":167,"column":null}},"79":{"start":{"line":169,"column":16},"end":{"line":169,"column":null}},"80":{"start":{"line":170,"column":16},"end":{"line":170,"column":null}},"81":{"start":{"line":173,"column":8},"end":{"line":173,"column":null}},"82":{"start":{"line":174,"column":8},"end":{"line":174,"column":null}},"83":{"start":{"line":175,"column":8},"end":{"line":175,"column":null}},"84":{"start":{"line":177,"column":8},"end":{"line":179,"column":null}},"85":{"start":{"line":178,"column":12},"end":{"line":178,"column":null}},"86":{"start":{"line":180,"column":8},"end":{"line":182,"column":null}},"87":{"start":{"line":181,"column":12},"end":{"line":181,"column":null}},"88":{"start":{"line":183,"column":8},"end":{"line":185,"column":null}},"89":{"start":{"line":184,"column":12},"end":{"line":184,"column":null}},"90":{"start":{"line":186,"column":8},"end":{"line":188,"column":null}},"91":{"start":{"line":187,"column":12},"end":{"line":187,"column":null}},"92":{"start":{"line":189,"column":8},"end":{"line":190,"column":null}},"93":{"start":{"line":191,"column":8},"end":{"line":191,"column":null}},"94":{"start":{"line":192,"column":8},"end":{"line":192,"column":null}},"95":{"start":{"line":193,"column":8},"end":{"line":193,"column":null}},"96":{"start":{"line":194,"column":8},"end":{"line":194,"column":null}},"97":{"start":{"line":195,"column":8},"end":{"line":195,"column":null}},"98":{"start":{"line":206,"column":8},"end":{"line":218,"column":null}},"99":{"start":{"line":207,"column":12},"end":{"line":210,"column":null}},"100":{"start":{"line":208,"column":16},"end":{"line":208,"column":null}},"101":{"start":{"line":209,"column":16},"end":{"line":209,"column":null}},"102":{"start":{"line":211,"column":12},"end":{"line":211,"column":null}},"103":{"start":{"line":213,"column":12},"end":{"line":216,"column":null}},"104":{"start":{"line":214,"column":16},"end":{"line":214,"column":null}},"105":{"start":{"line":215,"column":16},"end":{"line":215,"column":null}},"106":{"start":{"line":217,"column":12},"end":{"line":217,"column":null}},"107":{"start":{"line":227,"column":8},"end":{"line":230,"column":null}},"108":{"start":{"line":228,"column":12},"end":{"line":228,"column":null}},"109":{"start":{"line":229,"column":12},"end":{"line":229,"column":null}},"110":{"start":{"line":232,"column":8},"end":{"line":235,"column":null}},"111":{"start":{"line":233,"column":12},"end":{"line":233,"column":null}},"112":{"start":{"line":234,"column":12},"end":{"line":234,"column":null}},"113":{"start":{"line":237,"column":26},"end":{"line":237,"column":46}},"114":{"start":{"line":239,"column":8},"end":{"line":239,"column":null}},"115":{"start":{"line":240,"column":8},"end":{"line":242,"column":null}},"116":{"start":{"line":241,"column":12},"end":{"line":241,"column":null}},"117":{"start":{"line":243,"column":8},"end":{"line":243,"column":null}},"118":{"start":{"line":252,"column":8},"end":{"line":255,"column":null}},"119":{"start":{"line":253,"column":12},"end":{"line":253,"column":null}},"120":{"start":{"line":254,"column":12},"end":{"line":254,"column":null}},"121":{"start":{"line":256,"column":22},"end":{"line":256,"column":42}},"122":{"start":{"line":257,"column":8},"end":{"line":261,"column":null}},"123":{"start":{"line":258,"column":12},"end":{"line":258,"column":null}},"124":{"start":{"line":259,"column":15},"end":{"line":261,"column":null}},"125":{"start":{"line":260,"column":12},"end":{"line":260,"column":null}},"126":{"start":{"line":263,"column":8},"end":{"line":263,"column":null}},"127":{"start":{"line":264,"column":8},"end":{"line":264,"column":null}},"128":{"start":{"line":271,"column":24},"end":{"line":271,"column":26}},"129":{"start":{"line":272,"column":8},"end":{"line":276,"column":null}},"130":{"start":{"line":272,"column":19},"end":{"line":272,"column":20}},"131":{"start":{"line":273,"column":12},"end":{"line":275,"column":null}},"132":{"start":{"line":274,"column":16},"end":{"line":274,"column":null}},"133":{"start":{"line":278,"column":8},"end":{"line":292,"column":null}},"134":{"start":{"line":279,"column":12},"end":{"line":291,"column":null}},"135":{"start":{"line":280,"column":16},"end":{"line":280,"column":null}},"136":{"start":{"line":281,"column":19},"end":{"line":291,"column":null}},"137":{"start":{"line":282,"column":16},"end":{"line":282,"column":null}},"138":{"start":{"line":283,"column":19},"end":{"line":291,"column":null}},"139":{"start":{"line":284,"column":16},"end":{"line":284,"column":null}},"140":{"start":{"line":285,"column":19},"end":{"line":291,"column":null}},"141":{"start":{"line":286,"column":16},"end":{"line":286,"column":null}},"142":{"start":{"line":287,"column":19},"end":{"line":291,"column":null}},"143":{"start":{"line":288,"column":16},"end":{"line":288,"column":null}},"144":{"start":{"line":290,"column":16},"end":{"line":290,"column":null}},"145":{"start":{"line":293,"column":8},"end":{"line":293,"column":null}},"146":{"start":{"line":301,"column":8},"end":{"line":301,"column":null}},"147":{"start":{"line":309,"column":8},"end":{"line":309,"column":null}},"148":{"start":{"line":316,"column":8},"end":{"line":318,"column":null}},"149":{"start":{"line":317,"column":12},"end":{"line":317,"column":null}},"150":{"start":{"line":319,"column":8},"end":{"line":319,"column":null}},"151":{"start":{"line":326,"column":24},"end":{"line":326,"column":87}},"152":{"start":{"line":327,"column":20},"end":{"line":327,"column":21}},"153":{"start":{"line":328,"column":18},"end":{"line":328,"column":20}},"154":{"start":{"line":330,"column":8},"end":{"line":353,"column":null}},"155":{"start":{"line":330,"column":19},"end":{"line":330,"column":41}},"156":{"start":{"line":331,"column":12},"end":{"line":340,"column":null}},"157":{"start":{"line":332,"column":16},"end":{"line":332,"column":null}},"158":{"start":{"line":334,"column":16},"end":{"line":338,"column":null}},"159":{"start":{"line":336,"column":20},"end":{"line":336,"column":null}},"160":{"start":{"line":337,"column":20},"end":{"line":337,"column":null}},"161":{"start":{"line":339,"column":16},"end":{"line":339,"column":null}},"162":{"start":{"line":341,"column":12},"end":{"line":352,"column":null}},"163":{"start":{"line":343,"column":16},"end":{"line":345,"column":null}},"164":{"start":{"line":344,"column":20},"end":{"line":344,"column":null}},"165":{"start":{"line":347,"column":16},"end":{"line":349,"column":null}},"166":{"start":{"line":348,"column":20},"end":{"line":348,"column":null}},"167":{"start":{"line":350,"column":16},"end":{"line":350,"column":null}},"168":{"start":{"line":351,"column":16},"end":{"line":351,"column":null}},"169":{"start":{"line":355,"column":8},"end":{"line":359,"column":null}},"170":{"start":{"line":356,"column":12},"end":{"line":356,"column":null}},"171":{"start":{"line":358,"column":12},"end":{"line":358,"column":null}},"172":{"start":{"line":361,"column":17},"end":{"line":361,"column":19}},"173":{"start":{"line":362,"column":8},"end":{"line":362,"column":null}},"174":{"start":{"line":362,"column":77},"end":{"line":362,"column":null}},"175":{"start":{"line":363,"column":8},"end":{"line":363,"column":null}},"176":{"start":{"line":363,"column":77},"end":{"line":363,"column":null}},"177":{"start":{"line":364,"column":8},"end":{"line":364,"column":null}},"178":{"start":{"line":364,"column":77},"end":{"line":364,"column":null}},"179":{"start":{"line":365,"column":8},"end":{"line":365,"column":null}},"180":{"start":{"line":365,"column":77},"end":{"line":365,"column":null}},"181":{"start":{"line":367,"column":8},"end":{"line":367,"column":null}},"182":{"start":{"line":369,"column":8},"end":{"line":369,"column":null}},"183":{"start":{"line":371,"column":8},"end":{"line":371,"column":null}},"184":{"start":{"line":372,"column":8},"end":{"line":372,"column":null}},"185":{"start":{"line":388,"column":24},"end":{"line":388,"column":93}},"186":{"start":{"line":389,"column":20},"end":{"line":393,"column":10}},"187":{"start":{"line":394,"column":25},"end":{"line":394,"column":89}},"188":{"start":{"line":395,"column":8},"end":{"line":453,"column":null}},"189":{"start":{"line":396,"column":29},"end":{"line":396,"column":54}},"190":{"start":{"line":398,"column":12},"end":{"line":404,"column":null}},"191":{"start":{"line":403,"column":16},"end":{"line":403,"column":22}},"192":{"start":{"line":406,"column":12},"end":{"line":444,"column":null}},"193":{"start":{"line":408,"column":16},"end":{"line":413,"column":null}},"194":{"start":{"line":409,"column":20},"end":{"line":409,"column":null}},"195":{"start":{"line":410,"column":20},"end":{"line":410,"column":null}},"196":{"start":{"line":412,"column":20},"end":{"line":412,"column":null}},"197":{"start":{"line":415,"column":16},"end":{"line":443,"column":null}},"198":{"start":{"line":416,"column":20},"end":{"line":416,"column":null}},"199":{"start":{"line":417,"column":20},"end":{"line":417,"column":null}},"200":{"start":{"line":418,"column":20},"end":{"line":418,"column":null}},"201":{"start":{"line":419,"column":20},"end":{"line":421,"column":null}},"202":{"start":{"line":420,"column":24},"end":{"line":420,"column":null}},"203":{"start":{"line":422,"column":23},"end":{"line":443,"column":null}},"204":{"start":{"line":423,"column":20},"end":{"line":428,"column":null}},"205":{"start":{"line":424,"column":24},"end":{"line":424,"column":null}},"206":{"start":{"line":425,"column":24},"end":{"line":425,"column":null}},"207":{"start":{"line":427,"column":24},"end":{"line":427,"column":null}},"208":{"start":{"line":429,"column":23},"end":{"line":443,"column":null}},"209":{"start":{"line":430,"column":20},"end":{"line":435,"column":null}},"210":{"start":{"line":431,"column":24},"end":{"line":431,"column":null}},"211":{"start":{"line":432,"column":24},"end":{"line":432,"column":null}},"212":{"start":{"line":434,"column":24},"end":{"line":434,"column":null}},"213":{"start":{"line":436,"column":23},"end":{"line":443,"column":null}},"214":{"start":{"line":437,"column":20},"end":{"line":442,"column":null}},"215":{"start":{"line":438,"column":24},"end":{"line":438,"column":null}},"216":{"start":{"line":439,"column":24},"end":{"line":439,"column":null}},"217":{"start":{"line":441,"column":24},"end":{"line":441,"column":null}},"218":{"start":{"line":446,"column":12},"end":{"line":452,"column":null}},"219":{"start":{"line":447,"column":16},"end":{"line":447,"column":null}},"220":{"start":{"line":448,"column":19},"end":{"line":452,"column":null}},"221":{"start":{"line":449,"column":16},"end":{"line":449,"column":null}},"222":{"start":{"line":451,"column":16},"end":{"line":451,"column":null}},"223":{"start":{"line":454,"column":8},"end":{"line":454,"column":null}},"224":{"start":{"line":461,"column":24},"end":{"line":461,"column":103}},"225":{"start":{"line":469,"column":8},"end":{"line":483,"column":null}},"226":{"start":{"line":473,"column":12},"end":{"line":475,"column":null}},"227":{"start":{"line":474,"column":16},"end":{"line":474,"column":null}},"228":{"start":{"line":477,"column":29},"end":{"line":477,"column":31}},"229":{"start":{"line":478,"column":12},"end":{"line":481,"column":null}},"230":{"start":{"line":478,"column":23},"end":{"line":478,"column":24}},"231":{"start":{"line":479,"column":16},"end":{"line":480,"column":null}},"232":{"start":{"line":480,"column":20},"end":{"line":480,"column":null}},"233":{"start":{"line":482,"column":12},"end":{"line":482,"column":null}},"234":{"start":{"line":485,"column":33},"end":{"line":485,"column":35}},"235":{"start":{"line":486,"column":23},"end":{"line":486,"column":32}},"236":{"start":{"line":487,"column":25},"end":{"line":487,"column":78}},"237":{"start":{"line":489,"column":24},"end":{"line":526,"column":9}},"238":{"start":{"line":493,"column":31},"end":{"line":493,"column":147}},"239":{"start":{"line":494,"column":29},"end":{"line":501,"column":null}},"240":{"start":{"line":504,"column":12},"end":{"line":525,"column":null}},"241":{"start":{"line":507,"column":37},"end":{"line":507,"column":117}},"242":{"start":{"line":509,"column":16},"end":{"line":517,"column":null}},"243":{"start":{"line":510,"column":20},"end":{"line":510,"column":null}},"244":{"start":{"line":511,"column":20},"end":{"line":511,"column":null}},"245":{"start":{"line":512,"column":20},"end":{"line":516,"column":null}},"246":{"start":{"line":513,"column":24},"end":{"line":513,"column":null}},"247":{"start":{"line":515,"column":24},"end":{"line":515,"column":null}},"248":{"start":{"line":519,"column":16},"end":{"line":519,"column":null}},"249":{"start":{"line":520,"column":16},"end":{"line":524,"column":null}},"250":{"start":{"line":521,"column":20},"end":{"line":521,"column":null}},"251":{"start":{"line":523,"column":20},"end":{"line":523,"column":null}},"252":{"start":{"line":528,"column":27},"end":{"line":531,"column":null}},"253":{"start":{"line":533,"column":23},"end":{"line":533,"column":45}},"254":{"start":{"line":534,"column":22},"end":{"line":534,"column":44}},"255":{"start":{"line":535,"column":8},"end":{"line":542,"column":null}},"256":{"start":{"line":537,"column":12},"end":{"line":541,"column":null}},"257":{"start":{"line":538,"column":16},"end":{"line":538,"column":null}},"258":{"start":{"line":540,"column":16},"end":{"line":540,"column":26}},"259":{"start":{"line":544,"column":8},"end":{"line":661,"column":null}},"260":{"start":{"line":544,"column":19},"end":{"line":544,"column":27}},"261":{"start":{"line":549,"column":12},"end":{"line":553,"column":null}},"262":{"start":{"line":551,"column":16},"end":{"line":551,"column":null}},"263":{"start":{"line":552,"column":16},"end":{"line":552,"column":24}},"264":{"start":{"line":554,"column":26},"end":{"line":554,"column":39}},"265":{"start":{"line":556,"column":12},"end":{"line":558,"column":null}},"266":{"start":{"line":557,"column":16},"end":{"line":557,"column":24}},"267":{"start":{"line":561,"column":12},"end":{"line":626,"column":null}},"268":{"start":{"line":563,"column":16},"end":{"line":563,"column":null}},"269":{"start":{"line":564,"column":16},"end":{"line":582,"column":null}},"270":{"start":{"line":565,"column":20},"end":{"line":565,"column":null}},"271":{"start":{"line":567,"column":20},"end":{"line":567,"column":null}},"272":{"start":{"line":569,"column":20},"end":{"line":575,"column":null}},"273":{"start":{"line":570,"column":24},"end":{"line":574,"column":null}},"274":{"start":{"line":571,"column":28},"end":{"line":571,"column":null}},"275":{"start":{"line":573,"column":28},"end":{"line":573,"column":null}},"276":{"start":{"line":578,"column":20},"end":{"line":578,"column":null}},"277":{"start":{"line":579,"column":20},"end":{"line":581,"column":null}},"278":{"start":{"line":580,"column":24},"end":{"line":580,"column":null}},"279":{"start":{"line":584,"column":16},"end":{"line":593,"column":null}},"280":{"start":{"line":584,"column":27},"end":{"line":584,"column":28}},"281":{"start":{"line":585,"column":20},"end":{"line":585,"column":null}},"282":{"start":{"line":586,"column":20},"end":{"line":592,"column":null}},"283":{"start":{"line":587,"column":24},"end":{"line":587,"column":32}},"284":{"start":{"line":588,"column":27},"end":{"line":592,"column":null}},"285":{"start":{"line":589,"column":24},"end":{"line":589,"column":null}},"286":{"start":{"line":590,"column":27},"end":{"line":592,"column":null}},"287":{"start":{"line":591,"column":24},"end":{"line":591,"column":null}},"288":{"start":{"line":596,"column":16},"end":{"line":625,"column":null}},"289":{"start":{"line":596,"column":27},"end":{"line":596,"column":28}},"290":{"start":{"line":597,"column":35},"end":{"line":597,"column":103}},"291":{"start":{"line":598,"column":20},"end":{"line":598,"column":null}},"292":{"start":{"line":599,"column":37},"end":{"line":599,"column":42}},"293":{"start":{"line":600,"column":20},"end":{"line":624,"column":null}},"294":{"start":{"line":602,"column":24},"end":{"line":607,"column":null}},"295":{"start":{"line":604,"column":28},"end":{"line":604,"column":null}},"296":{"start":{"line":605,"column":28},"end":{"line":605,"column":null}},"297":{"start":{"line":606,"column":28},"end":{"line":606,"column":36}},"298":{"start":{"line":608,"column":24},"end":{"line":617,"column":null}},"299":{"start":{"line":609,"column":28},"end":{"line":609,"column":null}},"300":{"start":{"line":611,"column":28},"end":{"line":615,"column":null}},"301":{"start":{"line":612,"column":32},"end":{"line":612,"column":null}},"302":{"start":{"line":614,"column":32},"end":{"line":614,"column":null}},"303":{"start":{"line":616,"column":28},"end":{"line":616,"column":null}},"304":{"start":{"line":619,"column":24},"end":{"line":621,"column":null}},"305":{"start":{"line":620,"column":28},"end":{"line":620,"column":33}},"306":{"start":{"line":623,"column":24},"end":{"line":623,"column":null}},"307":{"start":{"line":630,"column":12},"end":{"line":660,"column":null}},"308":{"start":{"line":632,"column":29},"end":{"line":632,"column":59}},"309":{"start":{"line":633,"column":16},"end":{"line":645,"column":null}},"310":{"start":{"line":634,"column":33},"end":{"line":634,"column":41}},"311":{"start":{"line":635,"column":20},"end":{"line":644,"column":null}},"312":{"start":{"line":641,"column":24},"end":{"line":641,"column":null}},"313":{"start":{"line":643,"column":24},"end":{"line":643,"column":null}},"314":{"start":{"line":646,"column":16},"end":{"line":659,"column":null}},"315":{"start":{"line":647,"column":33},"end":{"line":647,"column":41}},"316":{"start":{"line":648,"column":20},"end":{"line":658,"column":null}},"317":{"start":{"line":655,"column":24},"end":{"line":655,"column":null}},"318":{"start":{"line":657,"column":24},"end":{"line":657,"column":null}},"319":{"start":{"line":663,"column":25},"end":{"line":663,"column":27}},"320":{"start":{"line":665,"column":8},"end":{"line":715,"column":null}},"321":{"start":{"line":668,"column":12},"end":{"line":712,"column":null}},"322":{"start":{"line":668,"column":23},"end":{"line":668,"column":24}},"323":{"start":{"line":670,"column":33},"end":{"line":670,"column":72}},"324":{"start":{"line":671,"column":16},"end":{"line":674,"column":null}},"325":{"start":{"line":673,"column":20},"end":{"line":673,"column":null}},"326":{"start":{"line":676,"column":16},"end":{"line":695,"column":null}},"327":{"start":{"line":678,"column":20},"end":{"line":682,"column":null}},"328":{"start":{"line":679,"column":24},"end":{"line":679,"column":null}},"329":{"start":{"line":681,"column":24},"end":{"line":681,"column":null}},"330":{"start":{"line":685,"column":20},"end":{"line":687,"column":null}},"331":{"start":{"line":686,"column":24},"end":{"line":686,"column":null}},"332":{"start":{"line":688,"column":20},"end":{"line":688,"column":null}},"333":{"start":{"line":689,"column":20},"end":{"line":689,"column":28}},"334":{"start":{"line":690,"column":23},"end":{"line":695,"column":null}},"335":{"start":{"line":691,"column":20},"end":{"line":691,"column":null}},"336":{"start":{"line":692,"column":20},"end":{"line":694,"column":null}},"337":{"start":{"line":693,"column":24},"end":{"line":693,"column":null}},"338":{"start":{"line":697,"column":16},"end":{"line":699,"column":null}},"339":{"start":{"line":698,"column":20},"end":{"line":698,"column":null}},"340":{"start":{"line":701,"column":16},"end":{"line":704,"column":null}},"341":{"start":{"line":702,"column":20},"end":{"line":702,"column":null}},"342":{"start":{"line":703,"column":20},"end":{"line":703,"column":28}},"343":{"start":{"line":706,"column":16},"end":{"line":708,"column":null}},"344":{"start":{"line":707,"column":20},"end":{"line":707,"column":null}},"345":{"start":{"line":710,"column":16},"end":{"line":710,"column":null}},"346":{"start":{"line":711,"column":16},"end":{"line":711,"column":null}},"347":{"start":{"line":717,"column":8},"end":{"line":731,"column":null}},"348":{"start":{"line":728,"column":12},"end":{"line":728,"column":null}},"349":{"start":{"line":729,"column":12},"end":{"line":729,"column":null}},"350":{"start":{"line":730,"column":12},"end":{"line":730,"column":null}},"351":{"start":{"line":732,"column":8},"end":{"line":736,"column":null}},"352":{"start":{"line":733,"column":12},"end":{"line":733,"column":null}},"353":{"start":{"line":735,"column":12},"end":{"line":735,"column":null}},"354":{"start":{"line":746,"column":8},"end":{"line":749,"column":null}},"355":{"start":{"line":748,"column":12},"end":{"line":748,"column":null}},"356":{"start":{"line":751,"column":8},"end":{"line":753,"column":null}},"357":{"start":{"line":752,"column":12},"end":{"line":752,"column":null}},"358":{"start":{"line":755,"column":24},"end":{"line":755,"column":71}},"359":{"start":{"line":756,"column":8},"end":{"line":760,"column":null}},"360":{"start":{"line":756,"column":19},"end":{"line":756,"column":20}},"361":{"start":{"line":757,"column":12},"end":{"line":759,"column":null}},"362":{"start":{"line":758,"column":16},"end":{"line":758,"column":null}},"363":{"start":{"line":762,"column":25},"end":{"line":762,"column":76}},"364":{"start":{"line":763,"column":8},"end":{"line":770,"column":null}},"365":{"start":{"line":763,"column":19},"end":{"line":763,"column":20}},"366":{"start":{"line":764,"column":12},"end":{"line":769,"column":null}},"367":{"start":{"line":768,"column":16},"end":{"line":768,"column":null}},"368":{"start":{"line":772,"column":8},"end":{"line":772,"column":null}},"369":{"start":{"line":780,"column":24},"end":{"line":780,"column":93}},"370":{"start":{"line":782,"column":8},"end":{"line":846,"column":null}},"371":{"start":{"line":784,"column":12},"end":{"line":829,"column":null}},"372":{"start":{"line":786,"column":51},"end":{"line":786,"column":71}},"373":{"start":{"line":787,"column":16},"end":{"line":828,"column":null}},"374":{"start":{"line":789,"column":20},"end":{"line":815,"column":null}},"375":{"start":{"line":791,"column":24},"end":{"line":791,"column":null}},"376":{"start":{"line":792,"column":24},"end":{"line":796,"column":null}},"377":{"start":{"line":793,"column":28},"end":{"line":793,"column":null}},"378":{"start":{"line":795,"column":28},"end":{"line":795,"column":null}},"379":{"start":{"line":799,"column":37},"end":{"line":799,"column":51}},"380":{"start":{"line":800,"column":24},"end":{"line":800,"column":57}},"381":{"start":{"line":801,"column":24},"end":{"line":801,"column":null}},"382":{"start":{"line":802,"column":24},"end":{"line":802,"column":null}},"383":{"start":{"line":803,"column":24},"end":{"line":814,"column":null}},"384":{"start":{"line":805,"column":28},"end":{"line":805,"column":null}},"385":{"start":{"line":806,"column":28},"end":{"line":810,"column":null}},"386":{"start":{"line":807,"column":32},"end":{"line":807,"column":null}},"387":{"start":{"line":809,"column":32},"end":{"line":809,"column":null}},"388":{"start":{"line":812,"column":28},"end":{"line":812,"column":null}},"389":{"start":{"line":813,"column":28},"end":{"line":813,"column":null}},"390":{"start":{"line":817,"column":20},"end":{"line":817,"column":null}},"391":{"start":{"line":821,"column":20},"end":{"line":821,"column":null}},"392":{"start":{"line":822,"column":33},"end":{"line":822,"column":55}},"393":{"start":{"line":823,"column":37},"end":{"line":823,"column":90}},"394":{"start":{"line":824,"column":20},"end":{"line":824,"column":null}},"395":{"start":{"line":825,"column":20},"end":{"line":825,"column":null}},"396":{"start":{"line":826,"column":20},"end":{"line":826,"column":null}},"397":{"start":{"line":827,"column":20},"end":{"line":827,"column":null}},"398":{"start":{"line":831,"column":12},"end":{"line":845,"column":null}},"399":{"start":{"line":832,"column":34},"end":{"line":832,"column":81}},"400":{"start":{"line":833,"column":16},"end":{"line":844,"column":null}},"401":{"start":{"line":833,"column":27},"end":{"line":833,"column":28}},"402":{"start":{"line":834,"column":20},"end":{"line":843,"column":null}},"403":{"start":{"line":838,"column":24},"end":{"line":842,"column":null}},"404":{"start":{"line":839,"column":28},"end":{"line":839,"column":null}},"405":{"start":{"line":841,"column":28},"end":{"line":841,"column":null}},"406":{"start":{"line":849,"column":19},"end":{"line":849,"column":111}},"407":{"start":{"line":850,"column":8},"end":{"line":857,"column":null}},"408":{"start":{"line":851,"column":12},"end":{"line":853,"column":null}},"409":{"start":{"line":852,"column":16},"end":{"line":852,"column":null}},"410":{"start":{"line":854,"column":12},"end":{"line":856,"column":null}},"411":{"start":{"line":855,"column":16},"end":{"line":855,"column":null}},"412":{"start":{"line":859,"column":25},"end":{"line":859,"column":62}},"413":{"start":{"line":860,"column":23},"end":{"line":862,"column":76}},"414":{"start":{"line":863,"column":24},"end":{"line":880,"column":10}},"415":{"start":{"line":882,"column":29},"end":{"line":882,"column":74}},"416":{"start":{"line":883,"column":8},"end":{"line":883,"column":null}},"417":{"start":{"line":884,"column":8},"end":{"line":886,"column":null}},"418":{"start":{"line":885,"column":12},"end":{"line":885,"column":null}},"419":{"start":{"line":887,"column":8},"end":{"line":887,"column":null}},"420":{"start":{"line":889,"column":8},"end":{"line":891,"column":null}},"421":{"start":{"line":890,"column":12},"end":{"line":890,"column":null}},"422":{"start":{"line":892,"column":8},"end":{"line":892,"column":null}},"423":{"start":{"line":903,"column":23},"end":{"line":903,"column":32}},"424":{"start":{"line":904,"column":25},"end":{"line":904,"column":75}},"425":{"start":{"line":905,"column":27},"end":{"line":905,"column":37}},"426":{"start":{"line":907,"column":8},"end":{"line":907,"column":null}},"427":{"start":{"line":908,"column":8},"end":{"line":908,"column":null}},"428":{"start":{"line":910,"column":8},"end":{"line":921,"column":null}},"429":{"start":{"line":911,"column":12},"end":{"line":917,"column":null}},"430":{"start":{"line":913,"column":16},"end":{"line":913,"column":null}},"431":{"start":{"line":916,"column":16},"end":{"line":916,"column":null}},"432":{"start":{"line":918,"column":15},"end":{"line":921,"column":null}},"433":{"start":{"line":920,"column":12},"end":{"line":920,"column":null}},"434":{"start":{"line":923,"column":8},"end":{"line":935,"column":null}},"435":{"start":{"line":924,"column":12},"end":{"line":924,"column":null}},"436":{"start":{"line":926,"column":12},"end":{"line":932,"column":null}},"437":{"start":{"line":927,"column":16},"end":{"line":927,"column":null}},"438":{"start":{"line":928,"column":16},"end":{"line":928,"column":null}},"439":{"start":{"line":929,"column":19},"end":{"line":932,"column":null}},"440":{"start":{"line":930,"column":16},"end":{"line":930,"column":null}},"441":{"start":{"line":931,"column":16},"end":{"line":931,"column":null}},"442":{"start":{"line":934,"column":12},"end":{"line":934,"column":null}},"443":{"start":{"line":937,"column":8},"end":{"line":951,"column":null}},"444":{"start":{"line":938,"column":12},"end":{"line":950,"column":null}},"445":{"start":{"line":939,"column":16},"end":{"line":943,"column":null}},"446":{"start":{"line":940,"column":20},"end":{"line":940,"column":83}},"447":{"start":{"line":941,"column":23},"end":{"line":943,"column":null}},"448":{"start":{"line":942,"column":20},"end":{"line":942,"column":null}},"449":{"start":{"line":945,"column":16},"end":{"line":949,"column":null}},"450":{"start":{"line":946,"column":20},"end":{"line":946,"column":null}},"451":{"start":{"line":947,"column":23},"end":{"line":949,"column":null}},"452":{"start":{"line":948,"column":20},"end":{"line":948,"column":null}},"453":{"start":{"line":953,"column":8},"end":{"line":967,"column":null}},"454":{"start":{"line":954,"column":12},"end":{"line":966,"column":null}},"455":{"start":{"line":955,"column":16},"end":{"line":959,"column":null}},"456":{"start":{"line":956,"column":20},"end":{"line":956,"column":null}},"457":{"start":{"line":957,"column":23},"end":{"line":959,"column":null}},"458":{"start":{"line":958,"column":20},"end":{"line":958,"column":null}},"459":{"start":{"line":961,"column":16},"end":{"line":965,"column":null}},"460":{"start":{"line":962,"column":20},"end":{"line":962,"column":null}},"461":{"start":{"line":963,"column":23},"end":{"line":965,"column":null}},"462":{"start":{"line":964,"column":20},"end":{"line":964,"column":null}},"463":{"start":{"line":969,"column":8},"end":{"line":977,"column":null}},"464":{"start":{"line":970,"column":12},"end":{"line":974,"column":null}},"465":{"start":{"line":971,"column":16},"end":{"line":971,"column":61}},"466":{"start":{"line":973,"column":16},"end":{"line":973,"column":61}},"467":{"start":{"line":976,"column":12},"end":{"line":976,"column":null}},"468":{"start":{"line":979,"column":8},"end":{"line":997,"column":null}},"469":{"start":{"line":983,"column":12},"end":{"line":983,"column":null}},"470":{"start":{"line":984,"column":12},"end":{"line":986,"column":null}},"471":{"start":{"line":985,"column":16},"end":{"line":985,"column":null}},"472":{"start":{"line":988,"column":12},"end":{"line":988,"column":null}},"473":{"start":{"line":989,"column":12},"end":{"line":996,"column":null}},"474":{"start":{"line":990,"column":29},"end":{"line":990,"column":56}},"475":{"start":{"line":991,"column":16},"end":{"line":995,"column":null}},"476":{"start":{"line":992,"column":20},"end":{"line":992,"column":null}},"477":{"start":{"line":994,"column":20},"end":{"line":994,"column":null}},"478":{"start":{"line":999,"column":8},"end":{"line":999,"column":null}},"479":{"start":{"line":1000,"column":8},"end":{"line":1000,"column":null}},"480":{"start":{"line":1001,"column":8},"end":{"line":1001,"column":null}},"481":{"start":{"line":1002,"column":8},"end":{"line":1002,"column":null}},"482":{"start":{"line":1003,"column":8},"end":{"line":1003,"column":null}},"483":{"start":{"line":1010,"column":8},"end":{"line":1014,"column":null}},"484":{"start":{"line":1012,"column":12},"end":{"line":1012,"column":null}},"485":{"start":{"line":1013,"column":12},"end":{"line":1013,"column":null}},"486":{"start":{"line":1015,"column":8},"end":{"line":1019,"column":null}},"487":{"start":{"line":1017,"column":12},"end":{"line":1017,"column":null}},"488":{"start":{"line":1018,"column":12},"end":{"line":1018,"column":null}},"489":{"start":{"line":1020,"column":24},"end":{"line":1020,"column":47}},"490":{"start":{"line":1021,"column":8},"end":{"line":1023,"column":null}},"491":{"start":{"line":1022,"column":12},"end":{"line":1022,"column":null}},"492":{"start":{"line":1026,"column":29},"end":{"line":1026,"column":59}},"493":{"start":{"line":1027,"column":8},"end":{"line":1027,"column":null}},"494":{"start":{"line":1029,"column":8},"end":{"line":1031,"column":null}},"495":{"start":{"line":1030,"column":12},"end":{"line":1030,"column":null}},"496":{"start":{"line":1032,"column":8},"end":{"line":1032,"column":null}},"497":{"start":{"line":1042,"column":8},"end":{"line":1045,"column":null}},"498":{"start":{"line":1046,"column":8},"end":{"line":1049,"column":null}},"499":{"start":{"line":1050,"column":8},"end":{"line":1050,"column":null}},"500":{"start":{"line":1051,"column":8},"end":{"line":1051,"column":null}},"501":{"start":{"line":1052,"column":8},"end":{"line":1052,"column":null}},"502":{"start":{"line":1053,"column":8},"end":{"line":1053,"column":null}},"503":{"start":{"line":1054,"column":8},"end":{"line":1054,"column":null}},"504":{"start":{"line":1056,"column":8},"end":{"line":1056,"column":null}},"505":{"start":{"line":1058,"column":8},"end":{"line":1084,"column":null}},"506":{"start":{"line":1058,"column":19},"end":{"line":1058,"column":20}},"507":{"start":{"line":1059,"column":27},"end":{"line":1059,"column":36}},"508":{"start":{"line":1060,"column":25},"end":{"line":1060,"column":38}},"509":{"start":{"line":1062,"column":12},"end":{"line":1073,"column":null}},"510":{"start":{"line":1063,"column":16},"end":{"line":1063,"column":null}},"511":{"start":{"line":1065,"column":17},"end":{"line":1073,"column":null}},"512":{"start":{"line":1066,"column":16},"end":{"line":1070,"column":null}},"513":{"start":{"line":1067,"column":20},"end":{"line":1067,"column":87}},"514":{"start":{"line":1069,"column":20},"end":{"line":1069,"column":null}},"515":{"start":{"line":1072,"column":16},"end":{"line":1072,"column":null}},"516":{"start":{"line":1075,"column":12},"end":{"line":1081,"column":null}},"517":{"start":{"line":1076,"column":16},"end":{"line":1076,"column":null}},"518":{"start":{"line":1077,"column":16},"end":{"line":1077,"column":null}},"519":{"start":{"line":1078,"column":19},"end":{"line":1081,"column":null}},"520":{"start":{"line":1079,"column":16},"end":{"line":1079,"column":null}},"521":{"start":{"line":1080,"column":16},"end":{"line":1080,"column":null}},"522":{"start":{"line":1082,"column":12},"end":{"line":1082,"column":null}},"523":{"start":{"line":1083,"column":12},"end":{"line":1083,"column":null}},"524":{"start":{"line":1087,"column":8},"end":{"line":1091,"column":null}},"525":{"start":{"line":1101,"column":19},"end":{"line":1101,"column":50}},"526":{"start":{"line":1102,"column":8},"end":{"line":1107,"column":null}},"527":{"start":{"line":1103,"column":12},"end":{"line":1103,"column":null}},"528":{"start":{"line":1104,"column":12},"end":{"line":1104,"column":null}},"529":{"start":{"line":1106,"column":12},"end":{"line":1106,"column":null}},"530":{"start":{"line":1118,"column":19},"end":{"line":1118,"column":63}},"531":{"start":{"line":1119,"column":8},"end":{"line":1125,"column":null}},"532":{"start":{"line":1120,"column":12},"end":{"line":1120,"column":null}},"533":{"start":{"line":1121,"column":12},"end":{"line":1121,"column":null}},"534":{"start":{"line":1123,"column":12},"end":{"line":1123,"column":null}},"535":{"start":{"line":1124,"column":12},"end":{"line":1124,"column":null}},"536":{"start":{"line":1134,"column":24},"end":{"line":1134,"column":63}},"537":{"start":{"line":1135,"column":8},"end":{"line":1135,"column":null}},"538":{"start":{"line":1136,"column":8},"end":{"line":1136,"column":null}},"539":{"start":{"line":1137,"column":8},"end":{"line":1137,"column":null}},"540":{"start":{"line":1138,"column":8},"end":{"line":1138,"column":null}},"541":{"start":{"line":1139,"column":8},"end":{"line":1139,"column":null}},"542":{"start":{"line":1140,"column":8},"end":{"line":1140,"column":42}},"543":{"start":{"line":1141,"column":8},"end":{"line":1144,"column":null}},"544":{"start":{"line":1145,"column":8},"end":{"line":1148,"column":null}},"545":{"start":{"line":1149,"column":8},"end":{"line":1149,"column":null}},"546":{"start":{"line":1150,"column":8},"end":{"line":1150,"column":null}},"547":{"start":{"line":1151,"column":8},"end":{"line":1151,"column":null}},"548":{"start":{"line":1152,"column":8},"end":{"line":1156,"column":null}},"549":{"start":{"line":1157,"column":8},"end":{"line":1157,"column":null}},"550":{"start":{"line":1159,"column":8},"end":{"line":1159,"column":null}},"551":{"start":{"line":1171,"column":8},"end":{"line":1174,"column":null}},"552":{"start":{"line":1172,"column":12},"end":{"line":1172,"column":null}},"553":{"start":{"line":1173,"column":12},"end":{"line":1173,"column":null}},"554":{"start":{"line":1175,"column":8},"end":{"line":1179,"column":null}},"555":{"start":{"line":1177,"column":12},"end":{"line":1177,"column":null}},"556":{"start":{"line":1178,"column":12},"end":{"line":1178,"column":null}},"557":{"start":{"line":1180,"column":8},"end":{"line":1180,"column":null}},"558":{"start":{"line":1183,"column":8},"end":{"line":1193,"column":null}},"559":{"start":{"line":1184,"column":12},"end":{"line":1187,"column":null}},"560":{"start":{"line":1185,"column":16},"end":{"line":1185,"column":null}},"561":{"start":{"line":1186,"column":16},"end":{"line":1186,"column":null}},"562":{"start":{"line":1188,"column":15},"end":{"line":1193,"column":null}},"563":{"start":{"line":1189,"column":12},"end":{"line":1192,"column":null}},"564":{"start":{"line":1190,"column":16},"end":{"line":1190,"column":null}},"565":{"start":{"line":1191,"column":16},"end":{"line":1191,"column":null}},"566":{"start":{"line":1194,"column":8},"end":{"line":1194,"column":null}},"567":{"start":{"line":1202,"column":8},"end":{"line":1205,"column":null}},"568":{"start":{"line":1203,"column":12},"end":{"line":1203,"column":null}},"569":{"start":{"line":1204,"column":12},"end":{"line":1204,"column":null}},"570":{"start":{"line":1206,"column":8},"end":{"line":1206,"column":null}},"571":{"start":{"line":1214,"column":8},"end":{"line":1217,"column":null}},"572":{"start":{"line":1215,"column":12},"end":{"line":1215,"column":null}},"573":{"start":{"line":1216,"column":12},"end":{"line":1216,"column":null}},"574":{"start":{"line":1218,"column":8},"end":{"line":1218,"column":null}},"575":{"start":{"line":1225,"column":8},"end":{"line":1225,"column":null}},"576":{"start":{"line":1232,"column":8},"end":{"line":1232,"column":null}},"577":{"start":{"line":1239,"column":8},"end":{"line":1239,"column":null}},"578":{"start":{"line":1255,"column":8},"end":{"line":1261,"column":null}},"579":{"start":{"line":1256,"column":12},"end":{"line":1260,"column":null}},"580":{"start":{"line":1257,"column":16},"end":{"line":1257,"column":null}},"581":{"start":{"line":1259,"column":16},"end":{"line":1259,"column":null}},"582":{"start":{"line":1262,"column":22},"end":{"line":1262,"column":42}},"583":{"start":{"line":1263,"column":26},"end":{"line":1263,"column":31}},"584":{"start":{"line":1264,"column":23},"end":{"line":1264,"column":28}},"585":{"start":{"line":1265,"column":23},"end":{"line":1265,"column":28}},"586":{"start":{"line":1266,"column":8},"end":{"line":1282,"column":null}},"587":{"start":{"line":1266,"column":19},"end":{"line":1266,"column":20}},"588":{"start":{"line":1270,"column":12},"end":{"line":1281,"column":null}},"589":{"start":{"line":1274,"column":16},"end":{"line":1274,"column":null}},"590":{"start":{"line":1275,"column":16},"end":{"line":1277,"column":null}},"591":{"start":{"line":1276,"column":20},"end":{"line":1276,"column":null}},"592":{"start":{"line":1278,"column":16},"end":{"line":1280,"column":null}},"593":{"start":{"line":1279,"column":20},"end":{"line":1279,"column":null}},"594":{"start":{"line":1284,"column":8},"end":{"line":1292,"column":null}},"595":{"start":{"line":1285,"column":12},"end":{"line":1291,"column":null}},"596":{"start":{"line":1286,"column":16},"end":{"line":1286,"column":null}},"597":{"start":{"line":1287,"column":19},"end":{"line":1291,"column":null}},"598":{"start":{"line":1288,"column":16},"end":{"line":1288,"column":null}},"599":{"start":{"line":1290,"column":16},"end":{"line":1290,"column":null}},"600":{"start":{"line":1293,"column":8},"end":{"line":1293,"column":null}},"601":{"start":{"line":1304,"column":8},"end":{"line":1306,"column":null}},"602":{"start":{"line":1305,"column":12},"end":{"line":1305,"column":null}},"603":{"start":{"line":1308,"column":24},"end":{"line":1308,"column":26}},"604":{"start":{"line":1309,"column":8},"end":{"line":1364,"column":null}},"605":{"start":{"line":1309,"column":19},"end":{"line":1309,"column":41}},"606":{"start":{"line":1310,"column":12},"end":{"line":1315,"column":null}},"607":{"start":{"line":1311,"column":16},"end":{"line":1311,"column":null}},"608":{"start":{"line":1312,"column":16},"end":{"line":1312,"column":24}},"609":{"start":{"line":1313,"column":19},"end":{"line":1315,"column":null}},"610":{"start":{"line":1314,"column":16},"end":{"line":1314,"column":24}},"611":{"start":{"line":1316,"column":25},"end":{"line":1316,"column":45}},"612":{"start":{"line":1317,"column":24},"end":{"line":1317,"column":34}},"613":{"start":{"line":1318,"column":24},"end":{"line":1318,"column":37}},"614":{"start":{"line":1319,"column":12},"end":{"line":1363,"column":null}},"615":{"start":{"line":1321,"column":16},"end":{"line":1344,"column":null}},"616":{"start":{"line":1323,"column":20},"end":{"line":1337,"column":null}},"617":{"start":{"line":1324,"column":24},"end":{"line":1328,"column":null}},"618":{"start":{"line":1325,"column":28},"end":{"line":1325,"column":null}},"619":{"start":{"line":1327,"column":28},"end":{"line":1327,"column":null}},"620":{"start":{"line":1329,"column":27},"end":{"line":1337,"column":null}},"621":{"start":{"line":1330,"column":24},"end":{"line":1334,"column":null}},"622":{"start":{"line":1331,"column":28},"end":{"line":1331,"column":null}},"623":{"start":{"line":1333,"column":28},"end":{"line":1333,"column":null}},"624":{"start":{"line":1336,"column":24},"end":{"line":1336,"column":32}},"625":{"start":{"line":1338,"column":23},"end":{"line":1344,"column":null}},"626":{"start":{"line":1339,"column":20},"end":{"line":1343,"column":null}},"627":{"start":{"line":1340,"column":24},"end":{"line":1340,"column":36}},"628":{"start":{"line":1342,"column":24},"end":{"line":1342,"column":null}},"629":{"start":{"line":1346,"column":31},"end":{"line":1346,"column":45}},"630":{"start":{"line":1347,"column":24},"end":{"line":1347,"column":34}},"631":{"start":{"line":1348,"column":30},"end":{"line":1348,"column":35}},"632":{"start":{"line":1349,"column":16},"end":{"line":1355,"column":null}},"633":{"start":{"line":1350,"column":20},"end":{"line":1353,"column":null}},"634":{"start":{"line":1351,"column":24},"end":{"line":1351,"column":39}},"635":{"start":{"line":1352,"column":24},"end":{"line":1352,"column":29}},"636":{"start":{"line":1354,"column":20},"end":{"line":1354,"column":32}},"637":{"start":{"line":1356,"column":16},"end":{"line":1362,"column":null}},"638":{"start":{"line":1357,"column":20},"end":{"line":1361,"column":null}},"639":{"start":{"line":1358,"column":24},"end":{"line":1358,"column":null}},"640":{"start":{"line":1360,"column":24},"end":{"line":1360,"column":null}},"641":{"start":{"line":1367,"column":8},"end":{"line":1371,"column":null}},"642":{"start":{"line":1368,"column":12},"end":{"line":1368,"column":null}},"643":{"start":{"line":1370,"column":12},"end":{"line":1370,"column":null}},"644":{"start":{"line":1377,"column":8},"end":{"line":1385,"column":null}},"645":{"start":{"line":1378,"column":12},"end":{"line":1380,"column":null}},"646":{"start":{"line":1382,"column":12},"end":{"line":1384,"column":null}},"647":{"start":{"line":1391,"column":8},"end":{"line":1391,"column":null}},"648":{"start":{"line":1397,"column":8},"end":{"line":1397,"column":null}},"649":{"start":{"line":1404,"column":8},"end":{"line":1408,"column":null}},"650":{"start":{"line":1414,"column":25},"end":{"line":1414,"column":55}},"651":{"start":{"line":1415,"column":26},"end":{"line":1415,"column":27}},"652":{"start":{"line":1416,"column":22},"end":{"line":1416,"column":24}},"653":{"start":{"line":1417,"column":22},"end":{"line":1417,"column":23}},"654":{"start":{"line":1418,"column":8},"end":{"line":1433,"column":null}},"655":{"start":{"line":1418,"column":19},"end":{"line":1418,"column":41}},"656":{"start":{"line":1419,"column":12},"end":{"line":1422,"column":null}},"657":{"start":{"line":1420,"column":16},"end":{"line":1420,"column":null}},"658":{"start":{"line":1421,"column":16},"end":{"line":1421,"column":24}},"659":{"start":{"line":1423,"column":12},"end":{"line":1423,"column":null}},"660":{"start":{"line":1424,"column":26},"end":{"line":1424,"column":39}},"661":{"start":{"line":1426,"column":12},"end":{"line":1432,"column":null}},"662":{"start":{"line":1427,"column":16},"end":{"line":1427,"column":null}},"663":{"start":{"line":1428,"column":16},"end":{"line":1430,"column":null}},"664":{"start":{"line":1429,"column":20},"end":{"line":1429,"column":null}},"665":{"start":{"line":1431,"column":16},"end":{"line":1431,"column":null}},"666":{"start":{"line":1438,"column":8},"end":{"line":1447,"column":null}},"667":{"start":{"line":1439,"column":12},"end":{"line":1439,"column":24}},"668":{"start":{"line":1440,"column":15},"end":{"line":1447,"column":null}},"669":{"start":{"line":1441,"column":12},"end":{"line":1441,"column":24}},"670":{"start":{"line":1442,"column":15},"end":{"line":1447,"column":null}},"671":{"start":{"line":1443,"column":23},"end":{"line":1443,"column":57}},"672":{"start":{"line":1443,"column":48},"end":{"line":1443,"column":53}},"673":{"start":{"line":1444,"column":12},"end":{"line":1444,"column":null}},"674":{"start":{"line":1446,"column":12},"end":{"line":1446,"column":null}},"675":{"start":{"line":1453,"column":8},"end":{"line":1453,"column":null}},"676":{"start":{"line":1453,"column":64},"end":{"line":1453,"column":74}},"677":{"start":{"line":1459,"column":8},"end":{"line":1459,"column":null}},"678":{"start":{"line":1459,"column":64},"end":{"line":1459,"column":74}},"679":{"start":{"line":1465,"column":8},"end":{"line":1465,"column":null}},"680":{"start":{"line":1469,"column":8},"end":{"line":1469,"column":null}},"681":{"start":{"line":1476,"column":8},"end":{"line":1534,"column":null}},"682":{"start":{"line":1477,"column":12},"end":{"line":1493,"column":null}},"683":{"start":{"line":1478,"column":16},"end":{"line":1484,"column":null}},"684":{"start":{"line":1486,"column":16},"end":{"line":1492,"column":null}},"685":{"start":{"line":1494,"column":15},"end":{"line":1534,"column":null}},"686":{"start":{"line":1495,"column":12},"end":{"line":1501,"column":null}},"687":{"start":{"line":1502,"column":15},"end":{"line":1534,"column":null}},"688":{"start":{"line":1503,"column":12},"end":{"line":1509,"column":null}},"689":{"start":{"line":1510,"column":15},"end":{"line":1534,"column":null}},"690":{"start":{"line":1511,"column":12},"end":{"line":1517,"column":null}},"691":{"start":{"line":1518,"column":15},"end":{"line":1534,"column":null}},"692":{"start":{"line":1519,"column":12},"end":{"line":1525,"column":null}},"693":{"start":{"line":1526,"column":15},"end":{"line":1534,"column":null}},"694":{"start":{"line":1527,"column":12},"end":{"line":1533,"column":null}},"695":{"start":{"line":1535,"column":8},"end":{"line":1535,"column":null}},"696":{"start":{"line":1543,"column":22},"end":{"line":1543,"column":26}},"697":{"start":{"line":1544,"column":21},"end":{"line":1544,"column":23}},"698":{"start":{"line":1546,"column":24},"end":{"line":1546,"column":38}},"699":{"start":{"line":1547,"column":24},"end":{"line":1547,"column":38}},"700":{"start":{"line":1548,"column":27},"end":{"line":1548,"column":41}},"701":{"start":{"line":1549,"column":8},"end":{"line":1563,"column":null}},"702":{"start":{"line":1550,"column":12},"end":{"line":1562,"column":null}},"703":{"start":{"line":1551,"column":16},"end":{"line":1551,"column":null}},"704":{"start":{"line":1552,"column":19},"end":{"line":1562,"column":null}},"705":{"start":{"line":1553,"column":16},"end":{"line":1553,"column":null}},"706":{"start":{"line":1554,"column":19},"end":{"line":1562,"column":null}},"707":{"start":{"line":1555,"column":16},"end":{"line":1555,"column":null}},"708":{"start":{"line":1556,"column":19},"end":{"line":1562,"column":null}},"709":{"start":{"line":1557,"column":16},"end":{"line":1557,"column":null}},"710":{"start":{"line":1558,"column":19},"end":{"line":1562,"column":null}},"711":{"start":{"line":1559,"column":16},"end":{"line":1559,"column":null}},"712":{"start":{"line":1560,"column":19},"end":{"line":1562,"column":null}},"713":{"start":{"line":1561,"column":16},"end":{"line":1561,"column":null}},"714":{"start":{"line":1564,"column":8},"end":{"line":1567,"column":null}},"715":{"start":{"line":1565,"column":12},"end":{"line":1565,"column":null}},"716":{"start":{"line":1566,"column":12},"end":{"line":1566,"column":null}},"717":{"start":{"line":1568,"column":8},"end":{"line":1571,"column":null}},"718":{"start":{"line":1569,"column":12},"end":{"line":1569,"column":null}},"719":{"start":{"line":1570,"column":12},"end":{"line":1570,"column":null}},"720":{"start":{"line":1572,"column":8},"end":{"line":1577,"column":null}},"721":{"start":{"line":1575,"column":12},"end":{"line":1575,"column":null}},"722":{"start":{"line":1576,"column":12},"end":{"line":1576,"column":null}},"723":{"start":{"line":1578,"column":8},"end":{"line":1583,"column":null}},"724":{"start":{"line":1581,"column":12},"end":{"line":1581,"column":null}},"725":{"start":{"line":1582,"column":12},"end":{"line":1582,"column":null}},"726":{"start":{"line":1584,"column":8},"end":{"line":1587,"column":null}},"727":{"start":{"line":1585,"column":12},"end":{"line":1585,"column":null}},"728":{"start":{"line":1586,"column":12},"end":{"line":1586,"column":null}},"729":{"start":{"line":1588,"column":8},"end":{"line":1591,"column":null}},"730":{"start":{"line":1589,"column":12},"end":{"line":1589,"column":null}},"731":{"start":{"line":1590,"column":12},"end":{"line":1590,"column":null}},"732":{"start":{"line":1592,"column":8},"end":{"line":1595,"column":null}},"733":{"start":{"line":1593,"column":12},"end":{"line":1593,"column":null}},"734":{"start":{"line":1594,"column":12},"end":{"line":1594,"column":null}},"735":{"start":{"line":1596,"column":8},"end":{"line":1599,"column":null}},"736":{"start":{"line":1597,"column":12},"end":{"line":1597,"column":null}},"737":{"start":{"line":1598,"column":12},"end":{"line":1598,"column":null}},"738":{"start":{"line":1601,"column":8},"end":{"line":1611,"column":null}},"739":{"start":{"line":1605,"column":12},"end":{"line":1610,"column":null}},"740":{"start":{"line":1606,"column":16},"end":{"line":1606,"column":null}},"741":{"start":{"line":1608,"column":16},"end":{"line":1608,"column":null}},"742":{"start":{"line":1609,"column":16},"end":{"line":1609,"column":null}},"743":{"start":{"line":1612,"column":8},"end":{"line":1622,"column":null}},"744":{"start":{"line":1616,"column":12},"end":{"line":1621,"column":null}},"745":{"start":{"line":1617,"column":16},"end":{"line":1617,"column":null}},"746":{"start":{"line":1619,"column":16},"end":{"line":1619,"column":null}},"747":{"start":{"line":1620,"column":16},"end":{"line":1620,"column":null}},"748":{"start":{"line":1623,"column":8},"end":{"line":1632,"column":null}},"749":{"start":{"line":1626,"column":12},"end":{"line":1631,"column":null}},"750":{"start":{"line":1627,"column":16},"end":{"line":1627,"column":null}},"751":{"start":{"line":1629,"column":16},"end":{"line":1629,"column":null}},"752":{"start":{"line":1630,"column":16},"end":{"line":1630,"column":null}},"753":{"start":{"line":1633,"column":8},"end":{"line":1642,"column":null}},"754":{"start":{"line":1636,"column":12},"end":{"line":1641,"column":null}},"755":{"start":{"line":1637,"column":16},"end":{"line":1637,"column":null}},"756":{"start":{"line":1639,"column":16},"end":{"line":1639,"column":null}},"757":{"start":{"line":1640,"column":16},"end":{"line":1640,"column":null}},"758":{"start":{"line":1643,"column":8},"end":{"line":1652,"column":null}},"759":{"start":{"line":1646,"column":12},"end":{"line":1651,"column":null}},"760":{"start":{"line":1647,"column":16},"end":{"line":1647,"column":null}},"761":{"start":{"line":1649,"column":16},"end":{"line":1649,"column":null}},"762":{"start":{"line":1650,"column":16},"end":{"line":1650,"column":null}},"763":{"start":{"line":1653,"column":8},"end":{"line":1662,"column":null}},"764":{"start":{"line":1656,"column":12},"end":{"line":1661,"column":null}},"765":{"start":{"line":1657,"column":16},"end":{"line":1657,"column":null}},"766":{"start":{"line":1659,"column":16},"end":{"line":1659,"column":null}},"767":{"start":{"line":1660,"column":16},"end":{"line":1660,"column":null}},"768":{"start":{"line":1664,"column":8},"end":{"line":1667,"column":null}},"769":{"start":{"line":1665,"column":12},"end":{"line":1665,"column":null}},"770":{"start":{"line":1666,"column":12},"end":{"line":1666,"column":null}},"771":{"start":{"line":1668,"column":8},"end":{"line":1671,"column":null}},"772":{"start":{"line":1669,"column":12},"end":{"line":1669,"column":null}},"773":{"start":{"line":1670,"column":12},"end":{"line":1670,"column":null}},"774":{"start":{"line":1672,"column":8},"end":{"line":1672,"column":null}},"775":{"start":{"line":1685,"column":18},"end":{"line":1685,"column":50}},"776":{"start":{"line":1686,"column":8},"end":{"line":1686,"column":null}},"777":{"start":{"line":1687,"column":8},"end":{"line":1687,"column":null}},"778":{"start":{"line":1688,"column":28},"end":{"line":1688,"column":45}},"779":{"start":{"line":1689,"column":23},"end":{"line":1692,"column":69}},"780":{"start":{"line":1693,"column":8},"end":{"line":1715,"column":null}},"781":{"start":{"line":1693,"column":21},"end":{"line":1693,"column":43}},"782":{"start":{"line":1695,"column":12},"end":{"line":1697,"column":null}},"783":{"start":{"line":1696,"column":16},"end":{"line":1696,"column":null}},"784":{"start":{"line":1698,"column":12},"end":{"line":1698,"column":null}},"785":{"start":{"line":1699,"column":12},"end":{"line":1714,"column":null}},"786":{"start":{"line":1700,"column":16},"end":{"line":1700,"column":null}},"787":{"start":{"line":1701,"column":16},"end":{"line":1711,"column":null}},"788":{"start":{"line":1702,"column":20},"end":{"line":1702,"column":null}},"789":{"start":{"line":1703,"column":20},"end":{"line":1703,"column":null}},"790":{"start":{"line":1704,"column":23},"end":{"line":1711,"column":null}},"791":{"start":{"line":1705,"column":20},"end":{"line":1705,"column":null}},"792":{"start":{"line":1706,"column":23},"end":{"line":1711,"column":null}},"793":{"start":{"line":1707,"column":20},"end":{"line":1707,"column":null}},"794":{"start":{"line":1708,"column":23},"end":{"line":1711,"column":null}},"795":{"start":{"line":1709,"column":20},"end":{"line":1709,"column":null}},"796":{"start":{"line":1710,"column":20},"end":{"line":1710,"column":null}},"797":{"start":{"line":1712,"column":16},"end":{"line":1712,"column":null}},"798":{"start":{"line":1713,"column":16},"end":{"line":1713,"column":null}},"799":{"start":{"line":1716,"column":8},"end":{"line":1716,"column":null}},"800":{"start":{"line":1717,"column":8},"end":{"line":1717,"column":null}},"801":{"start":{"line":1718,"column":8},"end":{"line":1718,"column":null}},"802":{"start":{"line":1719,"column":8},"end":{"line":1719,"column":null}},"803":{"start":{"line":1720,"column":8},"end":{"line":1720,"column":null}},"804":{"start":{"line":1723,"column":0},"end":{"line":1723,"column":null}}},"fnMap":{"0":{"name":"(anonymous_1)","decl":{"start":{"line":42,"column":4},"end":{"line":42,"column":16}},"loc":{"start":{"line":42,"column":26},"end":{"line":71,"column":5}}},"1":{"name":"(anonymous_2)","decl":{"start":{"line":53,"column":59},"end":{"line":53,"column":62}},"loc":{"start":{"line":53,"column":66},"end":{"line":53,"column":76}}},"2":{"name":"(anonymous_3)","decl":{"start":{"line":77,"column":4},"end":{"line":77,"column":10}},"loc":{"start":{"line":77,"column":32},"end":{"line":108,"column":5}}},"3":{"name":"(anonymous_4)","decl":{"start":{"line":116,"column":4},"end":{"line":116,"column":10}},"loc":{"start":{"line":116,"column":61},"end":{"line":130,"column":5}}},"4":{"name":"(anonymous_5)","decl":{"start":{"line":137,"column":4},"end":{"line":137,"column":10}},"loc":{"start":{"line":137,"column":48},"end":{"line":144,"column":5}}},"5":{"name":"(anonymous_6)","decl":{"start":{"line":150,"column":4},"end":{"line":150,"column":11}},"loc":{"start":{"line":150,"column":24},"end":{"line":196,"column":5}}},"6":{"name":"(anonymous_7)","decl":{"start":{"line":202,"column":4},"end":{"line":202,"column":11}},"loc":{"start":{"line":202,"column":36},"end":{"line":219,"column":5}}},"7":{"name":"(anonymous_8)","decl":{"start":{"line":225,"column":4},"end":{"line":225,"column":7}},"loc":{"start":{"line":225,"column":37},"end":{"line":244,"column":5}}},"8":{"name":"(anonymous_9)","decl":{"start":{"line":250,"column":4},"end":{"line":250,"column":10}},"loc":{"start":{"line":250,"column":26},"end":{"line":265,"column":5}}},"9":{"name":"(anonymous_10)","decl":{"start":{"line":270,"column":4},"end":{"line":270,"column":21}},"loc":{"start":{"line":270,"column":36},"end":{"line":294,"column":5}}},"10":{"name":"(anonymous_11)","decl":{"start":{"line":278,"column":23},"end":{"line":278,"column":32}},"loc":{"start":{"line":278,"column":36},"end":{"line":292,"column":9}}},"11":{"name":"(anonymous_12)","decl":{"start":{"line":300,"column":4},"end":{"line":300,"column":10}},"loc":{"start":{"line":300,"column":26},"end":{"line":302,"column":5}}},"12":{"name":"(anonymous_13)","decl":{"start":{"line":308,"column":4},"end":{"line":308,"column":10}},"loc":{"start":{"line":308,"column":26},"end":{"line":310,"column":5}}},"13":{"name":"(anonymous_14)","decl":{"start":{"line":315,"column":4},"end":{"line":315,"column":10}},"loc":{"start":{"line":315,"column":33},"end":{"line":320,"column":5}}},"14":{"name":"(anonymous_15)","decl":{"start":{"line":325,"column":4},"end":{"line":325,"column":9}},"loc":{"start":{"line":325,"column":47},"end":{"line":373,"column":5}}},"15":{"name":"(anonymous_16)","decl":{"start":{"line":385,"column":4},"end":{"line":385,"column":12}},"loc":{"start":{"line":385,"column":53},"end":{"line":455,"column":5}}},"16":{"name":"(anonymous_17)","decl":{"start":{"line":460,"column":4},"end":{"line":460,"column":17}},"loc":{"start":{"line":460,"column":63},"end":{"line":737,"column":5}}},"17":{"name":"(anonymous_18)","decl":{"start":{"line":489,"column":24},"end":{"line":489,"column":25}},"loc":{"start":{"line":489,"column":91},"end":{"line":526,"column":9}}},"18":{"name":"(anonymous_19)","decl":{"start":{"line":509,"column":36},"end":{"line":509,"column":37}},"loc":{"start":{"line":509,"column":51},"end":{"line":517,"column":17}}},"19":{"name":"(anonymous_20)","decl":{"start":{"line":744,"column":4},"end":{"line":744,"column":13}},"loc":{"start":{"line":744,"column":25},"end":{"line":773,"column":5}}},"20":{"name":"(anonymous_21)","decl":{"start":{"line":779,"column":4},"end":{"line":779,"column":12}},"loc":{"start":{"line":779,"column":65},"end":{"line":893,"column":5}}},"21":{"name":"(anonymous_22)","decl":{"start":{"line":901,"column":4},"end":{"line":901,"column":14}},"loc":{"start":{"line":901,"column":49},"end":{"line":1004,"column":5}}},"22":{"name":"(anonymous_23)","decl":{"start":{"line":1009,"column":4},"end":{"line":1009,"column":13}},"loc":{"start":{"line":1009,"column":80},"end":{"line":1033,"column":5}}},"23":{"name":"(anonymous_24)","decl":{"start":{"line":1040,"column":4},"end":{"line":1040,"column":19}},"loc":{"start":{"line":1040,"column":34},"end":{"line":1085,"column":5}}},"24":{"name":"(anonymous_25)","decl":{"start":{"line":1086,"column":4},"end":{"line":1086,"column":18}},"loc":{"start":{"line":1086,"column":18},"end":{"line":1092,"column":5}}},"25":{"name":"(anonymous_26)","decl":{"start":{"line":1100,"column":4},"end":{"line":1100,"column":19}},"loc":{"start":{"line":1100,"column":76},"end":{"line":1108,"column":5}}},"26":{"name":"(anonymous_27)","decl":{"start":{"line":1117,"column":4},"end":{"line":1117,"column":25}},"loc":{"start":{"line":1117,"column":97},"end":{"line":1126,"column":5}}},"27":{"name":"(anonymous_28)","decl":{"start":{"line":1132,"column":4},"end":{"line":1132,"column":16}},"loc":{"start":{"line":1132,"column":28},"end":{"line":1160,"column":5}}},"28":{"name":"(anonymous_29)","decl":{"start":{"line":1169,"column":4},"end":{"line":1169,"column":14}},"loc":{"start":{"line":1169,"column":29},"end":{"line":1195,"column":5}}},"29":{"name":"(anonymous_30)","decl":{"start":{"line":1200,"column":4},"end":{"line":1200,"column":8}},"loc":{"start":{"line":1200,"column":8},"end":{"line":1207,"column":5}}},"30":{"name":"(anonymous_31)","decl":{"start":{"line":1212,"column":4},"end":{"line":1212,"column":8}},"loc":{"start":{"line":1212,"column":8},"end":{"line":1219,"column":5}}},"31":{"name":"(anonymous_32)","decl":{"start":{"line":1224,"column":4},"end":{"line":1224,"column":19}},"loc":{"start":{"line":1224,"column":19},"end":{"line":1226,"column":5}}},"32":{"name":"(anonymous_33)","decl":{"start":{"line":1231,"column":4},"end":{"line":1231,"column":24}},"loc":{"start":{"line":1231,"column":24},"end":{"line":1233,"column":5}}},"33":{"name":"(anonymous_34)","decl":{"start":{"line":1238,"column":4},"end":{"line":1238,"column":22}},"loc":{"start":{"line":1238,"column":51},"end":{"line":1240,"column":5}}},"34":{"name":"(anonymous_35)","decl":{"start":{"line":1253,"column":4},"end":{"line":1253,"column":16}},"loc":{"start":{"line":1253,"column":28},"end":{"line":1294,"column":5}}},"35":{"name":"(anonymous_36)","decl":{"start":{"line":1302,"column":4},"end":{"line":1302,"column":14}},"loc":{"start":{"line":1302,"column":70},"end":{"line":1372,"column":5}}},"36":{"name":"(anonymous_37)","decl":{"start":{"line":1376,"column":4},"end":{"line":1376,"column":13}},"loc":{"start":{"line":1376,"column":29},"end":{"line":1386,"column":5}}},"37":{"name":"(anonymous_38)","decl":{"start":{"line":1390,"column":4},"end":{"line":1390,"column":17}},"loc":{"start":{"line":1390,"column":17},"end":{"line":1392,"column":5}}},"38":{"name":"(anonymous_39)","decl":{"start":{"line":1396,"column":4},"end":{"line":1396,"column":17}},"loc":{"start":{"line":1396,"column":17},"end":{"line":1398,"column":5}}},"39":{"name":"(anonymous_40)","decl":{"start":{"line":1402,"column":4},"end":{"line":1402,"column":10}},"loc":{"start":{"line":1402,"column":31},"end":{"line":1409,"column":5}}},"40":{"name":"(anonymous_41)","decl":{"start":{"line":1413,"column":4},"end":{"line":1413,"column":27}},"loc":{"start":{"line":1413,"column":27},"end":{"line":1448,"column":5}}},"41":{"name":"(anonymous_42)","decl":{"start":{"line":1443,"column":38},"end":{"line":1443,"column":39}},"loc":{"start":{"line":1443,"column":48},"end":{"line":1443,"column":53}}},"42":{"name":"(anonymous_43)","decl":{"start":{"line":1452,"column":4},"end":{"line":1452,"column":24}},"loc":{"start":{"line":1452,"column":24},"end":{"line":1454,"column":5}}},"43":{"name":"(anonymous_44)","decl":{"start":{"line":1453,"column":55},"end":{"line":1453,"column":60}},"loc":{"start":{"line":1453,"column":64},"end":{"line":1453,"column":74}}},"44":{"name":"(anonymous_45)","decl":{"start":{"line":1458,"column":4},"end":{"line":1458,"column":23}},"loc":{"start":{"line":1458,"column":23},"end":{"line":1460,"column":5}}},"45":{"name":"(anonymous_46)","decl":{"start":{"line":1459,"column":55},"end":{"line":1459,"column":60}},"loc":{"start":{"line":1459,"column":64},"end":{"line":1459,"column":74}}},"46":{"name":"(anonymous_47)","decl":{"start":{"line":1464,"column":4},"end":{"line":1464,"column":20}},"loc":{"start":{"line":1464,"column":20},"end":{"line":1466,"column":5}}},"47":{"name":"(anonymous_48)","decl":{"start":{"line":1468,"column":4},"end":{"line":1468,"column":20}},"loc":{"start":{"line":1468,"column":20},"end":{"line":1470,"column":5}}},"48":{"name":"(anonymous_49)","decl":{"start":{"line":1475,"column":4},"end":{"line":1475,"column":14}},"loc":{"start":{"line":1475,"column":35},"end":{"line":1536,"column":5}}},"49":{"name":"(anonymous_50)","decl":{"start":{"line":1542,"column":4},"end":{"line":1542,"column":12}},"loc":{"start":{"line":1542,"column":50},"end":{"line":1673,"column":5}}},"50":{"name":"(anonymous_51)","decl":{"start":{"line":1549,"column":27},"end":{"line":1549,"column":28}},"loc":{"start":{"line":1549,"column":37},"end":{"line":1563,"column":9}}},"51":{"name":"(anonymous_52)","decl":{"start":{"line":1684,"column":4},"end":{"line":1684,"column":12}},"loc":{"start":{"line":1684,"column":12},"end":{"line":1721,"column":5}}}},"branchMap":{"0":{"loc":{"start":{"line":116,"column":59},"end":{"line":116,"column":61}},"type":"default-arg","locations":[{"start":{"line":116,"column":59},"end":{"line":116,"column":61}}]},"1":{"loc":{"start":{"line":119,"column":8},"end":{"line":121,"column":null}},"type":"if","locations":[{"start":{"line":119,"column":8},"end":{"line":121,"column":null}},{"start":{"line":119,"column":8},"end":{"line":121,"column":null}}]},"2":{"loc":{"start":{"line":139,"column":8},"end":{"line":143,"column":null}},"type":"if","locations":[{"start":{"line":139,"column":8},"end":{"line":143,"column":null}},{"start":{"line":139,"column":8},"end":{"line":143,"column":null}}]},"3":{"loc":{"start":{"line":154,"column":8},"end":{"line":157,"column":null}},"type":"if","locations":[{"start":{"line":154,"column":8},"end":{"line":157,"column":null}},{"start":{"line":154,"column":8},"end":{"line":157,"column":null}}]},"4":{"loc":{"start":{"line":164,"column":12},"end":{"line":171,"column":null}},"type":"if","locations":[{"start":{"line":164,"column":12},"end":{"line":171,"column":null}},{"start":{"line":164,"column":12},"end":{"line":171,"column":null}}]},"5":{"loc":{"start":{"line":166,"column":19},"end":{"line":171,"column":null}},"type":"if","locations":[{"start":{"line":166,"column":19},"end":{"line":171,"column":null}},{"start":{"line":166,"column":19},"end":{"line":171,"column":null}}]},"6":{"loc":{"start":{"line":177,"column":8},"end":{"line":179,"column":null}},"type":"if","locations":[{"start":{"line":177,"column":8},"end":{"line":179,"column":null}},{"start":{"line":177,"column":8},"end":{"line":179,"column":null}}]},"7":{"loc":{"start":{"line":180,"column":8},"end":{"line":182,"column":null}},"type":"if","locations":[{"start":{"line":180,"column":8},"end":{"line":182,"column":null}},{"start":{"line":180,"column":8},"end":{"line":182,"column":null}}]},"8":{"loc":{"start":{"line":183,"column":8},"end":{"line":185,"column":null}},"type":"if","locations":[{"start":{"line":183,"column":8},"end":{"line":185,"column":null}},{"start":{"line":183,"column":8},"end":{"line":185,"column":null}}]},"9":{"loc":{"start":{"line":186,"column":8},"end":{"line":188,"column":null}},"type":"if","locations":[{"start":{"line":186,"column":8},"end":{"line":188,"column":null}},{"start":{"line":186,"column":8},"end":{"line":188,"column":null}}]},"10":{"loc":{"start":{"line":189,"column":50},"end":{"line":189,"column":54}},"type":"cond-expr","locations":[{"start":{"line":189,"column":50},"end":{"line":189,"column":54}},{"start":{"line":190,"column":30},"end":{"line":190,"column":96}}]},"11":{"loc":{"start":{"line":193,"column":74},"end":{"line":193,"column":75}},"type":"cond-expr","locations":[{"start":{"line":193,"column":74},"end":{"line":193,"column":75}},{"start":{"line":193,"column":78},"end":{"line":193,"column":79}}]},"12":{"loc":{"start":{"line":206,"column":8},"end":{"line":218,"column":null}},"type":"if","locations":[{"start":{"line":206,"column":8},"end":{"line":218,"column":null}},{"start":{"line":206,"column":8},"end":{"line":218,"column":null}}]},"13":{"loc":{"start":{"line":207,"column":12},"end":{"line":210,"column":null}},"type":"if","locations":[{"start":{"line":207,"column":12},"end":{"line":210,"column":null}},{"start":{"line":207,"column":12},"end":{"line":210,"column":null}}]},"14":{"loc":{"start":{"line":213,"column":12},"end":{"line":216,"column":null}},"type":"if","locations":[{"start":{"line":213,"column":12},"end":{"line":216,"column":null}},{"start":{"line":213,"column":12},"end":{"line":216,"column":null}}]},"15":{"loc":{"start":{"line":227,"column":8},"end":{"line":230,"column":null}},"type":"if","locations":[{"start":{"line":227,"column":8},"end":{"line":230,"column":null}},{"start":{"line":227,"column":8},"end":{"line":230,"column":null}}]},"16":{"loc":{"start":{"line":227,"column":12},"end":{"line":227,"column":43}},"type":"binary-expr","locations":[{"start":{"line":227,"column":12},"end":{"line":227,"column":43}},{"start":{"line":227,"column":47},"end":{"line":227,"column":77}}]},"17":{"loc":{"start":{"line":232,"column":8},"end":{"line":235,"column":null}},"type":"if","locations":[{"start":{"line":232,"column":8},"end":{"line":235,"column":null}},{"start":{"line":232,"column":8},"end":{"line":235,"column":null}}]},"18":{"loc":{"s
[...]
":86},"end":{"line":300,"column":88}}]},"53":{"loc":{"start":{"line":301,"column":21},"end":{"line":301,"column":39}},"type":"binary-expr","locations":[{"start":{"line":301,"column":21},"end":{"line":301,"column":39}},{"start":{"line":301,"column":43},"end":{"line":301,"column":45}}]},"54":{"loc":{"start":{"line":301,"column":62},"end":{"line":301,"column":81}},"type":"binary-expr","locations":[{"start":{"line":301,"column":62},"end":{"line":301,"column":81}},{"start":{"line":301,"column":85},"end":{"line":301,"column":87}}]},"55":{"loc":{"start":{"line":308,"column":16},"end":{"line":319,"column":null}},"type":"if","locations":[{"start":{"line":308,"column":16},"end":{"line":319,"column":null}},{"start":{"line":308,"column":16},"end":{"line":319,"column":null}}]},"56":{"loc":{"start":{"line":311,"column":20},"end":{"line":318,"column":null}},"type":"if","locations":[{"start":{"line":311,"column":20},"end":{"line":318,"column":null}},{"start":{"line":311,"column":20},"end":{"line":318,"column":null}}]},"57":{"loc":{"start":{"line":320,"column":16},"end":{"line":338,"column":null}},"type":"if","locations":[{"start":{"line":320,"column":16},"end":{"line":338,"column":null}},{"start":{"line":320,"column":16},"end":{"line":338,"column":null}}]},"58":{"loc":{"start":{"line":322,"column":20},"end":{"line":325,"column":null}},"type":"if","locations":[{"start":{"line":322,"column":20},"end":{"line":325,"column":null}},{"start":{"line":322,"column":20},"end":{"line":325,"column":null}}]},"59":{"loc":{"start":{"line":334,"column":23},"end":{"line":338,"column":null}},"type":"if","locations":[{"start":{"line":334,"column":23},"end":{"line":338,"column":null}},{"start":{"line":334,"column":23},"end":{"line":338,"column":null}}]},"60":{"loc":{"start":{"line":339,"column":16},"end":{"line":348,"column":null}},"type":"if","locations":[{"start":{"line":339,"column":16},"end":{"line":348,"column":null}},{"start":{"line":339,"column":16},"end":{"line":348,"column":null}}]},"61":{"loc":{"start":{"line":344,"column":20},"end":{"line":347,"column":null}},"type":"if","locations":[{"start":{"line":344,"column":20},"end":{"line":347,"column":null}},{"start":{"line":344,"column":20},"end":{"line":347,"column":null}}]},"62":{"loc":{"start":{"line":349,"column":16},"end":{"line":354,"column":null}},"type":"if","locations":[{"start":{"line":349,"column":16},"end":{"line":354,"column":null}},{"start":{"line":349,"column":16},"end":{"line":354,"column":null}}]},"63":{"loc":{"start":{"line":351,"column":20},"end":{"line":353,"column":null}},"type":"if","locations":[{"start":{"line":351,"column":20},"end":{"line":353,"column":null}},{"start":{"line":351,"column":20},"end":{"line":353,"column":null}}]},"64":{"loc":{"start":{"line":358,"column":8},"end":{"line":361,"column":null}},"type":"if","locations":[{"start":{"line":358,"column":8},"end":{"line":361,"column":null}},{"start":{"line":358,"column":8},"end":{"line":361,"column":null}}]},"65":{"loc":{"start":{"line":368,"column":26},"end":{"line":368,"column":36}},"type":"default-arg","locations":[{"start":{"line":368,"column":26},"end":{"line":368,"column":36}}]},"66":{"loc":{"start":{"line":369,"column":8},"end":{"line":373,"column":null}},"type":"if","locations":[{"start":{"line":369,"column":8},"end":{"line":373,"column":null}},{"start":{"line":369,"column":8},"end":{"line":373,"column":null}}]},"67":{"loc":{"start":{"line":403,"column":26},"end":{"line":403,"column":36}},"type":"default-arg","locations":[{"start":{"line":403,"column":26},"end":{"line":403,"column":36}}]},"68":{"loc":{"start":{"line":403,"column":49},"end":{"line":403,"column":53}},"type":"default-arg","locations":[{"start":{"line":403,"column":49},"end":{"line":403,"column":53}}]},"69":{"loc":{"start":{"line":404,"column":8},"end":{"line":408,"column":null}},"type":"if","locations":[{"start":{"line":404,"column":8},"end":{"line":408,"column":null}},{"start":{"line":404,"column":8},"end":{"line":408,"column":null}}]},"70":{"loc":{"start":{"line":406,"column":15},"end":{"line":408,"column":null}},"type":"if","locations":[{"start":{"line":406,"column":15},"end":{"line":408,"column":null}},{"start":{"line":406,"column":15},"end":{"line":408,"column":null}}]},"71":{"loc":{"start":{"line":410,"column":8},"end":{"line":413,"column":null}},"type":"if","locations":[{"start":{"line":410,"column":8},"end":{"line":413,"column":null}},{"start":{"line":410,"column":8},"end":{"line":413,"column":null}}]},"72":{"loc":{"start":{"line":416,"column":8},"end":{"line":421,"column":null}},"type":"if","locations":[{"start":{"line":416,"column":8},"end":{"line":421,"column":null}},{"start":{"line":416,"column":8},"end":{"line":421,"column":null}}]},"73":{"loc":{"start":{"line":416,"column":12},"end":{"line":416,"column":22}},"type":"binary-expr","locations":[{"start":{"line":416,"column":12},"end":{"line":416,"column":22}},{"start":{"line":416,"column":26},"end":{"line":416,"column":54}}]},"74":{"loc":{"start":{"line":428,"column":25},"end":{"line":428,"column":35}},"type":"default-arg","locations":[{"start":{"line":428,"column":25},"end":{"line":428,"column":35}}]},"75":{"loc":{"start":{"line":429,"column":8},"end":{"line":433,"column":null}},"type":"if","locations":[{"start":{"line":429,"column":8},"end":{"line":433,"column":null}},{"start":{"line":429,"column":8},"end":{"line":433,"column":null}}]},"76":{"loc":{"start":{"line":440,"column":8},"end":{"line":444,"column":null}},"type":"if","locations":[{"start":{"line":440,"column":8},"end":{"line":444,"column":null}},{"start":{"line":440,"column":8},"end":{"line":444,"column":null}}]},"77":{"loc":{"start":{"line":445,"column":8},"end":{"line":447,"column":null}},"type":"if","locations":[{"start":{"line":445,"column":8},"end":{"line":447,"column":null}},{"start":{"line":445,"column":8},"end":{"line":447,"column":null}}]},"78":{"loc":{"start":{"line":449,"column":8},"end":{"line":550,"column":null}},"type":"if","locations":[{"start":{"line":449,"column":8},"end":{"line":550,"column":null}},{"start":{"line":449,"column":8},"end":{"line":550,"column":null}}]},"79":{"loc":{"start":{"line":453,"column":62},"end":{"line":453,"column":66}},"type":"cond-expr","locations":[{"start":{"line":453,"column":62},"end":{"line":453,"column":66}},{"start":{"line":453,"column":69},"end":{"line":453,"column":72}}]},"80":{"loc":{"start":{"line":453,"column":29},"end":{"line":453,"column":44}},"type":"binary-expr","locations":[{"start":{"line":453,"column":29},"end":{"line":453,"column":44}},{"start":{"line":453,"column":48},"end":{"line":453,"column":59}}]},"81":{"loc":{"start":{"line":454,"column":46},"end":{"line":454,"column":62}},"type":"cond-expr","locations":[{"start":{"line":454,"column":46},"end":{"line":454,"column":62}},{"start":{"line":454,"column":65},"end":{"line":454,"column":92}}]},"82":{"loc":{"start":{"line":457,"column":12},"end":{"line":506,"column":null}},"type":"if","locations":[{"start":{"line":457,"column":12},"end":{"line":506,"column":null}},{"start":{"line":457,"column":12},"end":{"line":506,"column":null}}]},"83":{"loc":{"start":{"line":457,"column":16},"end":{"line":457,"column":30}},"type":"binary-expr","locations":[{"start":{"line":457,"column":16},"end":{"line":457,"column":30}},{"start":{"line":457,"column":35},"end":{"line":457,"column":74}},{"start":{"line":458,"column":16},"end":{"line":458,"column":66}}]},"84":{"loc":{"start":{"line":466,"column":20},"end":{"line":474,"column":null}},"type":"if","locations":[{"start":{"line":466,"column":20},"end":{"line":474,"column":null}},{"start":{"line":466,"column":20},"end":{"line":474,"column":null}}]},"85":{"loc":{"start":{"line":469,"column":27},"end":{"line":474,"column":null}},"type":"if","locations":[{"start":{"line":469,"column":27},"end":{"line":474,"column":null}},{"start":{"line":469,"column":27},"end":{"line":474,"column":null}}]},"86":{"loc":{"start":{"line":469,"column":31},"end":{"line":469,"column":42}},"type":"binary-expr","locations":[{"start":{"line":469,"column":31},"end":{"line":469,"column":42}},{"start":{"line":469,"column":46},"end":{"line":469,"column":66}}]},"87":{"loc":{"start":{"line":475,"column":20},"end":{"line":477,"column":null}},"type":"if","locations":[{"start":{"line":475,"column":20},"end":{"line":477,"column":null}},{"start":{"line":475,"column":20},"end":{"line":477,"column":null}}]},"88":{"loc":{"start":{"line":480,"column":51},"end":{"line":480,"column":71}},"type":"cond-expr","locations":[{"start":{"line":480,"column":51},"end":{"line":480,"column":71}},{"start":{"line":480,"column":74},"end":{"line":480,"column":75}}]},"89":{"loc":{"start":{"line":481,"column":16},"end":{"line":483,"column":null}},"type":"if","locations":[{"start":{"line":481,"column":16},"end":{"line":483,"column":null}},{"start":{"line":481,"column":16},"end":{"line":483,"column":null}}]},"90":{"loc":{"start":{"line":491,"column":20},"end":{"line":495,"column":null}},"type":"if","locations":[{"start":{"line":491,"column":20},"end":{"line":495,"column":null}},{"start":{"line":491,"column":20},"end":{"line":495,"column":null}}]},"91":{"loc":{"start":{"line":493,"column":27},"end":{"line":495,"column":null}},"type":"if","locations":[{"start":{"line":493,"column":27},"end":{"line":495,"column":null}},{"start":{"line":493,"column":27},"end":{"line":495,"column":null}}]},"92":{"loc":{"start":{"line":493,"column":31},"end":{"line":493,"column":42}},"type":"binary-expr","locations":[{"start":{"line":493,"column":31},"end":{"line":493,"column":42}},{"start":{"line":493,"column":46},"end":{"line":493,"column":66}}]},"93":{"loc":{"start":{"line":496,"column":20},"end":{"line":498,"column":null}},"type":"if","locations":[{"start":{"line":496,"column":20},"end":{"line":498,"column":null}},{"start":{"line":496,"column":20},"end":{"line":498,"column":null}}]},"94":{"loc":{"start":{"line":501,"column":34},"end":{"line":501,"column":38}},"type":"cond-expr","locations":[{"start":{"line":501,"column":34},"end":{"line":501,"column":38}},{"start":{"line":501,"column":41},"end":{"line":501,"column":44}}]},"95":{"loc":{"start":{"line":500,"column":35},"end":{"line":500,"column":78}},"type":"binary-expr","locations":[{"start":{"line":500,"column":35},"end":{"line":500,"column":78}},{"start":{"line":500,"column":82},"end":{"line":500,"column":121}}]},"96":{"loc":{"start":{"line":502,"column":20},"end":{"line":504,"column":null}},"type":"if","locations":[{"start":{"line":502,"column":20},"end":{"line":504,"column":null}},{"start":{"line":502,"column":20},"end":{"line":504,"column":null}}]},"97":{"loc":{"start":{"line":513,"column":12},"end":{"line":549,"column":null}},"type":"if","locations":[{"start":{"line":513,"column":12},"end":{"line":549,"column":null}},{"start":{"line":513,"column":12},"end":{"line":549,"column":null}}]},"98":{"loc":{"start":{"line":513,"column":16},"end":{"line":513,"column":55}},"type":"binary-expr","locations":[{"start":{"line":513,"column":16},"end":{"line":513,"column":55}},{"start":{"line":514,"column":16},"end":{"line":514,"column":66}}]},"99":{"loc":{"start":{"line":521,"column":20},"end":{"line":526,"column":null}},"type":"if","locations":[{"start":{"line":521,"column":20},"end":{"line":526,"column":null}},{"start":{"line":521,"column":20},"end":{"line":526,"column":null}}]},"100":{"loc":{"start":{"line":527,"column":20},"end":{"line":529,"column":null}},"type":"if","locations":[{"start":{"line":527,"column":20},"end":{"line":529,"column":null}},{"start":{"line":527,"column":20},"end":{"line":529,"column":null}}]},"101":{"loc":{"start":{"line":532,"column":16},"end":{"line":534,"column":null}},"type":"if","locations":[{"start":{"line":532,"column":16},"end":{"line":534,"column":null}},{"start":{"line":532,"column":16},"end":{"line":534,"column":null}}]},"102":{"loc":{"start":{"line":541,"column":20},"end":{"line":544,"column":null}},"type":"if","locations":[{"start":{"line":541,"column":20},"end":{"line":544,"column":null}},{"start":{"line":541,"column":20},"end":{"line":544,"column":null}}]},"103":{"loc":{"start":{"line":545,"column":20},"end":{"line":547,"column":null}},"type":"if","locations":[{"start":{"line":545,"column":20},"end":{"line":547,"column":null}},{"start":{"line":545,"column":20},"end":{"line":547,"column":null}}]},"104":{"loc":{"start":{"line":560,"column":12},"end":{"line":562,"column":null}},"type":"if","locations":[{"start":{"line":560,"column":12},"end":{"line":562,"column":null}},{"start":{"line":560,"column":12},"end":{"line":562,"column":null}}]},"105":{"loc":{"start":{"line":564,"column":44},"end":{"line":564,"column":61}},"type":"cond-expr","locations":[{"start":{"line":564,"column":44},"end":{"line":564,"column":61}},{"start":{"line":564,"column":64},"end":{"line":564,"column":86}}]},"106":{"loc":{"start":{"line":566,"column":12},"end":{"line":572,"column":null}},"type":"if","locations":[{"start":{"line":566,"column":12},"end":{"line":572,"column":null}},{"start":{"line":566,"column":12},"end":{"line":572,"column":null}}]},"107":{"loc":{"start":{"line":569,"column":19},"end":{"line":572,"column":null}},"type":"if","locations":[{"start":{"line":569,"column":19},"end":{"line":572,"column":null}},{"start":{"line":569,"column":19},"end":{"line":572,"column":null}}]},"108":{"loc":{"start":{"line":569,"column":23},"end":{"line":569,"column":34}},"type":"binary-expr","locations":[{"start":{"line":569,"column":23},"end":{"line":569,"column":34}},{"start":{"line":569,"column":38},"end":{"line":569,"column":49}},{"start":{"line":569,"column":53},"end":{"line":569,"column":68}}]},"109":{"loc":{"start":{"line":573,"column":12},"end":{"line":575,"column":null}},"type":"if","locations":[{"start":{"line":573,"column":12},"end":{"line":575,"column":null}},{"start":{"line":573,"column":12},"end":{"line":575,"column":null}}]},"110":{"loc":{"start":{"line":576,"column":12},"end":{"line":578,"column":null}},"type":"if","locations":[{"start":{"line":576,"column":12},"end":{"line":578,"column":null}},{"start":{"line":576,"column":12},"end":{"line":578,"column":null}}]},"111":{"loc":{"start":{"line":608,"column":8},"end":{"line":613,"column":null}},"type":"if","locations":[{"start":{"line":608,"column":8},"end":{"line":613,"column":null}},{"start":{"line":608,"column":8},"end":{"line":613,"column":null}}]}},"s":{"0":1,"1":1,"2":3,"3":3,"4":3,"5":3,"6":3,"7":3,"8":3,"9":3,"10":3,"11":3,"12":3,"13":3,"14":3,"15":0,"16":3,"17":0,"18":0,"19":0,"20":0,"21":0,"22":0,"23":0,"24":0,"25":0,"26":0,"27":0,"28":0,"29":0,"30":0,"31":0,"32":0,"33":0,"34":0,"35":0,"36":0,"37":0,"38":0,"39":0,"40":0,"41":0,"42":0,"43":0,"44":0,"45":0,"46":0,"47":0,"48":0,"49":0,"50":0,"51":0,"52":0,"53":0,"54":0,"55":0,"56":0,"57":0,"58":0,"59":0,"60":0,"61":0,"62":0,"63":0,"64":0,"65":0,"66":0,"67":0,"68":0,"69":0,"70":0,"71":0,"72":0,"73":0,"74":0,"75":0,"76":0,"77":0,"78":0,"79":0,"80":0,"81":181,"82":179,"83":2,"84":2,"85":0,"86":0,"87":0,"88":0,"89":0,"90":0,"91":0,"92":0,"93":0,"94":0,"95":0,"96":0,"97":0,"98":0,"99":0,"100":0,"101":0,"102":0,"103":0,"104":0,"105":0,"106":0,"107":0,"108":0,"109":0,"110":0,"111":0,"112":0,"113":0,"114":0,"115":0,"116":0,"117":0,"118":0,"119":0,"120":0,"121":0,"122":0,"123":0,"124":0,"125":0,"126":0,"127":0,"128":0,"129":0,"130":0,"131":0,"132":0,"133":0,"134":0,"135":0,"136":0,"137":0,"138":0,"139":0,"140":0,"141":0,"142":0,"143":0,"144":0,"145":0,"146":0,"147":0,"148":0,"149":0,"150":0,"151":0,"152":0,"153":0,"154":0,"155":0,"156":0,"157":0,"158":0,"159":0,"160":0,"161":0,"162":0,"163":0,"164":0,"165":0,"166":0,"167":0,"168":0,"169":0,"170":0,"171":0,"172":0,"173":0,"174":0,"175":0,"176":0,"177":0,"178":0,"179":0,"180":0,"181":0,"182":0,"183":0,"184":0,"185":0,"186":0,"187":0,"188":0,"189":0,"190":0,"191":0,"192":0,"193":0,"194":0,"195":0,"196":0,"197":0,"198":0,"199":0,"200":0,"201":0,"202":0,"203":0,"204":0,"205":0,"206":0,"207":0,"208":0,"209":0,"210":0,"211":0,"212":0,"213":0,"214":0,"215":0,"216":0,"217":0,"218":0,"219":0,"220":0,"221":0,"222":0,"223":0,"224":0,"225":0,"226":0,"227":0,"228":0,"229":0,"230":0,"231":0,"232":0,"233":0,"234":0,"235":0,"236":0,"237":0,"238":0,"239":0,"240":0,"241":0,"242":0,"243":0,"244":0,"245":0,"246":0,"247":0,"248":0,"249":0,"250":0,"251":0,"252":0,"253":0,"254":0,"255":0,"256":0,"257":0,"258":0,"259":0,"260":0,"261":0,"262":1,"263":1,"264":3,"265":3,"266":3,"267":0,"268":0,"269":0,"270":0,"271":1},"f":{"0":3,"1":0,"2":0,"3":0,"4":0,"5":0,"6":0,"7":0,"8":0,"9":0,"10":181,"11":0,"12":0,"13":0,"14":0,"15":0,"16":0,"17":0,"18":0,"19":0,"20":0,"21":0,"22":0,"23":0,"24":0,"25":3},"b":{"0":[0,3],"1":[0,3],"2":[0,0],"3":[0,0,0,0],"4":[0,0],"5":[0,0,0],"6":[0,0],"7":[0,0],"8":[0,0],"9":[0,0],"10":[0,0],"11":[0,0],"12":[0,0],"13":[0,0],"14":[0,0],"15":[0,0],"16":[0,0],"17":[0,0],"18":[0],"19":[0,0],"20":[0],"21":[0,0],"22":[0,0,0],"23":[0],"24":[0,0],"25":[0,0,0],"26":[0],"27":[0,0],"28":[0,0],"29":[0],"30":[0,0],"31":[0,0],"32":[0,0],"33":[0],"34":[0,0],"35":[0,0,0],"36":[0],"37":[179,2],"38":[2,0],"39":[0,0],"40":[0,0],"41":[0,0],"42":[0,0],"43":[0,0],"44":[0,0],"45":[0,0],"46":[0,0],"47":[0,0],"48":[0,0],"49":[0,0],"50":[0,0,0,0],"51":[0,0],"52":[0,0],"53":[0,0],"54":[0,0],"55":[0,0],"56":[0,0],"57":[0,0],"58":[0,0],"59":[0,0],"60":[0,0],"61":[0,0],"62":[0,0],"63":[0,0],"64":[0,0],"65":[0],"66":[0,0],"67":[0],"68":[0],"69":[0,0],"70":[0,0],"71":[0,0],"72":[0,0],"73":[0,0],"74":[0],"75":[0,0],"76":[0,0],"77":[0,0],"78":[0,0],"79":[0,0],"80":[0,0],"81":[0,0],"82":[0,0],"83":[0,0,0],"84":[0,0],"85":[0,0],"86":[0,0],"87":[0,0],"88":[0,0],"89":[0,0],"90":[0,0],"91":[0,0],"92":[0,0],"93":[0,0],"94":[0,0],"95":[0,0],"96":[0,0],"97":[0,0],"98":[0,0],"99":[0,0],"100":[0,0],"101":[0,0],"102":[0,0],"103":[0,0],"104":[0,0],"105":[0,0],"106":[0,0],"107":[0,0],"108":[0,0,0],"109":[0,0],"110":[0,0],"111":[0,3]}}
,"C:\\Users\\Sampsa\\Development\\chess\\chess-ts\\src\\turn.ts": {"path":"C:\\Users\\Sampsa\\Development\\chess\\chess-ts\\src\\turn.ts","statementMap":{"0":{"start":{"line":2,"column":0},"end":{"line":2,"column":27}},"1":{"start":{"line":24,"column":8},"end":{"line":24,"column":null}},"2":{"start":{"line":25,"column":8},"end":{"line":26,"column":34}},"3":{"start":{"line":27,"column":8},"end":{"line":30,"column":null}},"4":{"start":{"line":31,"column":8},"end":{"line":34,"column":null}},"5":{"start":{"line":35,"column":8},"end":{"line":35,"column":null}},"6":{"start":{"line":36,"column":8},"end":{"line":36,"column":null}},"7":{"start":{"line":37,"column":8},"end":{"line":37,"column":null}},"8":{"start":{"line":38,"column":8},"end":{"line":38,"column":null}},"9":{"start":{"line":39,"column":8},"end":{"line":39,"column":null}},"10":{"start":{"line":40,"column":8},"end":{"line":40,"column":33}},"11":{"start":{"line":41,"column":8},"end":{"line":41,"column":null}},"12":{"start":{"line":42,"column":8},"end":{"line":42,"column":null}},"13":{"start":{"line":46,"column":8},"end":{"line":46,"column":null}},"14":{"start":{"line":50,"column":8},"end":{"line":50,"column":null}},"15":{"start":{"line":54,"column":0},"end":{"line":54,"column":null}}},"fnMap":{"0":{"name":"(anonymous_1)","decl":{"start":{"line":23,"column":4},"end":{"line":23,"column":17}},"loc":{"start":{"line":23,"column":35},"end":{"line":43,"column":5}}},"1":{"name":"(anonymous_2)","decl":{"start":{"line":45,"column":4},"end":{"line":45,"column":12}},"loc":{"start":{"line":45,"column":12},"end":{"line":47,"column":5}}},"2":{"name":"(anonymous_3)","decl":{"start":{"line":49,"column":4},"end":{"line":49,"column":11}},"loc":{"start":{"line":49,"column":11},"end":{"line":51,"column":5}}}},"branchMap":{"0":{"loc":{"start":{"line":46,"column":15},"end":{"line":46,"column":34}},"type":"binary-expr","locations":[{"start":{"line":46,"column":15},"end":{"line":46,"column":34}},{"start":{"line":46,"column":38},"end":{"line":46,"column":40}}]}},"s":{"0":1,"1":65702,"2":65702,"3":65702,"4":65702,"5":65702,"6":65702,"7":65702,"8":65702,"9":65702,"10":65702,"11":65702,"12":65702,"13":0,"14":0,"15":1},"f":{"0":65702,"1":0,"2":0},"b":{"0":[0,0]}}
}
