TN:
SF:src\annotation.ts
FN:14,(anonymous_0)
FN:99,(anonymous_1)
FNF:2
FNH:2
FNDA:2,(anonymous_0)
FNDA:1,(anonymous_1)
DA:9,2
DA:10,2
DA:11,2
DA:12,2
DA:15,2
DA:16,0
DA:17,0
DA:18,0
DA:20,2
DA:22,2
DA:24,2
DA:25,2
DA:32,0
DA:33,0
DA:34,0
DA:35,0
DA:40,0
DA:46,0
DA:47,0
DA:48,0
DA:49,0
DA:50,0
DA:51,0
DA:52,0
DA:53,0
DA:54,0
DA:56,0
DA:57,0
DA:59,0
DA:60,0
DA:63,0
DA:65,0
DA:66,0
DA:67,0
DA:74,0
DA:76,0
DA:77,0
DA:78,0
DA:84,0
DA:88,0
DA:89,0
DA:96,0
DA:100,1
DA:101,0
DA:103,1
DA:108,1
LF:46
LH:12
BRDA:15,0,0,0
BRDA:15,0,1,2
BRDA:22,1,0,2
BRDA:22,1,1,0
BRDA:32,2,0,0
BRDA:32,2,1,0
BRDA:33,3,0,0
BRDA:33,3,1,0
BRDA:51,4,0,0
BRDA:51,4,1,0
BRDA:54,5,0,0
BRDA:54,5,1,0
BRDA:59,6,0,0
BRDA:59,6,1,0
BRDA:59,7,0,0
BRDA:59,7,1,0
BRDA:76,8,0,0
BRDA:76,8,1,0
BRDA:88,9,0,0
BRDA:88,9,1,0
BRDA:100,10,0,0
BRDA:100,10,1,1
BRF:22
BRH:3
end_of_record
TN:
SF:src\board.ts
FN:42,(anonymous_1)
FN:53,(anonymous_2)
FN:77,(anonymous_3)
FN:116,(anonymous_4)
FN:137,(anonymous_5)
FN:150,(anonymous_6)
FN:202,(anonymous_7)
FN:225,(anonymous_8)
FN:250,(anonymous_9)
FN:270,(anonymous_10)
FN:278,(anonymous_11)
FN:300,(anonymous_12)
FN:308,(anonymous_13)
FN:315,(anonymous_14)
FN:325,(anonymous_15)
FN:385,(anonymous_16)
FN:460,(anonymous_17)
FN:489,(anonymous_18)
FN:509,(anonymous_19)
FN:744,(anonymous_20)
FN:779,(anonymous_21)
FN:901,(anonymous_22)
FN:1009,(anonymous_23)
FN:1040,(anonymous_24)
FN:1086,(anonymous_25)
FN:1100,(anonymous_26)
FN:1117,(anonymous_27)
FN:1132,(anonymous_28)
FN:1169,(anonymous_29)
FN:1200,(anonymous_30)
FN:1212,(anonymous_31)
FN:1224,(anonymous_32)
FN:1231,(anonymous_33)
FN:1238,(anonymous_34)
FN:1253,(anonymous_35)
FN:1302,(anonymous_36)
FN:1376,(anonymous_37)
FN:1390,(anonymous_38)
FN:1396,(anonymous_39)
FN:1402,(anonymous_40)
FN:1413,(anonymous_41)
FN:1443,(anonymous_42)
FN:1452,(anonymous_43)
FN:1453,(anonymous_44)
FN:1458,(anonymous_45)
FN:1459,(anonymous_46)
FN:1464,(anonymous_47)
FN:1468,(anonymous_48)
FN:1475,(anonymous_49)
FN:1542,(anonymous_50)
FN:1549,(anonymous_51)
FN:1684,(anonymous_52)
FNF:52
FNH:39
FNDA:3,(anonymous_1)
FNDA:384,(anonymous_2)
FNDA:2,(anonymous_3)
FNDA:2,(anonymous_4)
FNDA:3,(anonymous_5)
FNDA:3,(anonymous_6)
FNDA:98,(anonymous_7)
FNDA:96,(anonymous_8)
FNDA:2,(anonymous_9)
FNDA:0,(anonymous_10)
FNDA:0,(anonymous_11)
FNDA:330,(anonymous_12)
FNDA:23113,(anonymous_13)
FNDA:2050,(anonymous_14)
FNDA:119962,(anonymous_15)
FNDA:12,(anonymous_16)
FNDA:5032,(anonymous_17)
FNDA:65520,(anonymous_18)
FNDA:0,(anonymous_19)
FNDA:182,(anonymous_20)
FNDA:65703,(anonymous_21)
FNDA:65790,(anonymous_22)
FNDA:2,(anonymous_23)
FNDA:92,(anonymous_24)
FNDA:65884,(anonymous_25)
FNDA:0,(anonymous_26)
FNDA:0,(anonymous_27)
FNDA:65520,(anonymous_28)
FNDA:10,(anonymous_29)
FNDA:3,(anonymous_30)
FNDA:0,(anonymous_31)
FNDA:179,(anonymous_32)
FNDA:0,(anonymous_33)
FNDA:0,(anonymous_34)
FNDA:5251,(anonymous_35)
FNDA:132174,(anonymous_36)
FNDA:131997,(anonymous_37)
FNDA:771,(anonymous_38)
FNDA:186,(anonymous_39)
FNDA:0,(anonymous_40)
FNDA:0,(anonymous_41)
FNDA:0,(anonymous_42)
FNDA:2,(anonymous_43)
FNDA:4,(anonymous_44)
FNDA:186,(anonymous_45)
FNDA:205,(anonymous_46)
FNDA:2,(anonymous_47)
FNDA:186,(anonymous_48)
FNDA:186,(anonymous_49)
FNDA:0,(anonymous_50)
FNDA:0,(anonymous_51)
FNDA:1,(anonymous_52)
DA:2,1
DA:3,1
DA:4,1
DA:5,1
DA:6,1
DA:7,1
DA:8,1
DA:9,1
DA:10,1
DA:36,3
DA:43,3
DA:44,3
DA:45,3
DA:46,3
DA:47,3
DA:48,3
DA:49,3
DA:50,3
DA:51,3
DA:53,384
DA:55,3
DA:60,3
DA:64,3
DA:65,3
DA:66,3
DA:67,3
DA:68,3
DA:70,3
DA:78,2
DA:79,2
DA:80,2
DA:81,2
DA:82,2
DA:83,2
DA:84,2
DA:85,2
DA:86,2
DA:87,2
DA:88,2
DA:89,2
DA:93,2
DA:97,2
DA:98,2
DA:99,2
DA:100,2
DA:101,2
DA:106,2
DA:107,2
DA:117,2
DA:118,2
DA:119,2
DA:120,2
DA:122,2
DA:123,2
DA:124,2
DA:126,2
DA:127,2
DA:128,2
DA:129,2
DA:138,3
DA:139,3
DA:140,3
DA:142,0
DA:152,3
DA:153,3
DA:154,3
DA:155,0
DA:156,0
DA:158,3
DA:159,3
DA:160,3
DA:162,3
DA:163,135
DA:164,135
DA:165,21
DA:166,114
DA:167,18
DA:169,96
DA:170,96
DA:173,3
DA:174,3
DA:175,3
DA:177,3
DA:178,3
DA:180,3
DA:181,3
DA:183,3
DA:184,3
DA:186,3
DA:187,3
DA:189,3
DA:191,3
DA:192,3
DA:193,3
DA:194,3
DA:195,3
DA:206,98
DA:207,98
DA:208,0
DA:209,0
DA:211,98
DA:213,0
DA:214,0
DA:215,0
DA:217,0
DA:227,96
DA:228,0
DA:229,0
DA:232,96
DA:233,0
DA:234,0
DA:237,96
DA:239,96
DA:240,96
DA:241,6
DA:243,96
DA:252,2
DA:253,0
DA:254,0
DA:256,2
DA:257,2
DA:258,0
DA:259,2
DA:260,0
DA:263,2
DA:264,2
DA:271,0
DA:272,0
DA:273,0
DA:274,0
DA:278,0
DA:279,0
DA:280,0
DA:281,0
DA:282,0
DA:283,0
DA:284,0
DA:285,0
DA:286,0
DA:287,0
DA:288,0
DA:290,0
DA:293,0
DA:301,330
DA:309,23113
DA:316,2050
DA:317,0
DA:319,2050
DA:326,119962
DA:327,119962
DA:328,119962
DA:330,119962
DA:331,7677568
DA:332,4542446
DA:334,3135122
DA:336,1361853
DA:337,1361853
DA:339,3135122
DA:341,7677568
DA:343,959696
DA:344,649638
DA:347,959696
DA:348,839734
DA:350,959696
DA:351,959696
DA:355,119962
DA:356,54259
DA:358,65703
DA:361,65703
DA:362,65703
DA:363,65703
DA:364,65703
DA:365,65703
DA:367,65703
DA:369,65703
DA:371,65703
DA:372,65703
DA:388,12
DA:389,12
DA:394,12
DA:395,12
DA:396,458
DA:398,458
DA:403,0
DA:406,458
DA:408,0
DA:409,0
DA:410,0
DA:412,0
DA:415,458
DA:416,0
DA:417,0
DA:418,0
DA:419,0
DA:420,0
DA:422,458
DA:423,0
DA:424,0
DA:425,0
DA:427,0
DA:429,458
DA:430,458
DA:431,0
DA:432,0
DA:434,458
DA:436,0
DA:437,0
DA:438,0
DA:439,0
DA:441,0
DA:446,458
DA:447,319
DA:448,139
DA:449,137
DA:451,2
DA:454,12
DA:461,5032
DA:469,5032
DA:473,4076
DA:474,0
DA:477,4076
DA:478,4076
DA:479,297789
DA:480,130562
DA:482,4076
DA:485,956
DA:486,956
DA:487,956
DA:489,956
DA:493,65520
DA:494,65520
DA:504,65520
DA:507,0
DA:509,0
DA:510,0
DA:511,0
DA:512,0
DA:513,0
DA:515,0
DA:519,65520
DA:520,65520
DA:521,65520
DA:523,0
DA:528,956
DA:533,956
DA:534,956
DA:535,956
DA:537,0
DA:538,0
DA:540,0
DA:544,956
DA:549,67876
DA:551,6692
DA:552,6692
DA:554,61184
DA:556,61184
DA:557,50329
DA:561,10855
DA:563,5351
DA:564,5351
DA:565,3907
DA:567,3907
DA:569,3907
DA:570,2505
DA:571,2210
DA:573,295
DA:578,1444
DA:579,1444
DA:580,631
DA:584,5351
DA:585,10702
DA:586,10702
DA:587,1296
DA:588,9406
DA:589,255
DA:590,9151
DA:591,2
DA:596,5504
DA:597,33900
DA:598,33900
DA:599,33900
DA:600,33900
DA:602,56240
DA:604,21927
DA:605,21927
DA:606,21927
DA:608,34313
DA:609,20700
DA:611,13613
DA:612,2615
DA:614,10998
DA:616,13613
DA:619,34313
DA:620,13961
DA:623,20352
DA:630,10855
DA:632,956
DA:633,956
DA:634,268
DA:635,268
DA:641,28
DA:643,240
DA:646,956
DA:647,268
DA:648,268
DA:655,0
DA:657,268
DA:663,956
DA:665,956
DA:668,956
DA:670,65520
DA:671,65520
DA:673,0
DA:676,65520
DA:678,38081
DA:679,37559
DA:681,522
DA:685,38081
DA:686,3
DA:688,38081
DA:689,38081
DA:690,27439
DA:691,585
DA:692,585
DA:693,2
DA:697,27439
DA:698,184
DA:701,27439
DA:702,14867
DA:703,14867
DA:706,12572
DA:707,5082
DA:710,12572
DA:711,12572
DA:717,956
DA:728,956
DA:729,956
DA:730,956
DA:732,956
DA:733,954
DA:735,2
DA:746,182
DA:748,180
DA:751,2
DA:752,0
DA:755,2
DA:756,2
DA:757,0
DA:758,0
DA:762,2
DA:763,2
DA:764,0
DA:768,0
DA:772,2
DA:780,65703
DA:782,65703
DA:784,13
DA:786,1
DA:787,1
DA:789,0
DA:791,0
DA:792,0
DA:793,0
DA:795,0
DA:799,0
DA:800,0
DA:801,0
DA:802,0
DA:803,0
DA:805,0
DA:806,0
DA:807,0
DA:809,0
DA:812,0
DA:813,0
DA:817,1
DA:821,1
DA:822,1
DA:823,1
DA:824,1
DA:825,1
DA:826,1
DA:827,1
DA:831,12
DA:832,0
DA:833,0
DA:834,0
DA:838,0
DA:839,0
DA:841,0
DA:849,65702
DA:850,65702
DA:851,177
DA:852,177
DA:854,177
DA:855,177
DA:859,65702
DA:860,65702
DA:863,65702
DA:882,65702
DA:883,65702
DA:884,65702
DA:885,0
DA:887,65702
DA:889,65702
DA:890,0
DA:892,65702
DA:903,65790
DA:904,65790
DA:905,65790
DA:907,65790
DA:908,65790
DA:910,65790
DA:911,2
DA:913,0
DA:916,2
DA:918,65788
DA:920,0
DA:923,65790
DA:924,6160
DA:926,6160
DA:927,275
DA:928,275
DA:929,5885
DA:930,268
DA:931,268
DA:934,6160
DA:937,65790
DA:938,22187
DA:939,8255
DA:940,1442
DA:941,6813
DA:942,1190
DA:945,13932
DA:946,2310
DA:947,11622
DA:948,2310
DA:953,65790
DA:954,20681
DA:955,8878
DA:956,114
DA:957,8764
DA:958,100
DA:961,11803
DA:962,133
DA:963,11670
DA:964,85
DA:969,65790
DA:970,2224
DA:971,1270
DA:973,954
DA:976,63566
DA:979,65790
DA:983,11488
DA:984,11488
DA:985,11446
DA:988,54302
DA:989,54302
DA:990,54256
DA:991,54256
DA:992,10
DA:994,54246
DA:999,65790
DA:1000,65790
DA:1001,65790
DA:1002,65790
DA:1003,65790
DA:1010,2
DA:1012,0
DA:1013,0
DA:1015,2
DA:1017,0
DA:1018,0
DA:1020,2
DA:1021,2
DA:1022,2
DA:1026,2
DA:1027,2
DA:1029,2
DA:1030,2
DA:1032,2
DA:1042,92
DA:1046,92
DA:1050,92
DA:1051,92
DA:1052,92
DA:1053,92
DA:1054,92
DA:1056,92
DA:1058,92
DA:1059,94
DA:1060,94
DA:1062,94
DA:1063,26
DA:1065,68
DA:1066,0
DA:1067,0
DA:1069,0
DA:1072,68
DA:1075,94
DA:1076,2
DA:1077,2
DA:1078,92
DA:1079,0
DA:1080,0
DA:1082,94
DA:1083,94
DA:1087,65884
DA:1101,0
DA:1102,0
DA:1103,0
DA:1104,0
DA:1106,0
DA:1118,0
DA:1119,0
DA:1120,0
DA:1121,0
DA:1123,0
DA:1124,0
DA:1134,65520
DA:1135,65520
DA:1136,65520
DA:1137,65520
DA:1138,65520
DA:1139,65520
DA:1140,65520
DA:1141,65520
DA:1145,65520
DA:1149,65520
DA:1150,65520
DA:1151,65520
DA:1152,65520
DA:1157,65520
DA:1159,65520
DA:1171,10
DA:1172,0
DA:1173,0
DA:1175,10
DA:1177,0
DA:1178,0
DA:1180,10
DA:1183,10
DA:1184,6
DA:1185,90
DA:1186,90
DA:1188,4
DA:1189,4
DA:1190,88
DA:1191,88
DA:1194,10
DA:1202,3
DA:1203,0
DA:1204,0
DA:1206,3
DA:1214,0
DA:1215,0
DA:1216,0
DA:1218,0
DA:1225,179
DA:1232,0
DA:1239,0
DA:1255,5251
DA:1256,1186
DA:1257,55
DA:1259,1131
DA:1262,4065
DA:1263,4065
DA:1264,4065
DA:1265,4065
DA:1266,4065
DA:1270,130300
DA:1274,133
DA:1275,133
DA:1276,81
DA:1278,133
DA:1279,0
DA:1284,4065
DA:1285,133
DA:1286,0
DA:1287,133
DA:1288,0
DA:1290,133
DA:1293,3932
DA:1304,132174
DA:1305,0
DA:1308,132174
DA:1309,132174
DA:1310,6908248
DA:1311,674686
DA:1312,674686
DA:1313,6233562
DA:1314,4995294
DA:1316,1238268
DA:1317,1238268
DA:1318,1238268
DA:1319,1238268
DA:1321,99276
DA:1323,1122
DA:1324,1099
DA:1325,1099
DA:1327,0
DA:1329,23
DA:1330,23
DA:1331,23
DA:1333,0
DA:1336,0
DA:1338,98154
DA:1339,671
DA:1340,671
DA:1342,0
DA:1346,97483
DA:1347,97483
DA:1348,97483
DA:1349,97483
DA:1350,83664
DA:1351,22357
DA:1352,22357
DA:1354,61307
DA:1356,97483
DA:1357,75126
DA:1358,75126
DA:1360,0
DA:1367,55255
DA:1368,55255
DA:1370,0
DA:1377,131997
DA:1378,957
DA:1382,131040
DA:1391,771
DA:1397,186
DA:1404,0
DA:1414,0
DA:1415,0
DA:1416,0
DA:1417,0
DA:1418,0
DA:1419,0
DA:1420,0
DA:1421,0
DA:1423,0
DA:1424,0
DA:1426,0
DA:1427,0
DA:1428,0
DA:1429,0
DA:1431,0
DA:1438,0
DA:1439,0
DA:1440,0
DA:1441,0
DA:1442,0
DA:1443,0
DA:1444,0
DA:1446,0
DA:1453,4
DA:1459,205
DA:1465,2
DA:1469,186
DA:1476,186
DA:1477,2
DA:1478,2
DA:1486,0
DA:1494,184
DA:1495,0
DA:1502,184
DA:1503,0
DA:1510,184
DA:1511,0
DA:1518,184
DA:1519,0
DA:1526,184
DA:1527,0
DA:1535,184
DA:1543,0
DA:1544,0
DA:1546,0
DA:1547,0
DA:1548,0
DA:1549,0
DA:1550,0
DA:1551,0
DA:1552,0
DA:1553,0
DA:1554,0
DA:1555,0
DA:1556,0
DA:1557,0
DA:1558,0
DA:1559,0
DA:1560,0
DA:1561,0
DA:1564,0
DA:1565,0
DA:1566,0
DA:1568,0
DA:1569,0
DA:1570,0
DA:1572,0
DA:1575,0
DA:1576,0
DA:1578,0
DA:1581,0
DA:1582,0
DA:1584,0
DA:1585,0
DA:1586,0
DA:1588,0
DA:1589,0
DA:1590,0
DA:1592,0
DA:1593,0
DA:1594,0
DA:1596,0
DA:1597,0
DA:1598,0
DA:1601,0
DA:1605,0
DA:1606,0
DA:1608,0
DA:1609,0
DA:1612,0
DA:1616,0
DA:1617,0
DA:1619,0
DA:1620,0
DA:1623,0
DA:1626,0
DA:1627,0
DA:1629,0
DA:1630,0
DA:1633,0
DA:1636,0
DA:1637,0
DA:1639,0
DA:1640,0
DA:1643,0
DA:1646,0
DA:1647,0
DA:1649,0
DA:1650,0
DA:1653,0
DA:1656,0
DA:1657,0
DA:1659,0
DA:1660,0
DA:1664,0
DA:1665,0
DA:1666,0
DA:1668,0
DA:1669,0
DA:1670,0
DA:1672,0
DA:1685,1
DA:1686,1
DA:1687,1
DA:1688,1
DA:1689,1
DA:1693,1
DA:1695,64
DA:1696,8
DA:1698,64
DA:1699,64
DA:1700,8
DA:1701,8
DA:1702,1
DA:1703,1
DA:1704,7
DA:1705,1
DA:1706,6
DA:1707,1
DA:1708,5
DA:1709,0
DA:1710,0
DA:1712,8
DA:1713,8
DA:1716,1
DA:1717,1
DA:1718,1
DA:1719,1
DA:1720,1
DA:1723,1
LF:781
LH:527
BRDA:116,0,0,0
BRDA:119,1,0,2
BRDA:119,1,1,0
BRDA:139,2,0,3
BRDA:139,2,1,0
BRDA:154,3,0,0
BRDA:154,3,1,3
BRDA:164,4,0,21
BRDA:164,4,1,114
BRDA:166,5,0,18
BRDA:166,5,1,96
BRDA:177,6,0,3
BRDA:177,6,1,0
BRDA:180,7,0,3
BRDA:180,7,1,0
BRDA:183,8,0,3
BRDA:183,8,1,0
BRDA:186,9,0,3
BRDA:186,9,1,0
BRDA:189,10,0,3
BRDA:189,10,1,0
BRDA:193,11,0,1
BRDA:193,11,1,2
BRDA:206,12,0,98
BRDA:206,12,1,0
BRDA:207,13,0,0
BRDA:207,13,1,98
BRDA:213,14,0,0
BRDA:213,14,1,0
BRDA:227,15,0,0
BRDA:227,15,1,96
BRDA:227,16,0,96
BRDA:227,16,1,96
BRDA:232,17,0,0
BRDA:232,17,1,96
BRDA:232,18,0,96
BRDA:232,18,1,6
BRDA:240,19,0,6
BRDA:240,19,1,90
BRDA:252,20,0,0
BRDA:252,20,1,2
BRDA:257,21,0,0
BRDA:257,21,1,2
BRDA:259,22,0,0
BRDA:259,22,1,2
BRDA:273,23,0,0
BRDA:273,23,1,0
BRDA:273,24,0,0
BRDA:273,24,1,0
BRDA:273,25,0,0
BRDA:273,25,1,0
BRDA:273,26,0,0
BRDA:273,26,1,0
BRDA:273,27,0,0
BRDA:273,27,1,0
BRDA:273,28,0,0
BRDA:273,28,1,0
BRDA:274,29,0,0
BRDA:274,29,1,0
BRDA:274,30,0,0
BRDA:274,30,1,0
BRDA:279,31,0,0
BRDA:279,31,1,0
BRDA:281,32,0,0
BRDA:281,32,1,0
BRDA:283,33,0,0
BRDA:283,33,1,0
BRDA:283,34,0,0
BRDA:283,34,1,0
BRDA:285,35,0,0
BRDA:285,35,1,0
BRDA:285,36,0,0
BRDA:285,36,1,0
BRDA:285,36,2,0
BRDA:287,37,0,0
BRDA:287,37,1,0
BRDA:287,38,0,0
BRDA:287,38,1,0
BRDA:316,39,0,0
BRDA:316,39,1,2050
BRDA:325,40,0,65702
BRDA:331,41,0,4542446
BRDA:331,41,1,3135122
BRDA:334,42,0,1361853
BRDA:334,42,1,1773269
BRDA:341,43,0,959696
BRDA:341,43,1,6717872
BRDA:343,44,0,649638
BRDA:343,44,1,310058
BRDA:347,45,0,839734
BRDA:347,45,1,119962
BRDA:355,46,0,54259
BRDA:355,46,1,65703
BRDA:362,47,0,17846
BRDA:362,47,1,47857
BRDA:363,48,0,17846
BRDA:363,48,1,47857
BRDA:364,49,0,23806
BRDA:364,49,1,41897
BRDA:365,50,0,26874
BRDA:365,50,1,38829
BRDA:367,51,0,26874
BRDA:367,51,1,38829
BRDA:369,52,0,1862
BRDA:369,52,1,63841
BRDA:385,53,0,0
BRDA:390,54,0,12
BRDA:390,54,1,12
BRDA:398,55,0,0
BRDA:398,55,1,458
BRDA:398,56,0,458
BRDA:398,56,1,271
BRDA:398,56,2,458
BRDA:398,56,3,0
BRDA:398,56,4,458
BRDA:398,56,5,0
BRDA:398,56,6,0
BRDA:398,56,7,458
BRDA:398,56,8,0
BRDA:400,57,0,0
BRDA:400,57,1,0
BRDA:400,58,0,0
BRDA:400,58,1,0
BRDA:401,59,0,0
BRDA:401,59,1,0
BRDA:401,60,0,0
BRDA:401,60,1,0
BRDA:406,61,0,0
BRDA:406,61,1,458
BRDA:408,62,0,0
BRDA:408,62,1,0
BRDA:409,63,0,0
BRDA:409,63,1,0
BRDA:409,64,0,0
BRDA:409,64,1,0
BRDA:409,65,0,0
BRDA:409,65,1,0
BRDA:410,66,0,0
BRDA:410,66,1,0
BRDA:412,67,0,0
BRDA:412,67,1,0
BRDA:412,68,0,0
BRDA:412,68,1,0
BRDA:412,69,0,0
BRDA:412,69,1,0
BRDA:415,70,0,0
BRDA:415,70,1,458
BRDA:416,71,0,0
BRDA:416,71,1,0
BRDA:417,72,0,0
BRDA:417,72,1,0
BRDA:418,73,0,0
BRDA:418,73,1,0
BRDA:418,73,2,0
BRDA:418,74,0,0
BRDA:418,74,1,0
BRDA:418,75,0,0
BRDA:418,75,1,0
BRDA:418,76,0,0
BRDA:418,76,1,0
BRDA:418,77,0,0
BRDA:418,77,1,0
BRDA:419,78,0,0
BRDA:419,78,1,0
BRDA:420,79,0,0
BRDA:420,79,1,0
BRDA:422,80,0,0
BRDA:422,80,1,458
BRDA:423,81,0,0
BRDA:423,81,1,0
BRDA:424,82,0,0
BRDA:424,82,1,0
BRDA:425,83,0,0
BRDA:425,83,1,0
BRDA:427,84,0,0
BRDA:427,84,1,0
BRDA:429,85,0,458
BRDA:429,85,1,0
BRDA:430,86,0,0
BRDA:430,86,1,458
BRDA:431,87,0,0
BRDA:431,87,1,0
BRDA:432,88,0,0
BRDA:432,88,1,0
BRDA:434,89,0,458
BRDA:434,89,1,0
BRDA:436,90,0,0
BRDA:436,90,1,0
BRDA:437,91,0,0
BRDA:437,91,1,0
BRDA:438,92,0,0
BRDA:438,92,1,0
BRDA:438,92,2,0
BRDA:438,93,0,0
BRDA:438,93,1,0
BRDA:438,94,0,0
BRDA:438,94,1,0
BRDA:438,95,0,0
BRDA:438,95,1,0
BRDA:438,96,0,0
BRDA:438,96,1,0
BRDA:439,97,0,0
BRDA:439,97,1,0
BRDA:441,98,0,0
BRDA:441,98,1,0
BRDA:441,98,2,0
BRDA:441,99,0,0
BRDA:441,99,1,0
BRDA:441,100,0,0
BRDA:441,100,1,0
BRDA:441,101,0,0
BRDA:441,101,1,0
BRDA:441,102,0,0
BRDA:441,102,1,0
BRDA:446,103,0,319
BRDA:446,103,1,139
BRDA:448,104,0,137
BRDA:448,104,1,2
BRDA:448,105,0,0
BRDA:448,105,1,139
BRDA:448,106,0,139
BRDA:448,106,1,139
BRDA:460,107,0,4838
BRDA:469,108,0,4076
BRDA:469,108,1,956
BRDA:469,109,0,5032
BRDA:469,109,1,4253
BRDA:469,109,2,188
BRDA:469,109,3,4076
BRDA:469,109,4,0
BRDA:473,110,0,0
BRDA:473,110,1,4076
BRDA:479,111,0,130562
BRDA:479,111,1,167227
BRDA:487,112,0,416
BRDA:487,112,1,540
BRDA:489,113,0,0
BRDA:493,114,0,2
BRDA:493,114,1,65518
BRDA:493,115,0,0
BRDA:493,115,1,2
BRDA:504,116,0,0
BRDA:504,116,1,65520
BRDA:504,117,0,65520
BRDA:504,117,1,8744
BRDA:504,117,2,8744
BRDA:507,118,0,0
BRDA:507,118,1,0
BRDA:512,119,0,0
BRDA:512,119,1,0
BRDA:520,120,0,65520
BRDA:520,120,1,0
BRDA:535,121,0,0
BRDA:535,121,1,956
BRDA:537,122,0,0
BRDA:537,122,1,0
BRDA:549,123,0,6692
BRDA:549,123,1,61184
BRDA:556,124,0,50329
BRDA:556,124,1,10855
BRDA:556,125,0,61184
BRDA:556,125,1,21961
BRDA:561,126,0,5351
BRDA:561,126,1,5504
BRDA:564,127,0,3907
BRDA:564,127,1,1444
BRDA:569,128,0,2505
BRDA:569,128,1,1402
BRDA:570,129,0,2210
BRDA:570,129,1,295
BRDA:579,130,0,631
BRDA:579,130,1,813
BRDA:586,131,0,1296
BRDA:586,131,1,9406
BRDA:588,132,0,255
BRDA:588,132,1,9151
BRDA:588,133,0,9406
BRDA:588,133,1,2073
BRDA:590,134,0,2
BRDA:590,134,1,9149
BRDA:602,135,0,21927
BRDA:602,135,1,34313
BRDA:608,136,0,20700
BRDA:608,136,1,13613
BRDA:611,137,0,2615
BRDA:611,137,1,10998
BRDA:619,138,0,13961
BRDA:619,138,1,20352
BRDA:619,139,0,34313
BRDA:619,139,1,28723
BRDA:630,140,0,956
BRDA:630,140,1,9899
BRDA:633,141,0,268
BRDA:633,141,1,688
BRDA:635,142,0,28
BRDA:635,142,1,240
BRDA:635,143,0,268
BRDA:635,143,1,119
BRDA:635,143,2,119
BRDA:635,143,3,30
BRDA:635,143,4,28
BRDA:646,144,0,268
BRDA:646,144,1,688
BRDA:648,145,0,0
BRDA:648,145,1,268
BRDA:648,146,0,268
BRDA:648,146,1,57
BRDA:648,146,2,0
BRDA:648,146,3,0
BRDA:648,146,4,0
BRDA:648,146,5,0
BRDA:665,147,0,956
BRDA:665,147,1,0
BRDA:671,148,0,0
BRDA:671,148,1,65520
BRDA:676,149,0,38081
BRDA:676,149,1,27439
BRDA:678,150,0,37559
BRDA:678,150,1,522
BRDA:679,151,0,0
BRDA:679,151,1,37559
BRDA:679,152,0,37559
BRDA:679,152,1,37559
BRDA:681,153,0,0
BRDA:681,153,1,522
BRDA:681,154,0,522
BRDA:681,154,1,522
BRDA:685,155,0,3
BRDA:685,155,1,38078
BRDA:685,156,0,38081
BRDA:685,156,1,619
BRDA:690,157,0,585
BRDA:690,157,1,26854
BRDA:691,158,0,0
BRDA:691,158,1,585
BRDA:691,159,0,585
BRDA:691,159,1,585
BRDA:692,160,0,2
BRDA:692,160,1,583
BRDA:693,161,0,0
BRDA:693,161,1,2
BRDA:693,162,0,2
BRDA:693,162,1,2
BRDA:697,163,0,184
BRDA:697,163,1,27255
BRDA:697,164,0,27439
BRDA:697,164,1,11842
BRDA:701,165,0,14867
BRDA:701,165,1,12572
BRDA:701,166,0,0
BRDA:701,166,1,27439
BRDA:701,167,0,27439
BRDA:701,167,1,27439
BRDA:706,168,0,5082
BRDA:706,168,1,7490
BRDA:706,169,0,12572
BRDA:706,169,1,5130
BRDA:717,170,0,956
BRDA:717,170,1,0
BRDA:719,171,0,956
BRDA:719,171,1,183
BRDA:719,171,2,183
BRDA:719,171,3,183
BRDA:719,171,4,0
BRDA:719,171,5,183
BRDA:719,171,6,0
BRDA:728,172,0,956
BRDA:728,172,1,956
BRDA:729,173,0,956
BRDA:729,173,1,773
BRDA:732,174,0,954
BRDA:732,174,1,2
BRDA:746,175,0,180
BRDA:746,175,1,2
BRDA:751,176,0,0
BRDA:751,176,1,2
BRDA:751,177,0,2
BRDA:751,177,1,2
BRDA:757,178,0,0
BRDA:757,178,1,0
BRDA:757,179,0,0
BRDA:757,179,1,0
BRDA:764,180,0,0
BRDA:764,180,1,0
BRDA:764,181,0,0
BRDA:764,181,1,0
BRDA:764,181,2,0
BRDA:779,182,0,1
BRDA:782,183,0,13
BRDA:782,183,1,65690
BRDA:784,184,0,1
BRDA:784,184,1,12
BRDA:787,185,0,0
BRDA:787,185,1,1
BRDA:789,186,0,0
BRDA:789,186,1,0
BRDA:792,187,0,0
BRDA:792,187,1,0
BRDA:803,188,0,0
BRDA:803,188,1,0
BRDA:806,189,0,0
BRDA:806,189,1,0
BRDA:831,190,0,0
BRDA:831,190,1,12
BRDA:831,191,0,12
BRDA:831,191,1,9
BRDA:834,192,0,0
BRDA:834,192,1,0
BRDA:834,193,0,0
BRDA:834,193,1,0
BRDA:834,193,2,0
BRDA:838,194,0,0
BRDA:838,194,1,0
BRDA:850,195,0,177
BRDA:850,195,1,65525
BRDA:851,196,0,177
BRDA:851,196,1,0
BRDA:854,197,0,177
BRDA:854,197,1,0
BRDA:855,198,0,177
BRDA:855,198,1,10
BRDA:855,199,0,5
BRDA:855,199,1,172
BRDA:855,200,0,177
BRDA:855,200,1,177
BRDA:855,201,0,5
BRDA:855,201,1,172
BRDA:855,202,0,177
BRDA:855,202,1,177
BRDA:861,203,0,65702
BRDA:861,203,1,65525
BRDA:861,204,0,65525
BRDA:861,204,1,177
BRDA:861,205,0,65702
BRDA:861,205,1,65702
BRDA:861,206,0,65525
BRDA:861,206,1,177
BRDA:861,207,0,65702
BRDA:861,207,1,65702
BRDA:862,208,0,0
BRDA:862,208,1,65702
BRDA:884,209,0,0
BRDA:884,209,1,65702
BRDA:889,210,0,0
BRDA:889,210,1,65702
BRDA:889,211,0,65702
BRDA:889,211,1,12
BRDA:889,211,2,3
BRDA:901,212,0,0
BRDA:904,213,0,30754
BRDA:904,213,1,35036
BRDA:910,214,0,2
BRDA:910,214,1,65788
BRDA:910,215,0,0
BRDA:910,215,1,65790
BRDA:910,216,0,65790
BRDA:910,216,1,65790
BRDA:911,217,0,0
BRDA:911,217,1,2
BRDA:918,218,0,0
BRDA:918,218,1,65788
BRDA:918,219,0,0
BRDA:918,219,1,65788
BRDA:918,220,0,65788
BRDA:918,220,1,65788
BRDA:923,221,0,6160
BRDA:923,221,1,59630
BRDA:923,222,0,0
BRDA:923,222,1,65790
BRDA:923,223,0,65790
BRDA:923,223,1,65790
BRDA:926,224,0,275
BRDA:926,224,1,5885
BRDA:926,225,0,0
BRDA:926,225,1,6160
BRDA:926,226,0,6160
BRDA:926,226,1,6160
BRDA:929,227,0,268
BRDA:929,227,1,5617
BRDA:929,228,0,0
BRDA:929,228,1,5885
BRDA:929,229,0,5885
BRDA:929,229,1,5885
BRDA:937,230,0,22187
BRDA:937,230,1,43603
BRDA:938,231,0,8255
BRDA:938,231,1,13932
BRDA:939,232,0,1442
BRDA:939,232,1,6813
BRDA:941,233,0,1190
BRDA:941,233,1,5623
BRDA:945,234,0,2310
BRDA:945,234,1,11622
BRDA:947,235,0,2310
BRDA:947,235,1,9312
BRDA:953,236,0,20681
BRDA:953,236,1,45109
BRDA:954,237,0,8878
BRDA:954,237,1,11803
BRDA:955,238,0,114
BRDA:955,238,1,8764
BRDA:957,239,0,100
BRDA:957,239,1,8664
BRDA:961,240,0,133
BRDA:961,240,1,11670
BRDA:963,241,0,85
BRDA:963,241,1,11585
BRDA:969,242,0,2224
BRDA:969,242,1,63566
BRDA:969,243,0,0
BRDA:969,243,1,65790
BRDA:969,244,0,65790
BRDA:969,244,1,65790
BRDA:970,245,0,1270
BRDA:970,245,1,954
BRDA:979,246,0,11488
BRDA:979,246,1,54302
BRDA:979,247,0,65790
BRDA:979,247,1,56964
BRDA:979,247,2,54302
BRDA:979,248,0,0
BRDA:979,248,1,65790
BRDA:979,249,0,65790
BRDA:979,249,1,65790
BRDA:980,250,0,0
BRDA:980,250,1,56964
BRDA:980,251,0,56964
BRDA:980,251,1,56964
BRDA:981,252,0,0
BRDA:981,252,1,54302
BRDA:981,253,0,54302
BRDA:981,253,1,54302
BRDA:984,254,0,11446
BRDA:984,254,1,42
BRDA:989,255,0,54256
BRDA:989,255,1,46
BRDA:991,256,0,10
BRDA:991,256,1,54246
BRDA:992,257,0,10
BRDA:992,257,1,0
BRDA:1001,258,0,30754
BRDA:1001,258,1,35036
BRDA:1009,259,0,0
BRDA:1010,260,0,0
BRDA:1010,260,1,2
BRDA:1010,261,0,2
BRDA:1010,261,1,2
BRDA:1010,261,2,2
BRDA:1015,262,0,0
BRDA:1015,262,1,2
BRDA:1021,263,0,2
BRDA:1021,263,1,0
BRDA:1029,264,0,2
BRDA:1029,264,1,0
BRDA:1062,265,0,26
BRDA:1062,265,1,68
BRDA:1062,266,0,0
BRDA:1062,266,1,94
BRDA:1062,267,0,94
BRDA:1062,267,1,94
BRDA:1065,268,0,0
BRDA:1065,268,1,68
BRDA:1065,269,0,0
BRDA:1065,269,1,68
BRDA:1065,270,0,68
BRDA:1065,270,1,68
BRDA:1066,271,0,0
BRDA:1066,271,1,0
BRDA:1075,272,0,2
BRDA:1075,272,1,92
BRDA:1075,273,0,0
BRDA:1075,273,1,94
BRDA:1075,274,0,94
BRDA:1075,274,1,94
BRDA:1078,275,0,0
BRDA:1078,275,1,92
BRDA:1078,276,0,0
BRDA:1078,276,1,92
BRDA:1078,277,0,92
BRDA:1078,277,1,92
BRDA:1100,278,0,0
BRDA:1102,279,0,0
BRDA:1102,279,1,0
BRDA:1117,280,0,0
BRDA:1119,281,0,0
BRDA:1119,281,1,0
BRDA:1171,282,0,0
BRDA:1171,282,1,10
BRDA:1171,283,0,10
BRDA:1171,283,1,10
BRDA:1175,284,0,0
BRDA:1175,284,1,10
BRDA:1183,285,0,6
BRDA:1183,285,1,4
BRDA:1188,286,0,4
BRDA:1188,286,1,0
BRDA:1202,287,0,0
BRDA:1202,287,1,3
BRDA:1214,288,0,0
BRDA:1214,288,1,0
BRDA:1238,289,0,0
BRDA:1255,290,0,1186
BRDA:1255,290,1,4065
BRDA:1255,291,0,0
BRDA:1255,291,1,5251
BRDA:1255,292,0,5251
BRDA:1255,292,1,5251
BRDA:1256,293,0,55
BRDA:1256,293,1,1131
BRDA:1256,294,0,1186
BRDA:1256,294,1,1132
BRDA:1256,295,0,0
BRDA:1256,295,1,1186
BRDA:1256,296,0,1186
BRDA:1256,296,1,1186
BRDA:1256,297,0,0
BRDA:1256,297,1,1132
BRDA:1256,298,0,1132
BRDA:1256,298,1,1132
BRDA:1257,299,0,0
BRDA:1257,299,1,55
BRDA:1257,300,0,55
BRDA:1257,300,1,55
BRDA:1270,301,0,133
BRDA:1270,301,1,130167
BRDA:1270,302,0,130300
BRDA:1270,302,1,32499
BRDA:1270,302,2,5116
BRDA:1270,302,3,133
BRDA:1270,302,4,0
BRDA:1275,303,0,81
BRDA:1275,303,1,52
BRDA:1275,304,0,133
BRDA:1275,304,1,133
BRDA:1278,305,0,0
BRDA:1278,305,1,133
BRDA:1278,306,0,133
BRDA:1278,306,1,133
BRDA:1284,307,0,133
BRDA:1284,307,1,3932
BRDA:1285,308,0,0
BRDA:1285,308,1,133
BRDA:1285,309,0,133
BRDA:1285,309,1,0
BRDA:1287,310,0,0
BRDA:1287,310,1,133
BRDA:1288,311,0,0
BRDA:1288,311,1,0
BRDA:1288,312,0,0
BRDA:1288,312,1,0
BRDA:1290,313,0,0
BRDA:1290,313,1,133
BRDA:1290,314,0,133
BRDA:1290,314,1,133
BRDA:1302,315,0,132174
BRDA:1304,316,0,0
BRDA:1304,316,1,132174
BRDA:1310,317,0,674686
BRDA:1310,317,1,6233562
BRDA:1313,318,0,4995294
BRDA:1313,318,1,1238268
BRDA:1313,319,0,6233562
BRDA:1313,319,1,2551935
BRDA:1319,320,0,99276
BRDA:1319,320,1,1138992
BRDA:1321,321,0,1122
BRDA:1321,321,1,98154
BRDA:1323,322,0,1099
BRDA:1323,322,1,23
BRDA:1323,323,0,1122
BRDA:1323,323,1,1099
BRDA:1324,324,0,1099
BRDA:1324,324,1,0
BRDA:1329,325,0,23
BRDA:1329,325,1,0
BRDA:1329,326,0,23
BRDA:1329,326,1,23
BRDA:1330,327,0,23
BRDA:1330,327,1,0
BRDA:1338,328,0,671
BRDA:1338,328,1,97483
BRDA:1338,329,0,98154
BRDA:1338,329,1,98154
BRDA:1339,330,0,671
BRDA:1339,330,1,0
BRDA:1350,331,0,22357
BRDA:1350,331,1,61307
BRDA:1356,332,0,75126
BRDA:1356,332,1,22357
BRDA:1357,333,0,75126
BRDA:1357,333,1,0
BRDA:1367,334,0,55255
BRDA:1367,334,1,0
BRDA:1377,335,0,957
BRDA:1377,335,1,131040
BRDA:1379,336,0,415
BRDA:1379,336,1,542
BRDA:1383,337,0,61885
BRDA:1383,337,1,69155
BRDA:1391,338,0,771
BRDA:1391,338,1,595
BRDA:1397,339,0,186
BRDA:1397,339,1,178
BRDA:1402,340,0,0
BRDA:1405,341,0,0
BRDA:1405,341,1,0
BRDA:1405,341,2,0
BRDA:1405,341,3,0
BRDA:1405,341,4,0
BRDA:1405,341,5,0
BRDA:1405,341,6,0
BRDA:1405,341,7,0
BRDA:1405,341,8,0
BRDA:1405,341,9,0
BRDA:1419,342,0,0
BRDA:1419,342,1,0
BRDA:1426,343,0,0
BRDA:1426,343,1,0
BRDA:1427,344,0,0
BRDA:1427,344,1,0
BRDA:1428,345,0,0
BRDA:1428,345,1,0
BRDA:1438,346,0,0
BRDA:1438,346,1,0
BRDA:1440,347,0,0
BRDA:1440,347,1,0
BRDA:1440,348,0,0
BRDA:1440,348,1,0
BRDA:1440,348,2,0
BRDA:1442,349,0,0
BRDA:1442,349,1,0
BRDA:1444,350,0,0
BRDA:1444,350,1,0
BRDA:1475,351,0,185
BRDA:1476,352,0,2
BRDA:1476,352,1,184
BRDA:1477,353,0,2
BRDA:1477,353,1,0
BRDA:1494,354,0,0
BRDA:1494,354,1,184
BRDA:1502,355,0,0
BRDA:1502,355,1,184
BRDA:1510,356,0,0
BRDA:1510,356,1,184
BRDA:1510,357,0,184
BRDA:1510,357,1,0
BRDA:1518,358,0,0
BRDA:1518,358,1,184
BRDA:1526,359,0,0
BRDA:1526,359,1,184
BRDA:1526,360,0,184
BRDA:1526,360,1,0
BRDA:1542,361,0,0
BRDA:1542,362,0,0
BRDA:1550,363,0,0
BRDA:1550,363,1,0
BRDA:1552,364,0,0
BRDA:1552,364,1,0
BRDA:1554,365,0,0
BRDA:1554,365,1,0
BRDA:1556,366,0,0
BRDA:1556,366,1,0
BRDA:1558,367,0,0
BRDA:1558,367,1,0
BRDA:1560,368,0,0
BRDA:1560,368,1,0
BRDA:1564,369,0,0
BRDA:1564,369,1,0
BRDA:1568,370,0,0
BRDA:1568,370,1,0
BRDA:1572,371,0,0
BRDA:1572,371,1,0
BRDA:1572,372,0,0
BRDA:1572,372,1,0
BRDA:1572,372,2,0
BRDA:1578,373,0,0
BRDA:1578,373,1,0
BRDA:1578,374,0,0
BRDA:1578,374,1,0
BRDA:1578,374,2,0
BRDA:1584,375,0,0
BRDA:1584,375,1,0
BRDA:1588,376,0,0
BRDA:1588,376,1,0
BRDA:1592,377,0,0
BRDA:1592,377,1,0
BRDA:1596,378,0,0
BRDA:1596,378,1,0
BRDA:1601,379,0,0
BRDA:1601,379,1,0
BRDA:1601,380,0,0
BRDA:1601,380,1,0
BRDA:1601,380,2,0
BRDA:1605,381,0,0
BRDA:1605,381,1,0
BRDA:1612,382,0,0
BRDA:1612,382,1,0
BRDA:1612,383,0,0
BRDA:1612,383,1,0
BRDA:1612,383,2,0
BRDA:1616,384,0,0
BRDA:1616,384,1,0
BRDA:1623,385,0,0
BRDA:1623,385,1,0
BRDA:1623,386,0,0
BRDA:1623,386,1,0
BRDA:1626,387,0,0
BRDA:1626,387,1,0
BRDA:1633,388,0,0
BRDA:1633,388,1,0
BRDA:1633,389,0,0
BRDA:1633,389,1,0
BRDA:1636,390,0,0
BRDA:1636,390,1,0
BRDA:1643,391,0,0
BRDA:1643,391,1,0
BRDA:1643,392,0,0
BRDA:1643,392,1,0
BRDA:1646,393,0,0
BRDA:1646,393,1,0
BRDA:1653,394,0,0
BRDA:1653,394,1,0
BRDA:1653,395,0,0
BRDA:1653,395,1,0
BRDA:1656,396,0,0
BRDA:1656,396,1,0
BRDA:1664,397,0,0
BRDA:1664,397,1,0
BRDA:1664,398,0,0
BRDA:1664,398,1,0
BRDA:1668,399,0,0
BRDA:1668,399,1,0
BRDA:1668,400,0,0
BRDA:1668,400,1,0
BRDA:1686,401,0,1
BRDA:1686,401,1,0
BRDA:1686,402,0,0
BRDA:1686,402,1,1
BRDA:1686,403,0,1
BRDA:1686,403,1,1
BRDA:1689,404,0,0
BRDA:1689,404,1,1
BRDA:1692,405,0,1
BRDA:1692,405,1,0
BRDA:1691,406,0,1
BRDA:1691,406,1,1
BRDA:1695,407,0,8
BRDA:1695,407,1,56
BRDA:1699,408,0,8
BRDA:1699,408,1,56
BRDA:1701,409,0,1
BRDA:1701,409,1,7
BRDA:1701,410,0,8
BRDA:1701,410,1,1
BRDA:1703,411,0,1
BRDA:1703,411,1,0
BRDA:1704,412,0,1
BRDA:1704,412,1,6
BRDA:1704,413,0,7
BRDA:1704,413,1,1
BRDA:1706,414,0,1
BRDA:1706,414,1,5
BRDA:1706,415,0,6
BRDA:1706,415,1,1
BRDA:1708,416,0,0
BRDA:1708,416,1,5
BRDA:1708,417,0,5
BRDA:1708,417,1,1
BRDA:1710,418,0,0
BRDA:1710,418,1,0
BRDA:1717,419,0,1
BRDA:1717,419,1,0
BRDA:1717,420,0,0
BRDA:1717,420,1,1
BRDA:1717,421,0,1
BRDA:1717,421,1,1
BRF:876
BRH:478
end_of_record
TN:
SF:src\chess.ts
FN:51,(anonymous_1)
FN:63,(anonymous_2)
FN:85,(anonymous_3)
FN:92,(anonymous_4)
FN:103,(anonymous_5)
FN:127,(anonymous_6)
FN:156,(anonymous_7)
FN:165,(anonymous_8)
FN:169,(anonymous_9)
FN:188,(anonymous_10)
FN:212,(anonymous_11)
FN:213,(anonymous_12)
FN:226,(anonymous_13)
FN:262,(anonymous_14)
FN:289,(anonymous_15)
FN:304,(anonymous_16)
FN:305,(anonymous_17)
FN:435,(anonymous_18)
FN:448,(anonymous_19)
FN:457,(anonymous_20)
FN:669,(anonymous_21)
FN:693,(anonymous_22)
FN:706,(anonymous_23)
FN:735,(anonymous_24)
FN:747,(anonymous_25)
FN:751,(anonymous_26)
FN:754,(anonymous_27)
FN:757,(anonymous_28)
FN:760,(anonymous_29)
FN:763,(anonymous_30)
FN:766,(anonymous_31)
FN:769,(anonymous_32)
FN:772,(anonymous_33)
FN:775,(anonymous_34)
FN:778,(anonymous_35)
FN:781,(anonymous_36)
FN:784,(anonymous_37)
FN:788,(anonymous_38)
FN:791,(anonymous_39)
FN:794,(anonymous_40)
FN:797,(anonymous_41)
FN:800,(anonymous_42)
FN:803,(anonymous_43)
FN:807,(anonymous_44)
FN:810,(anonymous_45)
FN:813,(anonymous_46)
FN:816,(anonymous_47)
FN:819,(anonymous_48)
FN:822,(anonymous_49)
FN:825,(anonymous_50)
FN:828,(anonymous_51)
FN:832,(anonymous_52)
FN:835,(anonymous_53)
FN:838,(anonymous_54)
FN:842,(anonymous_55)
FN:845,(anonymous_56)
FN:848,(anonymous_57)
FN:852,(anonymous_58)
FN:855,(anonymous_59)
FN:859,(anonymous_60)
FN:863,(anonymous_61)
FNF:61
FNH:12
FNDA:1,(anonymous_1)
FNDA:0,(anonymous_2)
FNDA:1,(anonymous_3)
FNDA:9,(anonymous_4)
FNDA:9,(anonymous_5)
FNDA:1,(anonymous_6)
FNDA:0,(anonymous_7)
FNDA:0,(anonymous_8)
FNDA:1,(anonymous_9)
FNDA:0,(anonymous_10)
FNDA:0,(anonymous_11)
FNDA:0,(anonymous_12)
FNDA:0,(anonymous_13)
FNDA:1,(anonymous_14)
FNDA:2,(anonymous_15)
FNDA:2,(anonymous_16)
FNDA:4,(anonymous_17)
FNDA:2,(anonymous_18)
FNDA:0,(anonymous_19)
FNDA:0,(anonymous_20)
FNDA:0,(anonymous_21)
FNDA:0,(anonymous_22)
FNDA:1,(anonymous_23)
FNDA:0,(anonymous_24)
FNDA:0,(anonymous_25)
FNDA:0,(anonymous_26)
FNDA:0,(anonymous_27)
FNDA:0,(anonymous_28)
FNDA:0,(anonymous_29)
FNDA:0,(anonymous_30)
FNDA:0,(anonymous_31)
FNDA:0,(anonymous_32)
FNDA:0,(anonymous_33)
FNDA:0,(anonymous_34)
FNDA:0,(anonymous_35)
FNDA:0,(anonymous_36)
FNDA:0,(anonymous_37)
FNDA:0,(anonymous_38)
FNDA:0,(anonymous_39)
FNDA:0,(anonymous_40)
FNDA:0,(anonymous_41)
FNDA:0,(anonymous_42)
FNDA:0,(anonymous_43)
FNDA:0,(anonymous_44)
FNDA:0,(anonymous_45)
FNDA:0,(anonymous_46)
FNDA:0,(anonymous_47)
FNDA:0,(anonymous_48)
FNDA:0,(anonymous_49)
FNDA:0,(anonymous_50)
FNDA:0,(anonymous_51)
FNDA:0,(anonymous_52)
FNDA:0,(anonymous_53)
FNDA:0,(anonymous_54)
FNDA:0,(anonymous_55)
FNDA:0,(anonymous_56)
FNDA:0,(anonymous_57)
FNDA:0,(anonymous_58)
FNDA:0,(anonymous_59)
FNDA:0,(anonymous_60)
FNDA:0,(anonymous_61)
DA:5,1
DA:6,1
DA:7,1
DA:8,1
DA:9,1
DA:10,1
DA:11,1
DA:12,1
DA:13,1
DA:14,1
DA:15,1
DA:16,1
DA:23,1
DA:25,1
DA:26,1
DA:27,1
DA:28,1
DA:29,1
DA:30,1
DA:31,1
DA:32,1
DA:33,1
DA:34,1
DA:53,1
DA:54,1
DA:55,1
DA:56,1
DA:57,1
DA:64,0
DA:65,0
DA:68,0
DA:69,0
DA:71,0
DA:72,0
DA:73,0
DA:74,0
DA:76,0
DA:79,0
DA:86,1
DA:93,9
DA:94,8
DA:96,1
DA:104,9
DA:107,8
DA:108,1
DA:109,0
DA:111,1
DA:128,1
DA:130,1
DA:131,0
DA:134,1
DA:136,1
DA:137,1
DA:138,1
DA:139,1
DA:140,1
DA:142,0
DA:144,0
DA:146,1
DA:147,1
DA:148,1
DA:149,1
DA:150,1
DA:151,1
DA:152,1
DA:153,1
DA:155,1
DA:156,0
DA:159,0
DA:160,0
DA:161,0
DA:163,1
DA:165,0
DA:166,0
DA:169,1
DA:172,0
DA:189,0
DA:191,0
DA:192,0
DA:195,0
DA:197,0
DA:198,0
DA:200,0
DA:201,0
DA:202,0
DA:203,0
DA:204,0
DA:205,0
DA:207,0
DA:211,0
DA:212,0
DA:213,0
DA:214,0
DA:215,0
DA:216,0
DA:218,0
DA:219,0
DA:221,0
DA:223,0
DA:225,0
DA:227,0
DA:228,0
DA:229,0
DA:230,0
DA:232,0
DA:235,0
DA:236,0
DA:237,0
DA:238,0
DA:240,0
DA:242,0
DA:243,0
DA:244,0
DA:245,0
DA:247,0
DA:252,0
DA:264,1
DA:265,0
DA:267,1
DA:269,0
DA:270,0
DA:272,1
DA:274,1
DA:275,1
DA:276,1
DA:279,0
DA:281,1
DA:290,2
DA:292,2
DA:296,2
DA:297,2
DA:298,32
DA:299,0
DA:300,0
DA:303,2
DA:304,2
DA:305,2
DA:306,4
DA:318,2
DA:319,2
DA:320,2
DA:321,1040
DA:323,2
DA:324,2
DA:325,2
DA:326,76
DA:327,76
DA:329,2
DA:330,2
DA:331,1038
DA:333,0
DA:334,0
DA:335,0
DA:336,0
DA:337,0
DA:339,0
DA:340,0
DA:343,1038
DA:346,2
DA:347,2
DA:349,2
DA:352,2
DA:353,2
DA:354,2
DA:356,2
DA:359,2
DA:361,2
DA:363,2
DA:364,2
DA:365,2
DA:367,0
DA:369,0
DA:375,0
DA:376,0
DA:377,0
DA:378,0
DA:380,0
DA:381,0
DA:382,0
DA:383,0
DA:384,0
DA:388,0
DA:390,0
DA:392,0
DA:395,0
DA:398,2
DA:401,2
DA:405,0
DA:406,0
DA:408,0
DA:410,2
DA:412,2
DA:413,2
DA:414,2
DA:415,18
DA:417,18
DA:418,14
DA:419,14
DA:420,14
DA:421,14
DA:426,2
DA:428,2
DA:437,2
DA:438,2
DA:440,2
DA:441,14
DA:442,0
DA:446,2
DA:448,2
DA:450,0
DA:452,0
DA:454,0
DA:457,2
DA:458,0
DA:461,2
DA:463,2
DA:464,2
DA:465,2
DA:466,176
DA:467,176
DA:474,2
DA:477,0
DA:478,0
DA:479,0
DA:481,0
DA:483,0
DA:484,0
DA:486,0
DA:487,0
DA:488,0
DA:491,2
DA:492,2
DA:493,74
DA:495,2
DA:497,2
DA:498,0
DA:500,2
DA:501,2
DA:502,2
DA:505,0
DA:507,0
DA:508,0
DA:510,0
DA:511,0
DA:513,0
DA:514,0
DA:519,0
DA:520,0
DA:521,0
DA:524,0
DA:525,0
DA:527,0
DA:530,0
DA:531,0
DA:533,0
DA:535,0
DA:536,0
DA:540,172
DA:542,1364
DA:543,2
DA:544,2
DA:546,0
DA:547,2
DA:548,2
DA:552,172
DA:553,2
DA:555,170
DA:556,170
DA:558,86
DA:560,86
DA:561,172
DA:565,170
DA:567,0
DA:568,0
DA:569,0
DA:572,0
DA:575,170
DA:576,170
DA:579,0
DA:581,170
DA:583,170
DA:585,0
DA:588,0
DA:591,170
DA:592,170
DA:595,2
DA:598,0
DA:599,0
DA:603,2
DA:604,2
DA:605,0
DA:606,0
DA:611,0
DA:616,2
DA:617,0
DA:618,0
DA:623,0
DA:628,2
DA:629,2
DA:630,0
DA:634,2
DA:635,0
DA:639,2
DA:640,0
DA:644,2
DA:645,0
DA:649,2
DA:650,0
DA:655,2
DA:661,2
DA:671,0
DA:672,0
DA:674,0
DA:675,0
DA:677,0
DA:678,0
DA:681,0
DA:682,0
DA:683,0
DA:686,0
DA:694,0
DA:695,0
DA:696,0
DA:697,0
DA:707,1
DA:708,0
DA:710,1
DA:712,1
DA:717,1
DA:718,1
DA:720,0
DA:721,1
DA:723,1
DA:725,1
DA:736,0
DA:737,0
DA:739,0
DA:740,0
DA:748,0
DA:752,0
DA:755,0
DA:758,0
DA:761,0
DA:764,0
DA:767,0
DA:770,0
DA:773,0
DA:776,0
DA:779,0
DA:782,0
DA:785,0
DA:789,0
DA:792,0
DA:795,0
DA:798,0
DA:801,0
DA:804,0
DA:808,0
DA:811,0
DA:814,0
DA:817,0
DA:820,0
DA:823,0
DA:826,0
DA:829,0
DA:833,0
DA:836,0
DA:839,0
DA:843,0
DA:846,0
DA:849,0
DA:853,0
DA:857,0
DA:860,0
DA:864,0
DA:868,1
DA:869,1
LF:377
LH:174
BRDA:64,0,0,0
BRDA:64,0,1,0
BRDA:68,1,0,0
BRDA:68,1,1,0
BRDA:72,2,0,0
BRDA:72,2,1,0
BRDA:74,3,0,0
BRDA:74,3,1,0
BRDA:92,4,0,8
BRDA:93,5,0,8
BRDA:93,5,1,1
BRDA:103,6,0,0
BRDA:104,7,0,8
BRDA:104,7,1,1
BRDA:104,8,0,9
BRDA:104,8,1,8
BRDA:104,8,2,8
BRDA:108,9,0,0
BRDA:108,9,1,1
BRDA:127,10,0,1
BRDA:127,11,0,1
BRDA:130,12,0,0
BRDA:130,12,1,1
BRDA:130,13,0,1
BRDA:130,13,1,0
BRDA:136,14,0,1
BRDA:136,14,1,0
BRDA:139,15,0,1
BRDA:139,15,1,0
BRDA:142,16,0,0
BRDA:142,16,1,0
BRDA:148,17,0,1
BRDA:148,17,1,0
BRDA:149,18,0,1
BRDA:149,18,1,0
BRDA:152,19,0,1
BRDA:152,19,1,0
BRDA:152,20,0,1
BRDA:152,20,1,1
BRDA:152,20,2,1
BRDA:155,21,0,0
BRDA:155,21,1,1
BRDA:159,22,0,0
BRDA:159,22,1,0
BRDA:159,23,0,0
BRDA:159,23,1,0
BRDA:159,23,2,0
BRDA:163,24,0,0
BRDA:163,24,1,1
BRDA:188,25,0,0
BRDA:188,26,0,0
BRDA:188,27,0,0
BRDA:191,28,0,0
BRDA:191,28,1,0
BRDA:191,29,0,0
BRDA:191,29,1,0
BRDA:197,30,0,0
BRDA:197,30,1,0
BRDA:197,31,0,0
BRDA:197,31,1,0
BRDA:197,32,0,0
BRDA:197,32,1,0
BRDA:197,33,0,0
BRDA:197,33,1,0
BRDA:202,34,0,0
BRDA:202,34,1,0
BRDA:203,35,0,0
BRDA:203,35,1,0
BRDA:204,36,0,0
BRDA:204,36,1,0
BRDA:215,37,0,0
BRDA:215,37,1,0
BRDA:219,38,0,0
BRDA:219,38,1,0
BRDA:228,39,0,0
BRDA:228,39,1,0
BRDA:228,40,0,0
BRDA:228,40,1,0
BRDA:228,40,2,0
BRDA:229,41,0,0
BRDA:229,41,1,0
BRDA:236,42,0,0
BRDA:236,42,1,0
BRDA:237,43,0,0
BRDA:237,43,1,0
BRDA:243,44,0,0
BRDA:243,44,1,0
BRDA:244,45,0,0
BRDA:244,45,1,0
BRDA:262,46,0,0
BRDA:262,47,0,1
BRDA:262,48,0,1
BRDA:264,49,0,0
BRDA:264,49,1,1
BRDA:267,50,0,0
BRDA:267,50,1,1
BRDA:272,51,0,1
BRDA:272,51,1,0
BRDA:272,52,0,1
BRDA:272,52,1,0
BRDA:272,52,2,0
BRDA:272,53,0,0
BRDA:272,53,1,0
BRDA:272,54,0,0
BRDA:272,54,1,0
BRDA:298,55,0,0
BRDA:298,55,1,32
BRDA:321,56,0,2
BRDA:321,56,1,1038
BRDA:328,57,0,76
BRDA:328,57,1,74
BRDA:331,58,0,0
BRDA:331,58,1,1038
BRDA:338,59,0,0
BRDA:338,59,1,0
BRDA:346,60,0,2
BRDA:346,60,1,0
BRDA:356,61,0,2
BRDA:356,61,1,0
BRDA:365,62,0,0
BRDA:365,62,1,2
BRDA:369,63,0,0
BRDA:369,63,1,0
BRDA:369,64,0,0
BRDA:369,64,1,0
BRDA:369,64,2,0
BRDA:369,64,3,0
BRDA:371,65,0,0
BRDA:371,65,1,0
BRDA:371,66,0,0
BRDA:371,66,1,0
BRDA:380,67,0,0
BRDA:380,67,1,0
BRDA:381,68,0,0
BRDA:381,68,1,0
BRDA:382,69,0,0
BRDA:382,69,1,0
BRDA:383,70,0,0
BRDA:383,70,1,0
BRDA:405,71,0,0
BRDA:405,71,1,0
BRDA:410,72,0,2
BRDA:410,72,1,0
BRDA:417,73,0,14
BRDA:417,73,1,4
BRDA:418,74,0,14
BRDA:418,74,1,0
BRDA:419,75,0,14
BRDA:419,75,1,0
BRDA:420,76,0,14
BRDA:420,76,1,0
BRDA:441,77,0,0
BRDA:441,77,1,14
BRDA:469,78,0,0
BRDA:469,78,1,0
BRDA:469,78,2,0
BRDA:469,78,3,2
BRDA:469,78,4,2
BRDA:469,78,5,0
BRDA:469,78,6,2
BRDA:469,78,7,0
BRDA:469,78,8,0
BRDA:469,78,9,0
BRDA:469,78,10,0
BRDA:469,78,11,0
BRDA:469,78,12,172
BRDA:478,79,0,0
BRDA:478,79,1,0
BRDA:483,80,0,0
BRDA:483,80,1,0
BRDA:497,81,0,0
BRDA:497,81,1,2
BRDA:505,82,0,0
BRDA:505,82,1,0
BRDA:524,83,0,0
BRDA:524,83,1,0
BRDA:530,84,0,0
BRDA:530,84,1,0
BRDA:542,85,0,2
BRDA:542,85,1,1362
BRDA:543,86,0,2
BRDA:543,86,1,0
BRDA:552,87,0,2
BRDA:552,87,1,170
BRDA:556,88,0,86
BRDA:556,88,1,84
BRDA:565,89,0,0
BRDA:565,89,1,170
BRDA:568,90,0,0
BRDA:568,90,1,0
BRDA:576,91,0,0
BRDA:576,91,1,170
BRDA:583,92,0,0
BRDA:583,92,1,170
BRDA:583,93,0,0
BRDA:583,93,1,170
BRDA:583,94,0,170
BRDA:583,94,1,170
BRDA:591,95,0,170
BRDA:591,95,1,0
BRDA:595,96,0,0
BRDA:595,96,1,2
BRDA:604,97,0,0
BRDA:604,97,1,2
BRDA:605,98,0,0
BRDA:605,98,1,0
BRDA:616,99,0,0
BRDA:616,99,1,2
BRDA:617,100,0,0
BRDA:617,100,1,0
BRDA:628,101,0,2
BRDA:628,101,1,0
BRDA:629,102,0,0
BRDA:629,102,1,2
BRDA:634,103,0,0
BRDA:634,103,1,2
BRDA:639,104,0,0
BRDA:639,104,1,2
BRDA:644,105,0,0
BRDA:644,105,1,2
BRDA:649,106,0,0
BRDA:649,106,1,2
BRDA:669,107,0,0
BRDA:669,108,0,0
BRDA:671,109,0,0
BRDA:671,109,1,0
BRDA:671,110,0,0
BRDA:671,110,1,0
BRDA:675,111,0,0
BRDA:675,111,1,0
BRDA:675,112,0,0
BRDA:675,112,1,0
BRDA:677,113,0,0
BRDA:677,113,1,0
BRDA:693,114,0,0
BRDA:695,115,0,0
BRDA:695,115,1,0
BRDA:706,116,0,1
BRDA:706,117,0,1
BRDA:707,118,0,0
BRDA:707,118,1,1
BRDA:710,119,0,1
BRDA:710,119,1,0
BRDA:710,120,0,1
BRDA:710,120,1,1
BRDA:717,121,0,1
BRDA:717,121,1,0
BRDA:718,122,0,0
BRDA:718,122,1,1
BRDA:721,123,0,1
BRDA:721,123,1,0
BRDA:735,124,0,0
BRDA:735,125,0,0
BRDA:736,126,0,0
BRDA:736,126,1,0
BRDA:739,127,0,0
BRDA:739,127,1,0
BRDA:739,128,0,0
BRDA:739,128,1,0
BRDA:748,129,0,0
BRDA:748,129,1,0
BRDA:748,130,0,0
BRDA:748,130,1,0
BRDA:752,131,0,0
BRDA:752,131,1,0
BRDA:752,132,0,0
BRDA:752,132,1,0
BRDA:755,133,0,0
BRDA:755,133,1,0
BRDA:755,134,0,0
BRDA:755,134,1,0
BRDA:758,135,0,0
BRDA:758,135,1,0
BRDA:758,136,0,0
BRDA:758,136,1,0
BRDA:761,137,0,0
BRDA:761,137,1,0
BRDA:761,138,0,0
BRDA:761,138,1,0
BRDA:764,139,0,0
BRDA:764,139,1,0
BRDA:764,140,0,0
BRDA:764,140,1,0
BRDA:767,141,0,0
BRDA:767,141,1,0
BRDA:767,142,0,0
BRDA:767,142,1,0
BRDA:770,143,0,0
BRDA:770,143,1,0
BRDA:770,144,0,0
BRDA:770,144,1,0
BRDA:773,145,0,0
BRDA:773,145,1,0
BRDA:773,146,0,0
BRDA:773,146,1,0
BRDA:776,147,0,0
BRDA:776,147,1,0
BRDA:776,148,0,0
BRDA:776,148,1,0
BRDA:779,149,0,0
BRDA:779,149,1,0
BRDA:779,150,0,0
BRDA:779,150,1,0
BRDA:782,151,0,0
BRDA:782,151,1,0
BRDA:782,152,0,0
BRDA:782,152,1,0
BRDA:785,153,0,0
BRDA:785,153,1,0
BRDA:785,154,0,0
BRDA:785,154,1,0
BRDA:789,155,0,0
BRDA:789,155,1,0
BRDA:789,156,0,0
BRDA:789,156,1,0
BRDA:792,157,0,0
BRDA:792,157,1,0
BRDA:792,158,0,0
BRDA:792,158,1,0
BRDA:795,159,0,0
BRDA:795,159,1,0
BRDA:795,160,0,0
BRDA:795,160,1,0
BRDA:798,161,0,0
BRDA:798,161,1,0
BRDA:798,162,0,0
BRDA:798,162,1,0
BRDA:801,163,0,0
BRDA:801,163,1,0
BRDA:801,164,0,0
BRDA:801,164,1,0
BRDA:804,165,0,0
BRDA:804,165,1,0
BRDA:804,166,0,0
BRDA:804,166,1,0
BRDA:808,167,0,0
BRDA:808,167,1,0
BRDA:808,168,0,0
BRDA:808,168,1,0
BRDA:811,169,0,0
BRDA:811,169,1,0
BRDA:811,170,0,0
BRDA:811,170,1,0
BRDA:813,171,0,0
BRDA:814,172,0,0
BRDA:814,172,1,0
BRDA:814,173,0,0
BRDA:814,173,1,0
BRDA:816,174,0,0
BRDA:817,175,0,0
BRDA:817,175,1,0
BRDA:817,176,0,0
BRDA:817,176,1,0
BRDA:817,177,0,0
BRDA:817,177,1,0
BRDA:820,178,0,0
BRDA:820,178,1,0
BRDA:820,179,0,0
BRDA:820,179,1,0
BRDA:823,180,0,0
BRDA:823,180,1,0
BRDA:823,181,0,0
BRDA:823,181,1,0
BRDA:826,182,0,0
BRDA:826,182,1,0
BRDA:826,183,0,0
BRDA:826,183,1,0
BRDA:829,184,0,0
BRDA:829,184,1,0
BRDA:829,185,0,0
BRDA:829,185,1,0
BRDA:833,186,0,0
BRDA:833,186,1,0
BRDA:833,187,0,0
BRDA:833,187,1,0
BRDA:836,188,0,0
BRDA:836,188,1,0
BRDA:836,189,0,0
BRDA:836,189,1,0
BRDA:839,190,0,0
BRDA:839,190,1,0
BRDA:839,191,0,0
BRDA:839,191,1,0
BRDA:843,192,0,0
BRDA:843,192,1,0
BRDA:843,193,0,0
BRDA:843,193,1,0
BRDA:846,194,0,0
BRDA:846,194,1,0
BRDA:846,195,0,0
BRDA:846,195,1,0
BRDA:849,196,0,0
BRDA:849,196,1,0
BRDA:849,197,0,0
BRDA:849,197,1,0
BRDA:852,198,0,0
BRDA:853,199,0,0
BRDA:853,199,1,0
BRDA:853,200,0,0
BRDA:853,200,1,0
BRDA:855,201,0,0
BRDA:857,202,0,0
BRDA:857,202,1,0
BRDA:857,203,0,0
BRDA:857,203,1,0
BRDA:860,204,0,0
BRDA:860,204,1,0
BRDA:860,205,0,0
BRDA:860,205,1,0
BRF:409
BRH:82
end_of_record
TN:
SF:src\color.ts
FN:19,(anonymous_0)
FN:12,(anonymous_1)
FNF:2
FNH:0
FNDA:0,(anonymous_0)
FNDA:0,(anonymous_1)
DA:9,1
DA:10,1
DA:11,1
DA:12,1
DA:13,0
DA:22,1
LF:6
LH:5
BRDA:14,0,0,0
BRDA:14,0,1,0
BRDA:15,1,0,0
BRDA:15,1,1,0
BRF:4
BRH:0
end_of_record
TN:
SF:src\fen.ts
FN:34,(anonymous_1)
FN:43,(anonymous_2)
FN:64,(anonymous_3)
FN:180,(anonymous_4)
FNF:4
FNH:2
FNDA:3,(anonymous_1)
FNDA:0,(anonymous_2)
FNDA:3,(anonymous_3)
FNDA:0,(anonymous_4)
DA:1,1
DA:2,1
DA:9,1
DA:10,1
DA:11,1
DA:12,1
DA:35,3
DA:45,0
DA:46,0
DA:47,0
DA:48,0
DA:49,0
DA:66,3
DA:70,3
DA:74,3
DA:79,3
DA:82,2
DA:85,1
DA:86,1
DA:87,0
DA:88,1
DA:89,0
DA:92,1
DA:93,1
DA:94,0
DA:97,1
DA:103,8
DA:104,8
DA:105,8
DA:106,42
DA:107,10
DA:108,0
DA:110,10
DA:111,10
DA:113,32
DA:114,16
DA:115,16
DA:116,16
DA:118,0
DA:119,32
DA:120,1
DA:121,31
DA:122,1
DA:123,30
DA:124,8
DA:125,22
DA:126,8
DA:127,32
DA:128,32
DA:131,8
DA:132,0
DA:134,1
DA:136,0
DA:139,1
DA:140,0
DA:143,1
DA:144,0
DA:147,1
DA:148,0
DA:151,1
DA:154,0
DA:157,1
DA:158,0
DA:160,1
DA:161,1
DA:162,0
DA:163,1
DA:164,0
DA:165,1
DA:166,0
DA:167,1
DA:168,0
DA:169,1
DA:170,0
DA:171,1
DA:172,0
DA:175,1
DA:181,0
DA:185,1
LF:79
LH:55
BRDA:34,0,0,0
BRDA:45,1,0,0
BRDA:45,1,1,0
BRDA:64,2,0,3
BRDA:64,3,0,3
BRDA:79,4,0,2
BRDA:79,4,1,1
BRDA:79,5,0,3
BRDA:79,5,1,3
BRDA:79,5,2,1
BRDA:79,5,3,0
BRDA:86,6,0,0
BRDA:86,6,1,1
BRDA:86,7,0,1
BRDA:86,7,1,1
BRDA:88,8,0,0
BRDA:88,8,1,1
BRDA:88,9,0,1
BRDA:88,9,1,0
BRDA:93,10,0,0
BRDA:93,10,1,1
BRDA:106,11,0,10
BRDA:106,11,1,32
BRDA:107,12,0,0
BRDA:107,12,1,10
BRDA:113,13,0,16
BRDA:113,13,1,16
BRDA:115,14,0,16
BRDA:115,14,1,0
BRDA:119,15,0,1
BRDA:119,15,1,31
BRDA:121,16,0,1
BRDA:121,16,1,30
BRDA:123,17,0,8
BRDA:123,17,1,22
BRDA:125,18,0,8
BRDA:125,18,1,14
BRDA:131,19,0,0
BRDA:131,19,1,8
BRDA:134,20,0,0
BRDA:134,20,1,1
BRDA:139,21,0,0
BRDA:139,21,1,1
BRDA:139,22,0,1
BRDA:139,22,1,1
BRDA:143,23,0,0
BRDA:143,23,1,1
BRDA:143,24,0,1
BRDA:143,24,1,1
BRDA:147,25,0,0
BRDA:147,25,1,1
BRDA:151,26,0,0
BRDA:151,26,1,1
BRDA:151,27,0,1
BRDA:151,27,1,0
BRDA:151,27,2,1
BRDA:151,27,3,1
BRDA:157,28,0,0
BRDA:157,28,1,1
BRDA:160,29,0,1
BRDA:160,29,1,0
BRDA:161,30,0,0
BRDA:161,30,1,1
BRDA:163,31,0,0
BRDA:163,31,1,1
BRDA:165,32,0,0
BRDA:165,32,1,1
BRDA:167,33,0,0
BRDA:167,33,1,1
BRDA:169,34,0,0
BRDA:169,34,1,1
BRDA:171,35,0,0
BRDA:171,35,1,1
BRF:73
BRH:48
end_of_record
TN:
SF:src\flags.ts
FN:54,(anonymous_0)
FN:63,(anonymous_1)
FN:70,(anonymous_2)
FN:82,(anonymous_3)
FN:89,(anonymous_4)
FN:100,(anonymous_5)
FN:108,(anonymous_6)
FN:125,(anonymous_7)
FNF:8
FNH:7
FNDA:328164,(anonymous_0)
FNDA:131580,(anonymous_1)
FNDA:277402,(anonymous_2)
FNDA:6160,(anonymous_3)
FNDA:929503,(anonymous_4)
FNDA:262632,(anonymous_5)
FNDA:7684,(anonymous_6)
FNDA:0,(anonymous_7)
DA:10,1
DA:11,1
DA:12,1
DA:13,1
DA:14,1
DA:15,1
DA:16,1
DA:17,1
DA:18,1
DA:19,1
DA:20,1
DA:21,1
DA:22,1
DA:34,1
DA:49,328164
DA:55,328164
DA:56,238722
DA:64,131580
DA:71,277402
DA:72,0
DA:73,277402
DA:74,0
DA:76,277402
DA:83,6160
DA:90,929503
DA:91,646167
DA:92,107926
DA:95,821577
DA:101,262632
DA:109,7684
DA:110,11420
DA:111,7266
DA:112,7266
DA:115,418
DA:116,0
DA:126,0
DA:127,0
DA:128,0
DA:129,0
DA:130,0
DA:133,0
DA:134,0
DA:137,0
DA:141,1
LF:44
LH:33
BRDA:54,0,0,6
BRDA:71,1,0,0
BRDA:71,1,1,277402
BRDA:73,2,0,0
BRDA:73,2,1,277402
BRDA:91,3,0,107926
BRDA:91,3,1,538241
BRDA:108,4,0,0
BRDA:110,5,0,7266
BRDA:110,5,1,4154
BRDA:115,6,0,0
BRDA:115,6,1,418
BRDA:125,7,0,0
BRDA:127,8,0,0
BRDA:127,8,1,0
BRDA:133,9,0,0
BRDA:133,9,1,0
BRF:17
BRH:8
end_of_record
TN:
SF:src\game.ts
FN:78,(anonymous_1)
FN:120,(anonymous_2)
FN:136,(anonymous_3)
FN:148,(anonymous_4)
FN:160,(anonymous_5)
FN:168,(anonymous_6)
FN:183,(anonymous_7)
FN:196,(anonymous_8)
FN:210,(anonymous_9)
FN:235,(anonymous_10)
FN:241,(anonymous_11)
FN:247,(anonymous_12)
FN:255,(anonymous_13)
FN:325,(anonymous_14)
FN:339,(anonymous_15)
FN:355,(anonymous_16)
FN:388,(anonymous_17)
FN:403,processVariation
FN:556,(anonymous_19)
FN:565,(anonymous_20)
FN:618,(anonymous_21)
FN:645,(anonymous_22)
FN:655,(anonymous_23)
FN:699,(anonymous_24)
FN:706,(anonymous_25)
FN:731,(anonymous_26)
FN:740,(anonymous_27)
FN:823,(anonymous_28)
FN:852,(anonymous_29)
FN:883,(anonymous_30)
FN:888,(anonymous_31)
FN:907,(anonymous_32)
FN:926,(anonymous_33)
FN:942,(anonymous_34)
FN:965,(anonymous_35)
FN:972,(anonymous_36)
FN:1017,(anonymous_37)
FN:1025,(anonymous_38)
FN:1035,(anonymous_39)
FN:1038,(anonymous_40)
FN:1041,(anonymous_41)
FN:1044,(anonymous_42)
FN:1047,(anonymous_43)
FN:1050,(anonymous_44)
FN:1053,(anonymous_45)
FN:1056,(anonymous_46)
FN:1059,(anonymous_47)
FN:1062,(anonymous_48)
FN:1066,(anonymous_49)
FN:1069,(anonymous_50)
FN:1072,(anonymous_51)
FN:1075,(anonymous_52)
FN:1078,(anonymous_53)
FN:1082,(anonymous_54)
FNF:54
FNH:15
FNDA:3,(anonymous_1)
FNDA:0,(anonymous_2)
FNDA:0,(anonymous_3)
FNDA:0,(anonymous_4)
FNDA:0,(anonymous_5)
FNDA:0,(anonymous_6)
FNDA:0,(anonymous_7)
FNDA:0,(anonymous_8)
FNDA:0,(anonymous_9)
FNDA:0,(anonymous_10)
FNDA:0,(anonymous_11)
FNDA:0,(anonymous_12)
FNDA:181,(anonymous_13)
FNDA:0,(anonymous_14)
FNDA:181,(anonymous_15)
FNDA:0,(anonymous_16)
FNDA:1,(anonymous_17)
FNDA:1,processVariation
FNDA:1,(anonymous_19)
FNDA:1,(anonymous_20)
FNDA:0,(anonymous_21)
FNDA:1,(anonymous_22)
FNDA:5,(anonymous_23)
FNDA:2,(anonymous_24)
FNDA:4,(anonymous_25)
FNDA:0,(anonymous_26)
FNDA:7,(anonymous_27)
FNDA:0,(anonymous_28)
FNDA:0,(anonymous_29)
FNDA:0,(anonymous_30)
FNDA:0,(anonymous_31)
FNDA:0,(anonymous_32)
FNDA:0,(anonymous_33)
FNDA:0,(anonymous_34)
FNDA:0,(anonymous_35)
FNDA:0,(anonymous_36)
FNDA:0,(anonymous_37)
FNDA:1,(anonymous_38)
FNDA:0,(anonymous_39)
FNDA:0,(anonymous_40)
FNDA:0,(anonymous_41)
FNDA:0,(anonymous_42)
FNDA:0,(anonymous_43)
FNDA:0,(anonymous_44)
FNDA:0,(anonymous_45)
FNDA:0,(anonymous_46)
FNDA:0,(anonymous_47)
FNDA:0,(anonymous_48)
FNDA:0,(anonymous_49)
FNDA:0,(anonymous_50)
FNDA:0,(anonymous_51)
FNDA:0,(anonymous_52)
FNDA:12,(anonymous_53)
FNDA:1,(anonymous_54)
DA:1,1
DA:2,1
DA:3,1
DA:4,1
DA:5,1
DA:6,1
DA:7,1
DA:9,1
DA:19,1
DA:55,1
DA:72,3
DA:83,3
DA:85,3
DA:87,3
DA:88,3
DA:89,3
DA:90,3
DA:92,0
DA:93,0
DA:96,3
DA:97,1
DA:98,1
DA:101,0
DA:103,3
DA:104,3
DA:105,3
DA:106,3
DA:107,3
DA:113,3
DA:121,0
DA:122,0
DA:123,0
DA:124,0
DA:126,0
DA:127,0
DA:129,0
DA:137,0
DA:138,0
DA:139,0
DA:141,0
DA:149,0
DA:150,0
DA:151,0
DA:153,0
DA:161,0
DA:162,0
DA:170,0
DA:172,0
DA:173,0
DA:174,0
DA:175,0
DA:184,0
DA:185,0
DA:186,0
DA:187,0
DA:188,0
DA:190,0
DA:198,0
DA:200,0
DA:201,0
DA:202,0
DA:203,0
DA:211,0
DA:212,0
DA:214,0
DA:215,0
DA:216,0
DA:218,0
DA:219,0
DA:220,0
DA:221,0
DA:222,0
DA:224,0
DA:227,0
DA:228,0
DA:230,0
DA:236,0
DA:242,0
DA:248,0
DA:256,181
DA:258,181
DA:259,181
DA:262,181
DA:263,181
DA:265,181
DA:266,0
DA:267,0
DA:268,0
DA:270,0
DA:272,0
DA:273,0
DA:274,0
DA:275,0
DA:276,0
DA:278,0
DA:279,0
DA:280,0
DA:281,0
DA:285,0
DA:287,0
DA:289,0
DA:290,0
DA:291,0
DA:293,0
DA:294,0
DA:295,0
DA:296,0
DA:300,0
DA:302,0
DA:307,181
DA:308,1
DA:310,181
DA:312,181
DA:313,181
DA:314,0
DA:315,0
DA:317,181
DA:326,0
DA:327,0
DA:328,0
DA:329,0
DA:331,0
DA:332,0
DA:340,181
DA:341,181
DA:342,0
DA:343,0
DA:345,181
DA:346,181
DA:356,0
DA:357,0
DA:359,0
DA:363,0
DA:364,0
DA:365,0
DA:366,0
DA:367,0
DA:368,0
DA:370,0
DA:371,0
DA:375,0
DA:376,0
DA:377,0
DA:378,0
DA:380,0
DA:389,1
DA:390,1
DA:392,1
DA:393,1
DA:394,7
DA:397,1
DA:398,1
DA:400,1
DA:401,1
DA:404,1
DA:405,1
DA:406,1
DA:407,1
DA:409,1
DA:410,0
DA:412,1
DA:413,85
DA:414,85
DA:416,85
DA:417,0
DA:418,0
DA:419,85
DA:421,0
DA:422,85
DA:424,43
DA:425,43
DA:427,85
DA:429,85
DA:430,0
DA:433,85
DA:434,1
DA:437,85
DA:439,0
DA:440,0
DA:441,0
DA:442,0
DA:443,0
DA:445,0
DA:446,0
DA:448,0
DA:449,0
DA:451,0
DA:452,0
DA:454,0
DA:457,0
DA:460,85
DA:463,1
DA:466,1
DA:467,1
DA:468,1
DA:471,1
DA:472,1
DA:473,1
DA:475,1
DA:476,0
DA:479,1
DA:480,1
DA:481,1
DA:483,1
DA:484,0
DA:486,1
DA:488,130
DA:490,0
DA:491,0
DA:493,0
DA:495,130
DA:496,1
DA:499,129
DA:501,42
DA:502,42
DA:504,32
DA:505,31
DA:507,1
DA:510,10
DA:512,0
DA:513,0
DA:514,0
DA:515,0
DA:516,0
DA:517,0
DA:519,0
DA:520,0
DA:522,0
DA:523,0
DA:527,42
DA:530,87
DA:535,1
DA:536,1
DA:537,1
DA:538,1
DA:540,0
DA:541,0
DA:542,0
DA:543,0
DA:545,0
DA:549,1
DA:551,1
DA:557,1
DA:567,1
DA:568,0
DA:569,0
DA:571,1
DA:573,1
DA:575,1
DA:576,0
DA:577,0
DA:578,1
DA:579,0
DA:580,0
DA:581,0
DA:585,0
DA:586,0
DA:589,1
DA:590,1
DA:591,1
DA:592,1
DA:593,1
DA:594,1
DA:596,1
DA:597,1
DA:598,1
DA:600,0
DA:602,1
DA:604,0
DA:607,0
DA:609,0
DA:610,0
DA:611,0
DA:612,0
DA:620,0
DA:621,0
DA:622,0
DA:624,0
DA:625,0
DA:626,0
DA:627,0
DA:628,0
DA:630,0
DA:631,0
DA:632,0
DA:646,1
DA:647,1
DA:656,5
DA:657,5
DA:659,5
DA:660,21
DA:661,21
DA:662,0
DA:663,0
DA:665,0
DA:670,5
DA:671,1
DA:673,2
DA:674,2
DA:675,2
DA:677,2
DA:678,2
DA:679,2
DA:681,2
DA:682,5
DA:683,5
DA:684,0
DA:685,0
DA:687,0
DA:693,5
DA:700,2
DA:708,4
DA:710,0
DA:713,0
DA:715,0
DA:716,0
DA:718,4
DA:719,0
DA:720,0
DA:721,4
DA:722,4
DA:724,0
DA:725,0
DA:732,0
DA:741,7
DA:743,7
DA:749,0
DA:751,0
DA:754,0
DA:755,0
DA:758,0
DA:759,0
DA:760,0
DA:761,0
DA:762,0
DA:763,0
DA:764,0
DA:765,0
DA:771,0
DA:773,0
DA:774,0
DA:776,0
DA:777,0
DA:778,0
DA:780,0
DA:781,0
DA:783,0
DA:785,0
DA:786,0
DA:787,0
DA:788,0
DA:791,0
DA:792,0
DA:794,0
DA:796,0
DA:799,0
DA:800,0
DA:801,0
DA:803,0
DA:804,0
DA:808,0
DA:824,0
DA:826,0
DA:827,0
DA:829,0
DA:830,0
DA:832,0
DA:833,0
DA:834,0
DA:836,0
DA:837,0
DA:838,0
DA:839,0
DA:842,0
DA:844,0
DA:845,0
DA:853,0
DA:855,0
DA:856,0
DA:858,0
DA:859,0
DA:861,0
DA:862,0
DA:863,0
DA:865,0
DA:866,0
DA:867,0
DA:868,0
DA:871,0
DA:874,0
DA:875,0
DA:884,0
DA:885,0
DA:887,0
DA:888,0
DA:897,0
DA:898,0
DA:899,0
DA:904,0
DA:907,0
DA:910,0
DA:916,0
DA:919,0
DA:928,0
DA:929,0
DA:930,0
DA:933,0
DA:934,0
DA:935,0
DA:936,0
DA:944,0
DA:945,0
DA:946,0
DA:949,0
DA:950,0
DA:951,0
DA:952,0
DA:966,0
DA:974,0
DA:976,0
DA:977,0
DA:979,0
DA:980,0
DA:981,0
DA:982,0
DA:983,0
DA:985,0
DA:986,0
DA:988,0
DA:989,0
DA:990,0
DA:992,0
DA:993,0
DA:995,0
DA:996,0
DA:997,0
DA:999,0
DA:1000,0
DA:1003,0
DA:1004,0
DA:1007,0
DA:1008,0
DA:1011,0
DA:1018,0
DA:1026,1
DA:1036,0
DA:1039,0
DA:1042,0
DA:1045,0
DA:1048,0
DA:1051,0
DA:1054,0
DA:1057,0
DA:1060,0
DA:1063,0
DA:1067,0
DA:1070,0
DA:1073,0
DA:1076,0
DA:1079,12
DA:1083,1
DA:1087,1
LF:462
LH:147
BRDA:79,0,0,0
BRDA:80,1,0,1
BRDA:87,2,0,3
BRDA:87,2,1,0
BRDA:87,3,0,3
BRDA:87,3,1,3
BRDA:89,4,0,3
BRDA:89,4,1,0
BRDA:96,5,0,1
BRDA:96,5,1,2
BRDA:122,6,0,0
BRDA:122,6,1,0
BRDA:137,7,0,0
BRDA:137,7,1,0
BRDA:138,8,0,0
BRDA:138,8,1,0
BRDA:149,9,0,0
BRDA:149,9,1,0
BRDA:150,10,0,0
BRDA:150,10,1,0
BRDA:161,11,0,0
BRDA:161,11,1,0
BRDA:170,12,0,0
BRDA:170,12,1,0
BRDA:170,13,0,0
BRDA:170,13,1,0
BRDA:170,13,2,0
BRDA:174,14,0,0
BRDA:174,14,1,0
BRDA:183,15,0,0
BRDA:184,16,0,0
BRDA:184,16,1,0
BRDA:184,17,0,0
BRDA:184,17,1,0
BRDA:187,18,0,0
BRDA:187,18,1,0
BRDA:198,19,0,0
BRDA:198,19,1,0
BRDA:198,20,0,0
BRDA:198,20,1,0
BRDA:198,20,2,0
BRDA:202,21,0,0
BRDA:202,21,1,0
BRDA:211,22,0,0
BRDA:211,22,1,0
BRDA:214,23,0,0
BRDA:214,23,1,0
BRDA:214,24,0,0
BRDA:214,24,1,0
BRDA:218,25,0,0
BRDA:218,25,1,0
BRDA:220,26,0,0
BRDA:220,26,1,0
BRDA:221,27,0,0
BRDA:221,27,1,0
BRDA:248,28,0,0
BRDA:248,28,1,0
BRDA:255,29,0,0
BRDA:258,30,0,181
BRDA:258,30,1,0
BRDA:263,31,0,181
BRDA:263,31,1,0
BRDA:265,32,0,0
BRDA:265,32,1,181
BRDA:265,33,0,181
BRDA:265,33,1,0
BRDA:267,34,0,0
BRDA:267,34,1,0
BRDA:272,35,0,0
BRDA:272,35,1,0
BRDA:274,36,0,0
BRDA:274,36,1,0
BRDA:276,37,0,0
BRDA:276,37,1,0
BRDA:289,38,0,0
BRDA:289,38,1,0
BRDA:291,39,0,0
BRDA:291,39,1,0
BRDA:307,40,0,1
BRDA:307,40,1,180
BRDA:307,41,0,181
BRDA:307,41,1,171
BRDA:307,41,2,170
BRDA:313,42,0,0
BRDA:313,42,1,181
BRDA:313,43,0,181
BRDA:313,43,1,173
BRDA:325,44,0,0
BRDA:327,45,0,0
BRDA:327,45,1,0
BRDA:339,46,0,11
BRDA:341,47,0,0
BRDA:341,47,1,181
BRDA:355,48,0,0
BRDA:357,49,0,0
BRDA:357,49,1,0
BRDA:367,50,0,0
BRDA:367,50,1,0
BRDA:376,51,0,0
BRDA:376,51,1,0
BRDA:388,52,0,1
BRDA:392,53,0,1
BRDA:392,53,1,0
BRDA:397,54,0,1
BRDA:397,54,1,0
BRDA:409,55,0,0
BRDA:409,55,1,1
BRDA:416,56,0,0
BRDA:416,56,1,85
BRDA:416,57,0,85
BRDA:416,57,1,1
BRDA:416,58,0,0
BRDA:416,58,1,1
BRDA:416,59,0,1
BRDA:416,59,1,1
BRDA:419,60,0,0
BRDA:419,60,1,85
BRDA:419,61,0,85
BRDA:419,61,1,84
BRDA:419,61,2,1
BRDA:419,61,3,0
BRDA:419,62,0,0
BRDA:419,62,1,1
BRDA:419,63,0,1
BRDA:419,63,1,1
BRDA:422,64,0,43
BRDA:422,64,1,42
BRDA:422,65,0,0
BRDA:422,65,1,85
BRDA:422,66,0,85
BRDA:422,66,1,85
BRDA:427,67,0,0
BRDA:427,67,1,85
BRDA:427,68,0,85
BRDA:427,68,1,0
BRDA:429,69,0,0
BRDA:429,69,1,85
BRDA:429,70,0,85
BRDA:429,70,1,0
BRDA:429,70,2,0
BRDA:433,71,0,1
BRDA:433,71,1,84
BRDA:437,72,0,0
BRDA:437,72,1,85
BRDA:441,73,0,0
BRDA:441,73,1,0
BRDA:442,74,0,0
BRDA:442,74,1,0
BRDA:448,75,0,0
BRDA:448,75,1,0
BRDA:449,76,0,0
BRDA:449,76,1,0
BRDA:451,77,0,0
BRDA:451,77,1,0
BRDA:467,78,0,1
BRDA:467,78,1,0
BRDA:472,79,0,1
BRDA:472,79,1,0
BRDA:472,80,0,1
BRDA:472,80,1,1
BRDA:475,81,0,0
BRDA:475,81,1,1
BRDA:483,82,0,0
BRDA:483,82,1,1
BRDA:483,83,0,1
BRDA:483,83,1,1
BRDA:488,84,0,0
BRDA:488,84,1,130
BRDA:490,85,0,0
BRDA:490,85,1,0
BRDA:495,86,0,1
BRDA:495,86,1,129
BRDA:499,87,0,42
BRDA:499,87,1,87
BRDA:501,88,0,42
BRDA:501,88,1,0
BRDA:502,89,0,32
BRDA:502,89,1,10
BRDA:504,90,0,31
BRDA:504,90,1,1
BRDA:512,91,0,0
BRDA:512,91,1,0
BRDA:513,92,0,0
BRDA:513,92,1,0
BRDA:515,93,0,0
BRDA:515,93,1,0
BRDA:516,94,0,0
BRDA:516,94,1,0
BRDA:535,95,0,1
BRDA:535,95,1,0
BRDA:536,96,0,1
BRDA:536,96,1,0
BRDA:537,97,0,1
BRDA:537,97,1,0
BRDA:541,98,0,0
BRDA:541,98,1,0
BRDA:542,99,0,0
BRDA:542,99,1,0
BRDA:565,100,0,0
BRDA:567,101,0,0
BRDA:567,101,1,1
BRDA:567,102,0,1
BRDA:567,102,1,1
BRDA:567,102,2,1
BRDA:571,103,0,1
BRDA:571,103,1,0
BRDA:573,104,0,1
BRDA:573,104,1,0
BRDA:575,105,0,0
BRDA:575,105,1,1
BRDA:578,106,0,0
BRDA:578,106,1,1
BRDA:579,107,0,0
BRDA:579,107,1,0
BRDA:594,108,0,1
BRDA:594,108,1,0
BRDA:596,109,0,1
BRDA:596,109,1,0
BRDA:597,110,0,1
BRDA:597,110,1,0
BRDA:620,111,0,0
BRDA:620,111,1,0
BRDA:625,112,0,0
BRDA:625,112,1,0
BRDA:655,113,0,1
BRDA:660,114,0,21
BRDA:660,114,1,0
BRDA:661,115,0,0
BRDA:661,115,1,21
BRDA:662,116,0,0
BRDA:662,116,1,0
BRDA:670,117,0,1
BRDA:670,117,1,4
BRDA:678,118,0,2
BRDA:678,118,1,0
BRDA:682,119,0,5
BRDA:682,119,1,0
BRDA:683,120,0,0
BRDA:683,120,1,5
BRDA:684,121,0,0
BRDA:684,121,1,0
BRDA:708,122,0,0
BRDA:708,122,1,4
BRDA:708,123,0,4
BRDA:708,123,1,0
BRDA:710,124,0,0
BRDA:710,124,1,0
BRDA:710,125,0,0
BRDA:710,125,1,0
BRDA:710,125,2,0
BRDA:710,125,3,0
BRDA:718,126,0,0
BRDA:718,126,1,4
BRDA:721,127,0,4
BRDA:721,127,1,0
BRDA:741,128,0,7
BRDA:741,128,1,0
BRDA:741,129,0,7
BRDA:741,129,1,1
BRDA:754,130,0,0
BRDA:754,130,1,0
BRDA:760,131,0,0
BRDA:760,131,1,0
BRDA:761,132,0,0
BRDA:761,132,1,0
BRDA:771,133,0,0
BRDA:771,133,1,0
BRDA:778,134,0,0
BRDA:778,134,1,0
BRDA:788,135,0,0
BRDA:788,135,1,0
BRDA:788,136,0,0
BRDA:788,136,1,0
BRDA:788,136,2,0
BRDA:788,136,3,0
BRDA:791,137,0,0
BRDA:791,137,1,0
BRDA:799,138,0,0
BRDA:799,138,1,0
BRDA:823,139,0,0
BRDA:824,140,0,0
BRDA:824,140,1,0
BRDA:830,141,0,0
BRDA:830,141,1,0
BRDA:834,142,0,0
BRDA:834,142,1,0
BRDA:834,143,0,0
BRDA:834,143,1,0
BRDA:838,144,0,0
BRDA:838,144,1,0
BRDA:852,145,0,0
BRDA:853,146,0,0
BRDA:853,146,1,0
BRDA:859,147,0,0
BRDA:859,147,1,0
BRDA:863,148,0,0
BRDA:863,148,1,0
BRDA:863,149,0,0
BRDA:863,149,1,0
BRDA:867,150,0,0
BRDA:867,150,1,0
BRDA:885,151,0,0
BRDA:885,151,1,0
BRDA:899,152,0,0
BRDA:899,152,1,0
BRDA:899,153,0,0
BRDA:899,153,1,0
BRDA:899,153,2,0
BRDA:928,154,0,0
BRDA:928,154,1,0
BRDA:944,155,0,0
BRDA:944,155,1,0
BRDA:982,156,0,0
BRDA:982,156,1,0
BRDA:995,157,0,0
BRDA:995,157,1,0
BRDA:996,158,0,0
BRDA:996,158,1,0
BRDA:999,159,0,0
BRDA:999,159,1,0
BRDA:1003,160,0,0
BRDA:1003,160,1,0
BRDA:1003,161,0,0
BRDA:1003,161,1,0
BRDA:1007,162,0,0
BRDA:1007,162,1,0
BRDA:1007,163,0,0
BRDA:1007,163,1,0
BRDA:1025,164,0,1
BRDA:1078,165,0,0
BRDA:1082,166,0,1
BRF:331
BRH:99
end_of_record
TN:
SF:src\headers.ts
FN:54,(anonymous_0)
FN:61,(anonymous_1)
FN:69,(anonymous_2)
FN:78,(anonymous_3)
FN:89,(anonymous_4)
FN:97,(anonymous_5)
FN:109,(anonymous_6)
FN:119,(anonymous_7)
FN:126,(anonymous_8)
FN:137,(anonymous_9)
FN:143,(anonymous_10)
FN:155,(anonymous_11)
FN:164,(anonymous_12)
FN:166,(anonymous_13)
FN:175,(anonymous_14)
FN:182,(anonymous_15)
FN:183,(anonymous_16)
FNF:17
FNH:7
FNDA:3,(anonymous_0)
FNDA:3,(anonymous_1)
FNDA:0,(anonymous_2)
FNDA:4,(anonymous_3)
FNDA:0,(anonymous_4)
FNDA:7,(anonymous_5)
FNDA:7,(anonymous_6)
FNDA:9,(anonymous_7)
FNDA:0,(anonymous_8)
FNDA:0,(anonymous_9)
FNDA:0,(anonymous_10)
FNDA:16,(anonymous_11)
FNDA:0,(anonymous_12)
FNDA:0,(anonymous_13)
FNDA:0,(anonymous_14)
FNDA:0,(anonymous_15)
FNDA:0,(anonymous_16)
DA:8,1
DA:48,3
DA:49,3
DA:55,3
DA:62,3
DA:63,14
DA:70,0
DA:71,0
DA:79,4
DA:80,4
DA:82,0
DA:90,0
DA:98,7
DA:99,7
DA:101,0
DA:110,7
DA:111,7
DA:113,0
DA:120,9
DA:127,0
DA:128,0
DA:139,0
DA:140,0
DA:143,0
DA:144,0
DA:145,0
DA:146,0
DA:156,16
DA:157,16
DA:159,16
DA:165,0
DA:166,0
DA:167,0
DA:169,0
DA:176,0
DA:183,0
DA:187,1
LF:37
LH:17
BRDA:54,0,0,0
BRDA:79,1,0,4
BRDA:79,1,1,0
BRDA:98,2,0,7
BRDA:98,2,1,0
BRDA:98,3,0,7
BRDA:98,3,1,7
BRDA:110,4,0,7
BRDA:110,4,1,0
BRDA:127,5,0,0
BRDA:127,5,1,0
BRDA:139,6,0,0
BRDA:139,6,1,0
BRDA:145,7,0,0
BRDA:145,7,1,0
BRDA:156,8,0,16
BRDA:156,8,1,0
BRF:17
BRH:6
end_of_record
TN:
SF:src\log.ts
FN:22,(anonymous_1)
FN:39,(anonymous_2)
FN:46,(anonymous_3)
FN:52,(anonymous_4)
FN:59,(anonymous_5)
FN:66,(anonymous_6)
FN:87,(anonymous_7)
FN:98,(anonymous_8)
FN:115,(anonymous_9)
FN:130,(anonymous_10)
FN:139,(anonymous_11)
FN:161,(anonymous_12)
FNF:12
FNH:6
FNDA:194,(anonymous_1)
FNDA:194,(anonymous_2)
FNDA:0,(anonymous_3)
FNDA:0,(anonymous_4)
FNDA:0,(anonymous_5)
FNDA:0,(anonymous_6)
FNDA:1,(anonymous_7)
FNDA:0,(anonymous_8)
FNDA:194,(anonymous_9)
FNDA:194,(anonymous_10)
FNDA:0,(anonymous_11)
FNDA:194,(anonymous_12)
DA:1,1
DA:6,1
DA:14,1
DA:15,1
DA:16,1
DA:23,194
DA:25,0
DA:27,194
DA:28,194
DA:29,0
DA:31,194
DA:32,194
DA:40,194
DA:47,0
DA:53,0
DA:60,0
DA:67,0
DA:68,0
DA:69,0
DA:71,0
DA:72,0
DA:73,0
DA:74,0
DA:75,0
DA:77,0
DA:78,0
DA:79,0
DA:80,0
DA:81,0
DA:82,0
DA:83,0
DA:84,0
DA:88,1
DA:89,1
DA:91,0
DA:99,0
DA:116,194
DA:117,194
DA:118,194
DA:119,194
DA:120,194
DA:131,194
DA:132,194
DA:141,0
DA:142,0
DA:143,0
DA:144,0
DA:145,0
DA:146,0
DA:147,0
DA:149,0
DA:150,0
DA:151,0
DA:152,0
DA:153,0
DA:154,0
DA:156,0
DA:162,194
DA:166,1
LF:59
LH:22
BRDA:23,0,0,0
BRDA:23,0,1,194
BRDA:28,1,0,0
BRDA:28,1,1,194
BRDA:68,2,0,0
BRDA:68,2,1,0
BRDA:72,3,0,0
BRDA:72,3,1,0
BRDA:75,4,0,0
BRDA:75,4,1,0
BRDA:79,5,0,0
BRDA:79,5,1,0
BRDA:82,6,0,0
BRDA:82,6,1,0
BRDA:88,7,0,1
BRDA:88,7,1,0
BRDA:132,8,0,193
BRDA:132,8,1,1
BRDA:139,9,0,0
BRDA:141,10,0,0
BRDA:141,10,1,0
BRF:21
BRH:5
end_of_record
TN:
SF:src\move.ts
FN:110,(anonymous_1)
FN:152,(anonymous_2)
FN:168,(anonymous_3)
FN:226,(anonymous_4)
FN:230,(anonymous_5)
FN:271,(anonymous_6)
FN:283,(anonymous_7)
FN:296,(anonymous_8)
FN:329,(anonymous_9)
FNF:9
FNH:5
FNDA:65520,(anonymous_1)
FNDA:0,(anonymous_2)
FNDA:182,(anonymous_3)
FNDA:0,(anonymous_4)
FNDA:0,(anonymous_5)
FNDA:0,(anonymous_6)
FNDA:133092,(anonymous_7)
FNDA:5269,(anonymous_8)
FNDA:5251,(anonymous_9)
DA:2,1
DA:3,1
DA:4,1
DA:5,1
DA:6,1
DA:16,1
DA:26,1
DA:36,1
DA:40,1
DA:47,1
DA:64,1
DA:81,1
DA:91,1
DA:92,1
DA:95,65520
DA:96,65520
DA:97,65520
DA:98,65520
DA:99,65520
DA:100,65520
DA:101,65520
DA:102,65520
DA:103,65520
DA:104,65520
DA:105,65520
DA:106,65520
DA:118,65520
DA:120,65520
DA:121,0
DA:122,0
DA:125,65520
DA:126,65520
DA:127,65520
DA:128,65520
DA:129,65520
DA:130,65520
DA:131,0
DA:133,65520
DA:134,0
DA:137,65520
DA:138,0
DA:141,65520
DA:142,0
DA:143,65520
DA:145,65520
DA:148,65520
DA:153,0
DA:154,0
DA:155,0
DA:156,0
DA:157,0
DA:158,0
DA:159,0
DA:160,0
DA:161,0
DA:162,0
DA:163,0
DA:165,0
DA:169,182
DA:170,0
DA:172,182
DA:173,0
DA:175,182
DA:176,182
DA:177,0
DA:179,182
DA:182,182
DA:183,2575
DA:184,174
DA:188,8
DA:191,87
DA:195,8
DA:199,0
DA:204,0
DA:205,0
DA:206,0
DA:207,0
DA:209,0
DA:210,0
DA:211,0
DA:214,0
DA:216,0
DA:217,0
DA:222,0
DA:226,0
DA:232,0
DA:233,0
DA:234,0
DA:235,0
DA:236,0
DA:237,0
DA:239,0
DA:240,0
DA:241,0
DA:242,0
DA:243,0
DA:245,0
DA:248,0
DA:249,0
DA:251,0
DA:252,0
DA:254,0
DA:255,0
DA:256,0
DA:257,0
DA:258,0
DA:259,0
DA:261,0
DA:262,0
DA:265,0
DA:268,0
DA:272,0
DA:273,0
DA:274,0
DA:276,0
DA:278,0
DA:279,0
DA:284,133092
DA:297,5269
DA:298,0
DA:300,5269
DA:302,5269
DA:303,16
DA:304,5253
DA:305,2
DA:308,5251
DA:309,4065
DA:311,5251
DA:312,5251
DA:313,359
DA:315,5251
DA:317,5251
DA:318,0
DA:321,5269
DA:322,1
DA:323,5268
DA:324,122
DA:326,5269
DA:330,5251
DA:333,1
LF:140
LH:72
BRDA:120,0,0,0
BRDA:120,0,1,65520
BRDA:120,1,0,65520
BRDA:120,1,1,65520
BRDA:130,2,0,0
BRDA:130,2,1,65520
BRDA:133,3,0,0
BRDA:133,3,1,65520
BRDA:137,4,0,0
BRDA:137,4,1,65520
BRDA:137,5,0,65520
BRDA:137,5,1,0
BRDA:138,6,0,0
BRDA:138,6,1,0
BRDA:141,7,0,0
BRDA:141,7,1,65520
BRDA:142,8,0,0
BRDA:142,8,1,0
BRDA:169,9,0,0
BRDA:169,9,1,182
BRDA:169,10,0,182
BRDA:169,10,1,182
BRDA:169,10,2,182
BRDA:172,11,0,0
BRDA:172,11,1,182
BRDA:172,12,0,182
BRDA:172,12,1,182
BRDA:176,13,0,0
BRDA:176,13,1,182
BRDA:183,14,0,174
BRDA:183,14,1,2401
BRDA:191,15,0,8
BRDA:191,15,1,79
BRDA:191,16,0,87
BRDA:191,16,1,87
BRDA:191,16,2,79
BRDA:191,16,3,79
BRDA:191,16,4,79
BRDA:191,16,5,0
BRDA:191,17,0,0
BRDA:191,17,1,87
BRDA:191,18,0,87
BRDA:191,18,1,87
BRDA:191,19,0,0
BRDA:191,19,1,87
BRDA:191,20,0,87
BRDA:191,20,1,87
BRDA:193,21,0,0
BRDA:193,21,1,0
BRDA:193,22,0,0
BRDA:193,22,1,0
BRDA:199,23,0,0
BRDA:199,23,1,0
BRDA:206,24,0,0
BRDA:206,24,1,0
BRDA:209,25,0,0
BRDA:209,25,1,0
BRDA:217,26,0,0
BRDA:217,26,1,0
BRDA:217,27,0,0
BRDA:217,27,1,0
BRDA:217,27,2,0
BRDA:217,27,3,0
BRDA:217,27,4,0
BRDA:217,27,5,0
BRDA:217,27,6,0
BRDA:217,28,0,0
BRDA:217,28,1,0
BRDA:217,29,0,0
BRDA:217,29,1,0
BRDA:220,30,0,0
BRDA:220,30,1,0
BRDA:220,31,0,0
BRDA:220,31,1,0
BRDA:232,32,0,0
BRDA:232,32,1,0
BRDA:232,33,0,0
BRDA:232,33,1,0
BRDA:232,33,2,0
BRDA:234,34,0,0
BRDA:234,34,1,0
BRDA:234,35,0,0
BRDA:234,35,1,0
BRDA:234,35,2,0
BRDA:236,36,0,0
BRDA:236,36,1,0
BRDA:236,37,0,0
BRDA:236,37,1,0
BRDA:239,38,0,0
BRDA:239,38,1,0
BRDA:239,39,0,0
BRDA:239,39,1,0
BRDA:242,40,0,0
BRDA:242,40,1,0
BRDA:254,41,0,0
BRDA:254,41,1,0
BRDA:254,42,0,0
BRDA:254,42,1,0
BRDA:255,43,0,0
BRDA:255,43,1,0
BRDA:257,44,0,0
BRDA:257,44,1,0
BRDA:257,45,0,0
BRDA:257,45,1,0
BRDA:257,46,0,0
BRDA:257,46,1,0
BRDA:258,47,0,0
BRDA:258,47,1,0
BRDA:259,48,0,0
BRDA:259,48,1,0
BRDA:261,49,0,0
BRDA:261,49,1,0
BRDA:273,50,0,0
BRDA:273,50,1,0
BRDA:285,51,0,133092
BRDA:285,51,1,133092
BRDA:285,51,2,106573
BRDA:285,51,3,106573
BRDA:285,51,4,93533
BRDA:285,51,5,93533
BRDA:285,51,6,78103
BRDA:285,51,7,78103
BRDA:285,51,8,64020
BRDA:285,51,9,64020
BRDA:285,51,10,52484
BRDA:285,51,11,52484
BRDA:285,51,12,39628
BRDA:285,51,13,39628
BRDA:285,51,14,29016
BRDA:285,51,15,29016
BRDA:297,52,0,0
BRDA:297,52,1,5269
BRDA:302,53,0,16
BRDA:302,53,1,5253
BRDA:302,54,0,0
BRDA:302,54,1,5269
BRDA:302,55,0,5269
BRDA:302,55,1,5269
BRDA:304,56,0,2
BRDA:304,56,1,5251
BRDA:304,57,0,0
BRDA:304,57,1,5253
BRDA:304,58,0,5253
BRDA:304,58,1,5253
BRDA:308,59,0,4065
BRDA:308,59,1,1186
BRDA:308,60,0,0
BRDA:308,60,1,5251
BRDA:308,61,0,5251
BRDA:308,61,1,5251
BRDA:309,62,0,0
BRDA:309,62,1,4065
BRDA:309,63,0,4065
BRDA:309,63,1,4065
BRDA:312,64,0,359
BRDA:312,64,1,4892
BRDA:312,65,0,5251
BRDA:312,65,1,4893
BRDA:312,66,0,0
BRDA:312,66,1,5251
BRDA:312,67,0,5251
BRDA:312,67,1,5251
BRDA:312,68,0,0
BRDA:312,68,1,4893
BRDA:312,69,0,4893
BRDA:312,69,1,4893
BRDA:317,70,0,0
BRDA:317,70,1,5251
BRDA:317,71,0,0
BRDA:317,71,1,5251
BRDA:317,72,0,5251
BRDA:317,72,1,5251
BRDA:318,73,0,0
BRDA:318,73,1,0
BRDA:318,74,0,0
BRDA:318,74,1,0
BRDA:321,75,0,1
BRDA:321,75,1,5268
BRDA:321,76,0,0
BRDA:321,76,1,5269
BRDA:321,77,0,5269
BRDA:321,77,1,5269
BRDA:323,78,0,122
BRDA:323,78,1,5146
BRDA:323,79,0,0
BRDA:323,79,1,5268
BRDA:323,80,0,5268
BRDA:323,80,1,5268
BRF:188
BRH:90
end_of_record
TN:
SF:src\nag.ts
FN:147,(anonymous_0)
FN:157,(anonymous_1)
FNF:2
FNH:0
FNDA:0,(anonymous_0)
FNDA:0,(anonymous_1)
DA:5,1
DA:147,1
DA:148,0
DA:149,0
DA:152,0
DA:155,0
DA:157,1
DA:158,0
DA:159,0
DA:160,0
DA:163,0
DA:167,1
LF:12
LH:4
BRDA:149,0,0,0
BRDA:149,0,1,0
BRDA:149,1,0,0
BRDA:149,1,1,0
BRDA:149,1,2,0
BRDA:159,2,0,0
BRDA:159,2,1,0
BRF:7
BRH:0
end_of_record
TN:
SF:src\options.ts
FN:159,(anonymous_0)
FN:169,(anonymous_1)
FN:180,(anonymous_2)
FN:187,(anonymous_3)
FN:14,(anonymous_4)
FN:24,(anonymous_5)
FN:33,(anonymous_6)
FN:45,(anonymous_7)
FN:59,(anonymous_8)
FN:69,(anonymous_9)
FN:82,(anonymous_10)
FN:102,(anonymous_11)
FN:121,(anonymous_12)
FNF:13
FNH:10
FNDA:190894,(anonymous_0)
FNDA:381788,(anonymous_1)
FNDA:0,(anonymous_2)
FNDA:0,(anonymous_3)
FNDA:2,(anonymous_4)
FNDA:5032,(anonymous_5)
FNDA:12,(anonymous_6)
FNDA:65703,(anonymous_7)
FNDA:119962,(anonymous_8)
FNDA:1,(anonymous_9)
FNDA:0,(anonymous_10)
FNDA:181,(anonymous_11)
FNDA:1,(anonymous_12)
DA:9,1
DA:14,2
DA:24,5032
DA:33,12
DA:45,65703
DA:59,119962
DA:61,1
DA:69,1
DA:82,0
DA:89,1
DA:102,181
DA:121,1
DA:131,1
DA:143,1
DA:150,1
DA:161,190894
DA:162,190894
DA:170,381788
DA:171,381788
DA:172,789777
DA:174,381788
DA:181,0
DA:188,0
DA:192,1
LF:24
LH:21
BRF:0
BRH:0
end_of_record
TN:
SF:src\piece.ts
FN:66,(anonymous_1)
FN:81,(anonymous_2)
FN:87,(anonymous_3)
FN:95,(anonymous_4)
FNF:4
FNH:3
FNDA:13,(anonymous_1)
FNDA:3135186,(anonymous_2)
FNDA:0,(anonymous_3)
FNDA:96,(anonymous_4)
DA:1,1
DA:6,1
DA:7,1
DA:8,1
DA:9,1
DA:10,1
DA:11,1
DA:12,1
DA:14,1
DA:15,1
DA:16,1
DA:17,1
DA:18,1
DA:19,1
DA:20,1
DA:21,1
DA:22,1
DA:23,1
DA:24,1
DA:25,1
DA:26,1
DA:28,1
DA:46,1
DA:52,1
DA:67,13
DA:68,13
DA:69,13
DA:70,13
DA:72,13
DA:73,13
DA:75,13
DA:82,3135186
DA:88,0
DA:96,96
DA:100,1
LF:35
LH:34
BRDA:69,0,0,6
BRDA:69,0,1,7
BRDA:70,1,0,1
BRDA:70,1,1,12
BRDA:71,2,0,6
BRDA:71,2,1,6
BRF:6
BRH:6
end_of_record
TN:
SF:src\time_control.ts
FN:43,(anonymous_1)
FN:60,(anonymous_2)
FN:112,(anonymous_3)
FN:122,(anonymous_4)
FN:130,(anonymous_5)
FN:146,(anonymous_6)
FN:161,(anonymous_7)
FN:173,(anonymous_8)
FN:180,(anonymous_9)
FN:202,(anonymous_10)
FN:218,(anonymous_11)
FN:274,(anonymous_12)
FN:368,(anonymous_13)
FN:380,(anonymous_14)
FN:387,(anonymous_15)
FN:394,(anonymous_16)
FN:403,(anonymous_17)
FN:428,(anonymous_18)
FN:439,(anonymous_19)
FN:461,(anonymous_20)
FN:486,(anonymous_21)
FN:517,(anonymous_22)
FN:537,(anonymous_23)
FN:555,(anonymous_24)
FN:587,(anonymous_25)
FN:607,(anonymous_26)
FNF:26
FNH:3
FNDA:3,(anonymous_1)
FNDA:0,(anonymous_2)
FNDA:0,(anonymous_3)
FNDA:0,(anonymous_4)
FNDA:0,(anonymous_5)
FNDA:0,(anonymous_6)
FNDA:0,(anonymous_7)
FNDA:0,(anonymous_8)
FNDA:0,(anonymous_9)
FNDA:0,(anonymous_10)
FNDA:181,(anonymous_11)
FNDA:0,(anonymous_12)
FNDA:0,(anonymous_13)
FNDA:0,(anonymous_14)
FNDA:0,(anonymous_15)
FNDA:0,(anonymous_16)
FNDA:0,(anonymous_17)
FNDA:0,(anonymous_18)
FNDA:0,(anonymous_19)
FNDA:0,(anonymous_20)
FNDA:0,(anonymous_21)
FNDA:0,(anonymous_22)
FNDA:0,(anonymous_23)
FNDA:0,(anonymous_24)
FNDA:0,(anonymous_25)
FNDA:3,(anonymous_26)
DA:1,1
DA:2,1
DA:17,1
DA:28,1
DA:30,3
DA:31,3
DA:32,3
DA:33,3
DA:34,3
DA:35,3
DA:36,3
DA:37,3
DA:38,3
DA:39,3
DA:40,3
DA:41,3
DA:48,3
DA:49,0
DA:51,3
DA:52,0
DA:61,0
DA:62,0
DA:64,0
DA:65,0
DA:67,0
DA:70,0
DA:71,0
DA:73,0
DA:74,0
DA:76,0
DA:77,0
DA:79,0
DA:80,0
DA:82,0
DA:83,0
DA:86,0
DA:87,0
DA:88,0
DA:90,0
DA:91,0
DA:93,0
DA:97,0
DA:98,0
DA:101,0
DA:102,0
DA:103,0
DA:105,0
DA:113,0
DA:114,0
DA:116,0
DA:123,0
DA:131,0
DA:133,0
DA:136,0
DA:139,0
DA:147,0
DA:148,0
DA:151,0
DA:154,0
DA:162,0
DA:164,0
DA:165,0
DA:168,0
DA:174,0
DA:181,0
DA:183,0
DA:184,0
DA:185,0
DA:187,0
DA:189,0
DA:191,0
DA:193,0
DA:195,0
DA:203,0
DA:204,0
DA:207,0
DA:210,0
DA:219,181
DA:220,179
DA:222,2
DA:223,2
DA:225,0
DA:226,0
DA:228,0
DA:230,0
DA:233,0
DA:234,0
DA:235,0
DA:237,0
DA:238,0
DA:240,0
DA:243,0
DA:245,0
DA:247,0
DA:248,0
DA:249,0
DA:250,0
DA:253,0
DA:255,0
DA:256,0
DA:260,0
DA:261,0
DA:263,0
DA:264,0
DA:265,0
DA:266,0
DA:267,0
DA:278,0
DA:280,0
DA:281,0
DA:282,0
DA:283,0
DA:284,0
DA:285,0
DA:286,0
DA:287,0
DA:289,0
DA:291,0
DA:296,0
DA:297,0
DA:298,0
DA:300,0
DA:303,0
DA:306,0
DA:308,0
DA:310,0
DA:311,0
DA:312,0
DA:313,0
DA:316,0
DA:317,0
DA:320,0
DA:322,0
DA:323,0
DA:324,0
DA:333,0
DA:334,0
DA:337,0
DA:339,0
DA:343,0
DA:344,0
DA:346,0
DA:349,0
DA:350,0
DA:351,0
DA:352,0
DA:356,0
DA:358,0
DA:360,0
DA:362,0
DA:369,0
DA:370,0
DA:371,0
DA:372,0
DA:374,0
DA:381,0
DA:388,0
DA:395,0
DA:396,0
DA:404,0
DA:405,0
DA:406,0
DA:407,0
DA:409,0
DA:410,0
DA:411,0
DA:412,0
DA:414,0
DA:415,0
DA:416,0
DA:418,0
DA:420,0
DA:422,0
DA:429,0
DA:430,0
DA:431,0
DA:432,0
DA:434,0
DA:440,0
DA:442,0
DA:443,0
DA:445,0
DA:446,0
DA:449,0
DA:452,0
DA:453,0
DA:454,0
DA:457,0
DA:461,0
DA:462,0
DA:463,0
DA:464,0
DA:465,0
DA:466,0
DA:468,0
DA:469,0
DA:472,0
DA:473,0
DA:475,0
DA:476,0
DA:478,0
DA:481,0
DA:482,0
DA:486,0
DA:487,0
DA:488,0
DA:489,0
DA:490,0
DA:491,0
DA:492,0
DA:493,0
DA:494,0
DA:496,0
DA:497,0
DA:500,0
DA:502,0
DA:503,0
DA:509,0
DA:510,0
DA:513,0
DA:517,0
DA:518,0
DA:519,0
DA:520,0
DA:521,0
DA:524,0
DA:525,0
DA:527,0
DA:528,0
DA:530,0
DA:532,0
DA:533,0
DA:537,0
DA:538,0
DA:539,0
DA:540,0
DA:541,0
DA:542,0
DA:543,0
DA:545,0
DA:546,0
DA:556,0
DA:557,0
DA:558,0
DA:560,0
DA:561,0
DA:564,0
DA:566,0
DA:568,0
DA:569,0
DA:571,0
DA:573,0
DA:574,0
DA:576,0
DA:577,0
DA:579,0
DA:581,0
DA:588,0
DA:595,3
DA:601,3
DA:608,3
DA:609,0
DA:610,0
DA:611,0
DA:612,0
DA:617,1
LF:266
LH:26
BRDA:48,0,0,0
BRDA:48,0,1,3
BRDA:51,1,0,0
BRDA:51,1,1,3
BRDA:64,2,0,0
BRDA:64,2,1,0
BRDA:64,3,0,0
BRDA:64,3,1,0
BRDA:64,3,2,0
BRDA:64,3,3,0
BRDA:70,4,0,0
BRDA:70,4,1,0
BRDA:70,5,0,0
BRDA:70,5,1,0
BRDA:70,5,2,0
BRDA:73,6,0,0
BRDA:73,6,1,0
BRDA:73,7,0,0
BRDA:73,7,1,0
BRDA:76,8,0,0
BRDA:76,8,1,0
BRDA:76,9,0,0
BRDA:76,9,1,0
BRDA:79,10,0,0
BRDA:79,10,1,0
BRDA:79,11,0,0
BRDA:79,11,1,0
BRDA:82,12,0,0
BRDA:82,12,1,0
BRDA:83,13,0,0
BRDA:83,13,1,0
BRDA:88,14,0,0
BRDA:88,14,1,0
BRDA:90,15,0,0
BRDA:90,15,1,0
BRDA:97,16,0,0
BRDA:97,16,1,0
BRDA:101,17,0,0
BRDA:101,17,1,0
BRDA:112,18,0,0
BRDA:113,19,0,0
BRDA:113,19,1,0
BRDA:130,20,0,0
BRDA:133,21,0,0
BRDA:133,21,1,0
BRDA:133,22,0,0
BRDA:133,22,1,0
BRDA:133,22,2,0
BRDA:146,23,0,0
BRDA:148,24,0,0
BRDA:148,24,1,0
BRDA:148,25,0,0
BRDA:148,25,1,0
BRDA:148,25,2,0
BRDA:161,26,0,0
BRDA:164,27,0,0
BRDA:164,27,1,0
BRDA:164,28,0,0
BRDA:164,28,1,0
BRDA:180,29,0,0
BRDA:183,30,0,0
BRDA:183,30,1,0
BRDA:187,31,0,0
BRDA:187,31,1,0
BRDA:191,32,0,0
BRDA:191,32,1,0
BRDA:202,33,0,0
BRDA:204,34,0,0
BRDA:204,34,1,0
BRDA:204,35,0,0
BRDA:204,35,1,0
BRDA:204,35,2,0
BRDA:218,36,0,0
BRDA:219,37,0,179
BRDA:219,37,1,2
BRDA:222,38,0,2
BRDA:222,38,1,0
BRDA:226,39,0,0
BRDA:226,39,1,0
BRDA:234,40,0,0
BRDA:234,40,1,0
BRDA:235,41,0,0
BRDA:235,41,1,0
BRDA:238,42,0,0
BRDA:238,42,1,0
BRDA:245,43,0,0
BRDA:245,43,1,0
BRDA:248,44,0,0
BRDA:248,44,1,0
BRDA:255,45,0,0
BRDA:255,45,1,0
BRDA:263,46,0,0
BRDA:263,46,1,0
BRDA:287,47,0,0
BRDA:287,47,1,0
BRDA:296,48,0,0
BRDA:296,48,1,0
BRDA:300,49,0,0
BRDA:300,49,1,0
BRDA:300,50,0,0
BRDA:300,50,1,0
BRDA:300,50,2,0
BRDA:300,50,3,0
BRDA:300,51,0,0
BRDA:300,51,1,0
BRDA:300,52,0,0
BRDA:300,52,1,0
BRDA:301,53,0,0
BRDA:301,53,1,0
BRDA:301,54,0,0
BRDA:301,54,1,0
BRDA:308,55,0,0
BRDA:308,55,1,0
BRDA:311,56,0,0
BRDA:311,56,1,0
BRDA:320,57,0,0
BRDA:320,57,1,0
BRDA:322,58,0,0
BRDA:322,58,1,0
BRDA:334,59,0,0
BRDA:334,59,1,0
BRDA:339,60,0,0
BRDA:339,60,1,0
BRDA:344,61,0,0
BRDA:344,61,1,0
BRDA:349,62,0,0
BRDA:349,62,1,0
BRDA:351,63,0,0
BRDA:351,63,1,0
BRDA:358,64,0,0
BRDA:358,64,1,0
BRDA:368,65,0,0
BRDA:369,66,0,0
BRDA:369,66,1,0
BRDA:403,67,0,0
BRDA:403,68,0,0
BRDA:404,69,0,0
BRDA:404,69,1,0
BRDA:406,70,0,0
BRDA:406,70,1,0
BRDA:410,71,0,0
BRDA:410,71,1,0
BRDA:416,72,0,0
BRDA:416,72,1,0
BRDA:416,73,0,0
BRDA:416,73,1,0
BRDA:428,74,0,0
BRDA:429,75,0,0
BRDA:429,75,1,0
BRDA:440,76,0,0
BRDA:440,76,1,0
BRDA:445,77,0,0
BRDA:445,77,1,0
BRDA:449,78,0,0
BRDA:449,78,1,0
BRDA:453,79,0,0
BRDA:453,79,1,0
BRDA:453,80,0,0
BRDA:453,80,1,0
BRDA:454,81,0,0
BRDA:454,81,1,0
BRDA:457,82,0,0
BRDA:457,82,1,0
BRDA:457,83,0,0
BRDA:457,83,1,0
BRDA:457,83,2,0
BRDA:466,84,0,0
BRDA:466,84,1,0
BRDA:469,85,0,0
BRDA:469,85,1,0
BRDA:469,86,0,0
BRDA:469,86,1,0
BRDA:475,87,0,0
BRDA:475,87,1,0
BRDA:480,88,0,0
BRDA:480,88,1,0
BRDA:481,89,0,0
BRDA:481,89,1,0
BRDA:491,90,0,0
BRDA:491,90,1,0
BRDA:493,91,0,0
BRDA:493,91,1,0
BRDA:493,92,0,0
BRDA:493,92,1,0
BRDA:496,93,0,0
BRDA:496,93,1,0
BRDA:501,94,0,0
BRDA:501,94,1,0
BRDA:500,95,0,0
BRDA:500,95,1,0
BRDA:502,96,0,0
BRDA:502,96,1,0
BRDA:513,97,0,0
BRDA:513,97,1,0
BRDA:513,98,0,0
BRDA:513,98,1,0
BRDA:521,99,0,0
BRDA:521,99,1,0
BRDA:527,100,0,0
BRDA:527,100,1,0
BRDA:532,101,0,0
BRDA:532,101,1,0
BRDA:541,102,0,0
BRDA:541,102,1,0
BRDA:545,103,0,0
BRDA:545,103,1,0
BRDA:560,104,0,0
BRDA:560,104,1,0
BRDA:564,105,0,0
BRDA:564,105,1,0
BRDA:566,106,0,0
BRDA:566,106,1,0
BRDA:569,107,0,0
BRDA:569,107,1,0
BRDA:569,108,0,0
BRDA:569,108,1,0
BRDA:569,108,2,0
BRDA:573,109,0,0
BRDA:573,109,1,0
BRDA:576,110,0,0
BRDA:576,110,1,0
BRDA:608,111,0,0
BRDA:608,111,1,3
BRF:223
BRH:6
end_of_record
TN:
SF:src\turn.ts
FN:23,(anonymous_1)
FN:45,(anonymous_2)
FN:49,(anonymous_3)
FNF:3
FNH:1
FNDA:65702,(anonymous_1)
FNDA:0,(anonymous_2)
FNDA:0,(anonymous_3)
DA:2,1
DA:24,65702
DA:25,65702
DA:27,65702
DA:31,65702
DA:35,65702
DA:36,65702
DA:37,65702
DA:38,65702
DA:39,65702
DA:40,65702
DA:41,65702
DA:42,65702
DA:46,0
DA:50,0
DA:54,1
LF:16
LH:14
BRDA:46,0,0,0
BRDA:46,0,1,0
BRF:2
BRH:0
end_of_record
